{"meta": {"format": 3, "version": "7.12.0", "timestamp": "2025-12-25T19:46:07.577603", "branch_coverage": false, "show_contexts": false}, "files": {"project_management_automation/__init__.py": {"executed_lines": [1, 14, 27, 28, 30], "summary": {"covered_lines": 4, "num_statements": 4, "percent_covered": 100.0, "percent_covered_display": "100", "missing_lines": 0, "excluded_lines": 0, "percent_statements_covered": 100.0, "percent_statements_covered_display": "100"}, "missing_lines": [], "excluded_lines": [], "functions": {"": {"executed_lines": [1, 14, 27, 28, 30], "summary": {"covered_lines": 4, "num_statements": 4, "percent_covered": 100.0, "percent_covered_display": "100", "missing_lines": 0, "excluded_lines": 0, "percent_statements_covered": 100.0, "percent_statements_covered_display": "100"}, "missing_lines": [], "excluded_lines": []}}, "classes": {"": {"executed_lines": [1, 14, 27, 28, 30], "summary": {"covered_lines": 4, "num_statements": 4, "percent_covered": 100.0, "percent_covered_display": "100", "missing_lines": 0, "excluded_lines": 0, "percent_statements_covered": 100.0, "percent_statements_covered_display": "100"}, "missing_lines": [], "excluded_lines": []}}}, "project_management_automation/context_helpers.py": {"executed_lines": [1, 27, 28, 30, 36, 43, 65, 66, 76, 81, 87, 96, 105, 114, 123, 136, 146, 159, 180, 195, 227, 235, 243, 255, 256, 257, 259, 262, 263, 264, 265, 266, 269, 270, 271, 272, 273, 276, 314, 332, 362, 385, 394, 403, 412], "summary": {"covered_lines": 40, "num_statements": 153, "percent_covered": 26.143790849673202, "percent_covered_display": "26", "missing_lines": 113, "excluded_lines": 5, "percent_statements_covered": 26.143790849673202, "percent_statements_covered_display": "26"}, "missing_lines": [58, 59, 60, 61, 62, 77, 78, 79, 83, 84, 85, 89, 98, 99, 100, 101, 102, 107, 108, 109, 110, 111, 116, 117, 118, 119, 120, 125, 126, 127, 128, 129, 138, 139, 140, 141, 142, 143, 148, 149, 150, 151, 152, 170, 171, 172, 173, 174, 175, 176, 177, 182, 183, 184, 185, 186, 187, 188, 214, 215, 216, 217, 218, 219, 220, 229, 230, 231, 232, 237, 238, 239, 240, 245, 246, 247, 248, 300, 301, 302, 303, 307, 308, 311, 328, 329, 350, 351, 353, 354, 355, 372, 373, 374, 375, 376, 377, 378, 387, 388, 389, 390, 391, 396, 397, 398, 399, 400, 405, 406, 407, 408, 409], "excluded_lines": [30, 31, 32, 33, 34], "functions": {"report_progress": {"executed_lines": [], "summary": {"covered_lines": 0, "num_statements": 5, "percent_covered": 0.0, "percent_covered_display": "0", "missing_lines": 5, "excluded_lines": 0, "percent_statements_covered": 0.0, "percent_statements_covered_display": "0"}, "missing_lines": [58, 59, 60, 61, 62], "excluded_lines": []}, "ProgressTracker.__init__": {"executed_lines": [], "summary": {"covered_lines": 0, "num_statements": 3, "percent_covered": 0.0, "percent_covered_display": "0", "missing_lines": 3, "excluded_lines": 0, "percent_statements_covered": 0.0, "percent_statements_covered_display": "0"}, "missing_lines": [77, 78, 79], "excluded_lines": []}, "ProgressTracker.step": {"executed_lines": [], "summary": {"covered_lines": 0, "num_statements": 3, "percent_covered": 0.0, "percent_covered_display": "0", "missing_lines": 3, "excluded_lines": 0, "percent_statements_covered": 0.0, "percent_statements_covered_display": "0"}, "missing_lines": [83, 84, 85], "excluded_lines": []}, "ProgressTracker.set_progress": {"executed_lines": [], "summary": {"covered_lines": 0, "num_statements": 1, "percent_covered": 0.0, "percent_covered_display": "0", "missing_lines": 1, "excluded_lines": 0, "percent_statements_covered": 0.0, "percent_statements_covered_display": "0"}, "missing_lines": [89], "excluded_lines": []}, "log_info": {"executed_lines": [], "summary": {"covered_lines": 0, "num_statements": 5, "percent_covered": 0.0, "percent_covered_display": "0", "missing_lines": 5, "excluded_lines": 0, "percent_statements_covered": 0.0, "percent_statements_covered_display": "0"}, "missing_lines": [98, 99, 100, 101, 102], "excluded_lines": []}, "log_debug": {"executed_lines": [], "summary": {"covered_lines": 0, "num_statements": 5, "percent_covered": 0.0, "percent_covered_display": "0", "missing_lines": 5, "excluded_lines": 0, "percent_statements_covered": 0.0, "percent_statements_covered_display": "0"}, "missing_lines": [107, 108, 109, 110, 111], "excluded_lines": []}, "log_warning": {"executed_lines": [], "summary": {"covered_lines": 0, "num_statements": 5, "percent_covered": 0.0, "percent_covered_display": "0", "missing_lines": 5, "excluded_lines": 0, "percent_statements_covered": 0.0, "percent_statements_covered_display": "0"}, "missing_lines": [116, 117, 118, 119, 120], "excluded_lines": []}, "log_error": {"executed_lines": [], "summary": {"covered_lines": 0, "num_statements": 5, "percent_covered": 0.0, "percent_covered_display": "0", "missing_lines": 5, "excluded_lines": 0, "percent_statements_covered": 0.0, "percent_statements_covered_display": "0"}, "missing_lines": [125, 126, 127, 128, 129], "excluded_lines": []}, "get_state": {"executed_lines": [], "summary": {"covered_lines": 0, "num_statements": 6, "percent_covered": 0.0, "percent_covered_display": "0", "missing_lines": 6, "excluded_lines": 0, "percent_statements_covered": 0.0, "percent_statements_covered_display": "0"}, "missing_lines": [138, 139, 140, 141, 142, 143], "excluded_lines": []}, "set_state": {"executed_lines": [], "summary": {"covered_lines": 0, "num_statements": 5, "percent_covered": 0.0, "percent_covered_display": "0", "missing_lines": 5, "excluded_lines": 0, "percent_statements_covered": 0.0, "percent_statements_covered_display": "0"}, "missing_lines": [148, 149, 150, 151, 152], "excluded_lines": []}, "read_resource": {"executed_lines": [], "summary": {"covered_lines": 0, "num_statements": 8, "percent_covered": 0.0, "percent_covered_display": "0", "missing_lines": 8, "excluded_lines": 0, "percent_statements_covered": 0.0, "percent_statements_covered_display": "0"}, "missing_lines": [170, 171, 172, 173, 174, 175, 176, 177], "excluded_lines": []}, "list_resources": {"executed_lines": [], "summary": {"covered_lines": 0, "num_statements": 7, "percent_covered": 0.0, "percent_covered_display": "0", "missing_lines": 7, "excluded_lines": 0, "percent_statements_covered": 0.0, "percent_statements_covered_display": "0"}, "missing_lines": [182, 183, 184, 185, 186, 187, 188], "excluded_lines": []}, "sample_llm": {"executed_lines": [], "summary": {"covered_lines": 0, "num_statements": 7, "percent_covered": 0.0, "percent_covered_display": "0", "missing_lines": 7, "excluded_lines": 0, "percent_statements_covered": 0.0, "percent_statements_covered_display": "0"}, "missing_lines": [214, 215, 216, 217, 218, 219, 220], "excluded_lines": []}, "get_request_id": {"executed_lines": [], "summary": {"covered_lines": 0, "num_statements": 4, "percent_covered": 0.0, "percent_covered_display": "0", "missing_lines": 4, "excluded_lines": 0, "percent_statements_covered": 0.0, "percent_statements_covered_display": "0"}, "missing_lines": [229, 230, 231, 232], "excluded_lines": []}, "get_client_id": {"executed_lines": [], "summary": {"covered_lines": 0, "num_statements": 4, "percent_covered": 0.0, "percent_covered_display": "0", "missing_lines": 4, "excluded_lines": 0, "percent_statements_covered": 0.0, "percent_statements_covered_display": "0"}, "missing_lines": [237, 238, 239, 240], "excluded_lines": []}, "get_session_id": {"executed_lines": [], "summary": {"covered_lines": 0, "num_statements": 4, "percent_covered": 0.0, "percent_covered_display": "0", "missing_lines": 4, "excluded_lines": 0, "percent_statements_covered": 0.0, "percent_statements_covered_display": "0"}, "missing_lines": [245, 246, 247, 248], "excluded_lines": []}, "elicit": {"executed_lines": [], "summary": {"covered_lines": 0, "num_statements": 7, "percent_covered": 0.0, "percent_covered_display": "0", "missing_lines": 7, "excluded_lines": 0, "percent_statements_covered": 0.0, "percent_statements_covered_display": "0"}, "missing_lines": [300, 301, 302, 303, 307, 308, 311], "excluded_lines": []}, "elicit_confirmation": {"executed_lines": [], "summary": {"covered_lines": 0, "num_statements": 2, "percent_covered": 0.0, "percent_covered_display": "0", "missing_lines": 2, "excluded_lines": 0, "percent_statements_covered": 0.0, "percent_statements_covered_display": "0"}, "missing_lines": [328, 329], "excluded_lines": []}, "elicit_choice": {"executed_lines": [], "summary": {"covered_lines": 0, "num_statements": 5, "percent_covered": 0.0, "percent_covered_display": "0", "missing_lines": 5, "excluded_lines": 0, "percent_statements_covered": 0.0, "percent_statements_covered_display": "0"}, "missing_lines": [350, 351, 353, 354, 355], "excluded_lines": []}, "list_roots": {"executed_lines": [], "summary": {"covered_lines": 0, "num_statements": 7, "percent_covered": 0.0, "percent_covered_display": "0", "missing_lines": 7, "excluded_lines": 0, "percent_statements_covered": 0.0, "percent_statements_covered_display": "0"}, "missing_lines": [372, 373, 374, 375, 376, 377, 378], "excluded_lines": []}, "notify_tools_changed": {"executed_lines": [], "summary": {"covered_lines": 0, "num_statements": 5, "percent_covered": 0.0, "percent_covered_display": "0", "missing_lines": 5, "excluded_lines": 0, "percent_statements_covered": 0.0, "percent_statements_covered_display": "0"}, "missing_lines": [387, 388, 389, 390, 391], "excluded_lines": []}, "notify_resources_changed": {"executed_lines": [], "summary": {"covered_lines": 0, "num_statements": 5, "percent_covered": 0.0, "percent_covered_display": "0", "missing_lines": 5, "excluded_lines": 0, "percent_statements_covered": 0.0, "percent_statements_covered_display": "0"}, "missing_lines": [396, 397, 398, 399, 400], "excluded_lines": []}, "notify_prompts_changed": {"executed_lines": [], "summary": {"covered_lines": 0, "num_statements": 5, "percent_covered": 0.0, "percent_covered_display": "0", "missing_lines": 5, "excluded_lines": 0, "percent_statements_covered": 0.0, "percent_statements_covered_display": "0"}, "missing_lines": [405, 406, 407, 408, 409], "excluded_lines": []}, "": {"executed_lines": [1, 27, 28, 30, 36, 43, 65, 66, 76, 81, 87, 96, 105, 114, 123, 136, 146, 159, 180, 195, 227, 235, 243, 255, 256, 257, 259, 262, 263, 264, 265, 266, 269, 270, 271, 272, 273, 276, 314, 332, 362, 385, 394, 403, 412], "summary": {"covered_lines": 40, "num_statements": 40, "percent_covered": 100.0, "percent_covered_display": "100", "missing_lines": 0, "excluded_lines": 5, "percent_statements_covered": 100.0, "percent_statements_covered_display": "100"}, "missing_lines": [], "excluded_lines": [30, 31, 32, 33, 34]}}, "classes": {"ProgressTracker": {"executed_lines": [], "summary": {"covered_lines": 0, "num_statements": 7, "percent_covered": 0.0, "percent_covered_display": "0", "missing_lines": 7, "excluded_lines": 0, "percent_statements_covered": 0.0, "percent_statements_covered_display": "0"}, "missing_lines": [77, 78, 79, 83, 84, 85, 89], "excluded_lines": []}, "ElicitAction": {"executed_lines": [], "summary": {"covered_lines": 0, "num_statements": 0, "percent_covered": 100.0, "percent_covered_display": "100", "missing_lines": 0, "excluded_lines": 0, "percent_statements_covered": 100.0, "percent_statements_covered_display": "100"}, "missing_lines": [], "excluded_lines": []}, "ElicitResult": {"executed_lines": [], "summary": {"covered_lines": 0, "num_statements": 0, "percent_covered": 100.0, "percent_covered_display": "100", "missing_lines": 0, "excluded_lines": 0, "percent_statements_covered": 100.0, "percent_statements_covered_display": "100"}, "missing_lines": [], "excluded_lines": []}, "": {"executed_lines": [1, 27, 28, 30, 36, 43, 65, 66, 76, 81, 87, 96, 105, 114, 123, 136, 146, 159, 180, 195, 227, 235, 243, 255, 256, 257, 259, 262, 263, 264, 265, 266, 269, 270, 271, 272, 273, 276, 314, 332, 362, 385, 394, 403, 412], "summary": {"covered_lines": 40, "num_statements": 146, "percent_covered": 27.397260273972602, "percent_covered_display": "27", "missing_lines": 106, "excluded_lines": 5, "percent_statements_covered": 27.397260273972602, "percent_statements_covered_display": "27"}, "missing_lines": [58, 59, 60, 61, 62, 98, 99, 100, 101, 102, 107, 108, 109, 110, 111, 116, 117, 118, 119, 120, 125, 126, 127, 128, 129, 138, 139, 140, 141, 142, 143, 148, 149, 150, 151, 152, 170, 171, 172, 173, 174, 175, 176, 177, 182, 183, 184, 185, 186, 187, 188, 214, 215, 216, 217, 218, 219, 220, 229, 230, 231, 232, 237, 238, 239, 240, 245, 246, 247, 248, 300, 301, 302, 303, 307, 308, 311, 328, 329, 350, 351, 353, 354, 355, 372, 373, 374, 375, 376, 377, 378, 387, 388, 389, 390, 391, 396, 397, 398, 399, 400, 405, 406, 407, 408, 409], "excluded_lines": [30, 31, 32, 33, 34]}}}, "project_management_automation/interactive.py": {"executed_lines": [], "summary": {"covered_lines": 0, "num_statements": 74, "percent_covered": 0.0, "percent_covered_display": "0", "missing_lines": 74, "excluded_lines": 0, "percent_statements_covered": 0.0, "percent_statements_covered_display": "0"}, "missing_lines": [23, 24, 26, 29, 30, 31, 32, 33, 34, 36, 37, 38, 39, 40, 41, 43, 44, 45, 46, 47, 48, 50, 52, 53, 54, 57, 64, 67, 90, 91, 92, 94, 95, 100, 101, 102, 103, 106, 117, 118, 119, 121, 122, 123, 124, 127, 140, 141, 142, 144, 145, 146, 147, 148, 149, 152, 168, 169, 170, 172, 173, 178, 179, 180, 181, 184, 191, 192, 193, 195, 196, 197, 198, 201], "excluded_lines": [], "functions": {"is_available": {"executed_lines": [], "summary": {"covered_lines": 0, "num_statements": 1, "percent_covered": 0.0, "percent_covered_display": "0", "missing_lines": 1, "excluded_lines": 0, "percent_statements_covered": 0.0, "percent_statements_covered_display": "0"}, "missing_lines": [64], "excluded_lines": []}, "request_user_input": {"executed_lines": [], "summary": {"covered_lines": 0, "num_statements": 9, "percent_covered": 0.0, "percent_covered_display": "0", "missing_lines": 9, "excluded_lines": 0, "percent_statements_covered": 0.0, "percent_statements_covered_display": "0"}, "missing_lines": [90, 91, 92, 94, 95, 100, 101, 102, 103], "excluded_lines": []}, "message_complete_notification": {"executed_lines": [], "summary": {"covered_lines": 0, "num_statements": 7, "percent_covered": 0.0, "percent_covered_display": "0", "missing_lines": 7, "excluded_lines": 0, "percent_statements_covered": 0.0, "percent_statements_covered_display": "0"}, "missing_lines": [117, 118, 119, 121, 122, 123, 124], "excluded_lines": []}, "start_intensive_chat": {"executed_lines": [], "summary": {"covered_lines": 0, "num_statements": 9, "percent_covered": 0.0, "percent_covered_display": "0", "missing_lines": 9, "excluded_lines": 0, "percent_statements_covered": 0.0, "percent_statements_covered_display": "0"}, "missing_lines": [140, 141, 142, 144, 145, 146, 147, 148, 149], "excluded_lines": []}, "ask_intensive_chat": {"executed_lines": [], "summary": {"covered_lines": 0, "num_statements": 9, "percent_covered": 0.0, "percent_covered_display": "0", "missing_lines": 9, "excluded_lines": 0, "percent_statements_covered": 0.0, "percent_statements_covered_display": "0"}, "missing_lines": [168, 169, 170, 172, 173, 178, 179, 180, 181], "excluded_lines": []}, "stop_intensive_chat": {"executed_lines": [], "summary": {"covered_lines": 0, "num_statements": 7, "percent_covered": 0.0, "percent_covered_display": "0", "missing_lines": 7, "excluded_lines": 0, "percent_statements_covered": 0.0, "percent_statements_covered_display": "0"}, "missing_lines": [191, 192, 193, 195, 196, 197, 198], "excluded_lines": []}, "": {"executed_lines": [], "summary": {"covered_lines": 0, "num_statements": 32, "percent_covered": 0.0, "percent_covered_display": "0", "missing_lines": 32, "excluded_lines": 0, "percent_statements_covered": 0.0, "percent_statements_covered_display": "0"}, "missing_lines": [23, 24, 26, 29, 30, 31, 32, 33, 34, 36, 37, 38, 39, 40, 41, 43, 44, 45, 46, 47, 48, 50, 52, 53, 54, 57, 67, 106, 127, 152, 184, 201], "excluded_lines": []}}, "classes": {"": {"executed_lines": [], "summary": {"covered_lines": 0, "num_statements": 74, "percent_covered": 0.0, "percent_covered_display": "0", "missing_lines": 74, "excluded_lines": 0, "percent_statements_covered": 0.0, "percent_statements_covered_display": "0"}, "missing_lines": [23, 24, 26, 29, 30, 31, 32, 33, 34, 36, 37, 38, 39, 40, 41, 43, 44, 45, 46, 47, 48, 50, 52, 53, 54, 57, 64, 67, 90, 91, 92, 94, 95, 100, 101, 102, 103, 106, 117, 118, 119, 121, 122, 123, 124, 127, 140, 141, 142, 144, 145, 146, 147, 148, 149, 152, 168, 169, 170, 172, 173, 178, 179, 180, 181, 184, 191, 192, 193, 195, 196, 197, 198, 201], "excluded_lines": []}}}, "project_management_automation/lifespan.py": {"executed_lines": [1, 16, 17, 18, 19, 20, 22, 23, 24, 29, 32, 33, 39, 46, 47, 52, 55, 63, 73, 90, 97, 104, 124, 125, 231, 232, 248], "summary": {"covered_lines": 25, "num_statements": 121, "percent_covered": 20.66115702479339, "percent_covered_display": "21", "missing_lines": 96, "excluded_lines": 0, "percent_statements_covered": 20.66115702479339, "percent_statements_covered_display": "21"}, "missing_lines": [25, 26, 27, 40, 41, 42, 43, 44, 48, 58, 59, 60, 65, 66, 70, 75, 78, 81, 82, 83, 84, 85, 87, 92, 93, 94, 99, 100, 101, 106, 108, 109, 110, 112, 113, 114, 115, 116, 117, 118, 119, 121, 142, 148, 150, 152, 153, 154, 155, 156, 158, 159, 162, 163, 164, 165, 166, 167, 170, 171, 172, 173, 174, 175, 178, 179, 180, 181, 182, 183, 186, 187, 188, 189, 190, 191, 192, 194, 195, 198, 205, 206, 209, 210, 222, 225, 227, 234, 236, 237, 238, 239, 240, 242, 243, 245], "excluded_lines": [], "functions": {"ExarpState.__init__": {"executed_lines": [], "summary": {"covered_lines": 0, "num_statements": 5, "percent_covered": 0.0, "percent_covered_display": "0", "missing_lines": 5, "excluded_lines": 0, "percent_statements_covered": 0.0, "percent_statements_covered_display": "0"}, "missing_lines": [40, 41, 42, 43, 44], "excluded_lines": []}, "ExarpState.is_initialized": {"executed_lines": [], "summary": {"covered_lines": 0, "num_statements": 1, "percent_covered": 0.0, "percent_covered_display": "0", "missing_lines": 1, "excluded_lines": 0, "percent_statements_covered": 0.0, "percent_statements_covered_display": "0"}, "missing_lines": [48], "excluded_lines": []}, "get_app_state": {"executed_lines": [], "summary": {"covered_lines": 0, "num_statements": 3, "percent_covered": 0.0, "percent_covered_display": "0", "missing_lines": 3, "excluded_lines": 0, "percent_statements_covered": 0.0, "percent_statements_covered_display": "0"}, "missing_lines": [58, 59, 60], "excluded_lines": []}, "_init_project_root": {"executed_lines": [], "summary": {"covered_lines": 0, "num_statements": 3, "percent_covered": 0.0, "percent_covered_display": "0", "missing_lines": 3, "excluded_lines": 0, "percent_statements_covered": 0.0, "percent_statements_covered_display": "0"}, "missing_lines": [65, 66, 70], "excluded_lines": []}, "_init_todo2": {"executed_lines": [], "summary": {"covered_lines": 0, "num_statements": 8, "percent_covered": 0.0, "percent_covered_display": "0", "missing_lines": 8, "excluded_lines": 0, "percent_statements_covered": 0.0, "percent_statements_covered_display": "0"}, "missing_lines": [75, 78, 81, 82, 83, 84, 85, 87], "excluded_lines": []}, "_init_advisor_logs": {"executed_lines": [], "summary": {"covered_lines": 0, "num_statements": 3, "percent_covered": 0.0, "percent_covered_display": "0", "missing_lines": 3, "excluded_lines": 0, "percent_statements_covered": 0.0, "percent_statements_covered_display": "0"}, "missing_lines": [92, 93, 94], "excluded_lines": []}, "_init_memory": {"executed_lines": [], "summary": {"covered_lines": 0, "num_statements": 3, "percent_covered": 0.0, "percent_covered_display": "0", "missing_lines": 3, "excluded_lines": 0, "percent_statements_covered": 0.0, "percent_statements_covered_display": "0"}, "missing_lines": [99, 100, 101], "excluded_lines": []}, "_cleanup_old_logs": {"executed_lines": [], "summary": {"covered_lines": 0, "num_statements": 13, "percent_covered": 0.0, "percent_covered_display": "0", "missing_lines": 13, "excluded_lines": 0, "percent_statements_covered": 0.0, "percent_statements_covered_display": "0"}, "missing_lines": [106, 108, 109, 110, 112, 113, 114, 115, 116, 117, 118, 119, 121], "excluded_lines": []}, "exarp_lifespan": {"executed_lines": [], "summary": {"covered_lines": 0, "num_statements": 45, "percent_covered": 0.0, "percent_covered_display": "0", "missing_lines": 45, "excluded_lines": 0, "percent_statements_covered": 0.0, "percent_statements_covered_display": "0"}, "missing_lines": [142, 148, 150, 152, 153, 154, 155, 156, 158, 159, 162, 163, 164, 165, 166, 167, 170, 171, 172, 173, 174, 175, 178, 179, 180, 181, 182, 183, 186, 187, 188, 189, 190, 191, 192, 194, 195, 198, 205, 206, 209, 210, 222, 225, 227], "excluded_lines": []}, "basic_lifespan": {"executed_lines": [], "summary": {"covered_lines": 0, "num_statements": 9, "percent_covered": 0.0, "percent_covered_display": "0", "missing_lines": 9, "excluded_lines": 0, "percent_statements_covered": 0.0, "percent_statements_covered_display": "0"}, "missing_lines": [234, 236, 237, 238, 239, 240, 242, 243, 245], "excluded_lines": []}, "": {"executed_lines": [1, 16, 17, 18, 19, 20, 22, 23, 24, 29, 32, 33, 39, 46, 47, 52, 55, 63, 73, 90, 97, 104, 124, 125, 231, 232, 248], "summary": {"covered_lines": 25, "num_statements": 28, "percent_covered": 89.28571428571429, "percent_covered_display": "89", "missing_lines": 3, "excluded_lines": 0, "percent_statements_covered": 89.28571428571429, "percent_statements_covered_display": "89"}, "missing_lines": [25, 26, 27], "excluded_lines": []}}, "classes": {"ExarpState": {"executed_lines": [], "summary": {"covered_lines": 0, "num_statements": 6, "percent_covered": 0.0, "percent_covered_display": "0", "missing_lines": 6, "excluded_lines": 0, "percent_statements_covered": 0.0, "percent_statements_covered_display": "0"}, "missing_lines": [40, 41, 42, 43, 44, 48], "excluded_lines": []}, "": {"executed_lines": [1, 16, 17, 18, 19, 20, 22, 23, 24, 29, 32, 33, 39, 46, 47, 52, 55, 63, 73, 90, 97, 104, 124, 125, 231, 232, 248], "summary": {"covered_lines": 25, "num_statements": 115, "percent_covered": 21.73913043478261, "percent_covered_display": "22", "missing_lines": 90, "excluded_lines": 0, "percent_statements_covered": 21.73913043478261, "percent_statements_covered_display": "22"}, "missing_lines": [25, 26, 27, 58, 59, 60, 65, 66, 70, 75, 78, 81, 82, 83, 84, 85, 87, 92, 93, 94, 99, 100, 101, 106, 108, 109, 110, 112, 113, 114, 115, 116, 117, 118, 119, 121, 142, 148, 150, 152, 153, 154, 155, 156, 158, 159, 162, 163, 164, 165, 166, 167, 170, 171, 172, 173, 174, 175, 178, 179, 180, 181, 182, 183, 186, 187, 188, 189, 190, 191, 192, 194, 195, 198, 205, 206, 209, 210, 222, 225, 227, 234, 236, 237, 238, 239, 240, 242, 243, 245], "excluded_lines": []}}}, "project_management_automation/middleware/__init__.py": {"executed_lines": [], "summary": {"covered_lines": 0, "num_statements": 7, "percent_covered": 0.0, "percent_covered_display": "0", "missing_lines": 7, "excluded_lines": 0, "percent_statements_covered": 0.0, "percent_statements_covered_display": "0"}, "missing_lines": [26, 27, 28, 29, 30, 31, 33], "excluded_lines": [], "functions": {"": {"executed_lines": [], "summary": {"covered_lines": 0, "num_statements": 7, "percent_covered": 0.0, "percent_covered_display": "0", "missing_lines": 7, "excluded_lines": 0, "percent_statements_covered": 0.0, "percent_statements_covered_display": "0"}, "missing_lines": [26, 27, 28, 29, 30, 31, 33], "excluded_lines": []}}, "classes": {"": {"executed_lines": [], "summary": {"covered_lines": 0, "num_statements": 7, "percent_covered": 0.0, "percent_covered_display": "0", "missing_lines": 7, "excluded_lines": 0, "percent_statements_covered": 0.0, "percent_statements_covered_display": "0"}, "missing_lines": [26, 27, 28, 29, 30, 31, 33], "excluded_lines": []}}}, "project_management_automation/middleware/access_control.py": {"executed_lines": [], "summary": {"covered_lines": 0, "num_statements": 39, "percent_covered": 0.0, "percent_covered_display": "0", "missing_lines": 39, "excluded_lines": 0, "percent_statements_covered": 0.0, "percent_statements_covered_display": "0"}, "missing_lines": [7, 9, 10, 11, 12, 13, 14, 15, 16, 17, 20, 22, 23, 24, 25, 29, 68, 82, 98, 99, 100, 101, 103, 105, 107, 115, 116, 119, 122, 123, 125, 127, 129, 130, 133, 136, 137, 138, 144], "excluded_lines": [], "functions": {"AccessControlMiddleware.__init__": {"executed_lines": [], "summary": {"covered_lines": 0, "num_statements": 4, "percent_covered": 0.0, "percent_covered_display": "0", "missing_lines": 4, "excluded_lines": 0, "percent_statements_covered": 0.0, "percent_statements_covered_display": "0"}, "missing_lines": [98, 99, 100, 101], "excluded_lines": []}, "AccessControlMiddleware._get_required_level": {"executed_lines": [], "summary": {"covered_lines": 0, "num_statements": 1, "percent_covered": 0.0, "percent_covered_display": "0", "missing_lines": 1, "excluded_lines": 0, "percent_statements_covered": 0.0, "percent_statements_covered_display": "0"}, "missing_lines": [105], "excluded_lines": []}, "AccessControlMiddleware._can_execute": {"executed_lines": [], "summary": {"covered_lines": 0, "num_statements": 6, "percent_covered": 0.0, "percent_covered_display": "0", "missing_lines": 6, "excluded_lines": 0, "percent_statements_covered": 0.0, "percent_statements_covered_display": "0"}, "missing_lines": [115, 116, 119, 122, 123, 125], "excluded_lines": []}, "AccessControlMiddleware.on_call_tool": {"executed_lines": [], "summary": {"covered_lines": 0, "num_statements": 7, "percent_covered": 0.0, "percent_covered_display": "0", "missing_lines": 7, "excluded_lines": 0, "percent_statements_covered": 0.0, "percent_statements_covered_display": "0"}, "missing_lines": [129, 130, 133, 136, 137, 138, 144], "excluded_lines": []}, "": {"executed_lines": [], "summary": {"covered_lines": 0, "num_statements": 21, "percent_covered": 0.0, "percent_covered_display": "0", "missing_lines": 21, "excluded_lines": 0, "percent_statements_covered": 0.0, "percent_statements_covered_display": "0"}, "missing_lines": [7, 9, 10, 11, 12, 13, 14, 15, 16, 17, 20, 22, 23, 24, 25, 29, 68, 82, 103, 107, 127], "excluded_lines": []}}, "classes": {"AccessLevel": {"executed_lines": [], "summary": {"covered_lines": 0, "num_statements": 0, "percent_covered": 100.0, "percent_covered_display": "100", "missing_lines": 0, "excluded_lines": 0, "percent_statements_covered": 100.0, "percent_statements_covered_display": "100"}, "missing_lines": [], "excluded_lines": []}, "AccessControlMiddleware": {"executed_lines": [], "summary": {"covered_lines": 0, "num_statements": 18, "percent_covered": 0.0, "percent_covered_display": "0", "missing_lines": 18, "excluded_lines": 0, "percent_statements_covered": 0.0, "percent_statements_covered_display": "0"}, "missing_lines": [98, 99, 100, 101, 105, 115, 116, 119, 122, 123, 125, 129, 130, 133, 136, 137, 138, 144], "excluded_lines": []}, "": {"executed_lines": [], "summary": {"covered_lines": 0, "num_statements": 21, "percent_covered": 0.0, "percent_covered_display": "0", "missing_lines": 21, "excluded_lines": 0, "percent_statements_covered": 0.0, "percent_statements_covered_display": "0"}, "missing_lines": [7, 9, 10, 11, 12, 13, 14, 15, 16, 17, 20, 22, 23, 24, 25, 29, 68, 82, 103, 107, 127], "excluded_lines": []}}}, "project_management_automation/middleware/logging_middleware.py": {"executed_lines": [], "summary": {"covered_lines": 0, "num_statements": 80, "percent_covered": 0.0, "percent_covered_display": "0", "missing_lines": 80, "excluded_lines": 0, "percent_statements_covered": 0.0, "percent_statements_covered_display": "0"}, "missing_lines": [7, 8, 9, 11, 12, 13, 14, 15, 16, 17, 18, 19, 21, 24, 37, 53, 54, 55, 56, 58, 60, 61, 63, 64, 65, 66, 69, 70, 71, 72, 73, 75, 77, 78, 79, 80, 82, 85, 86, 87, 88, 91, 92, 93, 94, 95, 98, 99, 100, 101, 104, 106, 107, 109, 110, 111, 112, 113, 115, 116, 118, 119, 120, 121, 122, 123, 125, 127, 128, 130, 131, 133, 134, 135, 136, 137, 138, 139, 140, 141], "excluded_lines": [], "functions": {"LoggingMiddleware.__init__": {"executed_lines": [], "summary": {"covered_lines": 0, "num_statements": 4, "percent_covered": 0.0, "percent_covered_display": "0", "missing_lines": 4, "excluded_lines": 0, "percent_statements_covered": 0.0, "percent_statements_covered_display": "0"}, "missing_lines": [53, 54, 55, 56], "excluded_lines": []}, "LoggingMiddleware.on_call_tool": {"executed_lines": [], "summary": {"covered_lines": 0, "num_statements": 46, "percent_covered": 0.0, "percent_covered_display": "0", "missing_lines": 46, "excluded_lines": 0, "percent_statements_covered": 0.0, "percent_statements_covered_display": "0"}, "missing_lines": [60, 61, 63, 64, 65, 66, 69, 70, 71, 72, 73, 75, 77, 78, 79, 80, 82, 85, 86, 87, 88, 91, 92, 93, 94, 95, 98, 99, 100, 101, 104, 106, 107, 109, 110, 111, 112, 113, 115, 116, 118, 119, 120, 121, 122, 123], "excluded_lines": []}, "LoggingMiddleware.on_request": {"executed_lines": [], "summary": {"covered_lines": 0, "num_statements": 13, "percent_covered": 0.0, "percent_covered_display": "0", "missing_lines": 13, "excluded_lines": 0, "percent_statements_covered": 0.0, "percent_statements_covered_display": "0"}, "missing_lines": [127, 128, 130, 131, 133, 134, 135, 136, 137, 138, 139, 140, 141], "excluded_lines": []}, "": {"executed_lines": [], "summary": {"covered_lines": 0, "num_statements": 17, "percent_covered": 0.0, "percent_covered_display": "0", "missing_lines": 17, "excluded_lines": 0, "percent_statements_covered": 0.0, "percent_statements_covered_display": "0"}, "missing_lines": [7, 8, 9, 11, 12, 13, 14, 15, 16, 17, 18, 19, 21, 24, 37, 58, 125], "excluded_lines": []}}, "classes": {"LoggingMiddleware": {"executed_lines": [], "summary": {"covered_lines": 0, "num_statements": 63, "percent_covered": 0.0, "percent_covered_display": "0", "missing_lines": 63, "excluded_lines": 0, "percent_statements_covered": 0.0, "percent_statements_covered_display": "0"}, "missing_lines": [53, 54, 55, 56, 60, 61, 63, 64, 65, 66, 69, 70, 71, 72, 73, 75, 77, 78, 79, 80, 82, 85, 86, 87, 88, 91, 92, 93, 94, 95, 98, 99, 100, 101, 104, 106, 107, 109, 110, 111, 112, 113, 115, 116, 118, 119, 120, 121, 122, 123, 127, 128, 130, 131, 133, 134, 135, 136, 137, 138, 139, 140, 141], "excluded_lines": []}, "": {"executed_lines": [], "summary": {"covered_lines": 0, "num_statements": 17, "percent_covered": 0.0, "percent_covered_display": "0", "missing_lines": 17, "excluded_lines": 0, "percent_statements_covered": 0.0, "percent_statements_covered_display": "0"}, "missing_lines": [7, 8, 9, 11, 12, 13, 14, 15, 16, 17, 18, 19, 21, 24, 37, 58, 125], "excluded_lines": []}}}, "project_management_automation/middleware/path_validation.py": {"executed_lines": [], "summary": {"covered_lines": 0, "num_statements": 54, "percent_covered": 0.0, "percent_covered_display": "0", "missing_lines": 54, "excluded_lines": 0, "percent_statements_covered": 0.0, "percent_statements_covered_display": "0"}, "missing_lines": [7, 8, 9, 11, 12, 13, 14, 15, 16, 17, 18, 19, 22, 37, 45, 61, 62, 63, 72, 73, 75, 77, 78, 80, 82, 83, 88, 90, 91, 93, 100, 101, 103, 104, 107, 108, 110, 113, 114, 117, 118, 120, 122, 123, 125, 127, 128, 131, 134, 135, 136, 137, 138, 144], "excluded_lines": [], "functions": {"PathValidationMiddleware.__init__": {"executed_lines": [], "summary": {"covered_lines": 0, "num_statements": 5, "percent_covered": 0.0, "percent_covered_display": "0", "missing_lines": 5, "excluded_lines": 0, "percent_statements_covered": 0.0, "percent_statements_covered_display": "0"}, "missing_lines": [61, 62, 63, 72, 73], "excluded_lines": []}, "PathValidationMiddleware._is_path_argument": {"executed_lines": [], "summary": {"covered_lines": 0, "num_statements": 2, "percent_covered": 0.0, "percent_covered_display": "0", "missing_lines": 2, "excluded_lines": 0, "percent_statements_covered": 0.0, "percent_statements_covered_display": "0"}, "missing_lines": [77, 78], "excluded_lines": []}, "PathValidationMiddleware._is_within_boundary": {"executed_lines": [], "summary": {"covered_lines": 0, "num_statements": 2, "percent_covered": 0.0, "percent_covered_display": "0", "missing_lines": 2, "excluded_lines": 0, "percent_statements_covered": 0.0, "percent_statements_covered_display": "0"}, "missing_lines": [82, 83], "excluded_lines": []}, "PathValidationMiddleware._is_blocked": {"executed_lines": [], "summary": {"covered_lines": 0, "num_statements": 2, "percent_covered": 0.0, "percent_covered_display": "0", "missing_lines": 2, "excluded_lines": 0, "percent_statements_covered": 0.0, "percent_statements_covered_display": "0"}, "missing_lines": [90, 91], "excluded_lines": []}, "PathValidationMiddleware._validate_path": {"executed_lines": [], "summary": {"covered_lines": 0, "num_statements": 14, "percent_covered": 0.0, "percent_covered_display": "0", "missing_lines": 14, "excluded_lines": 0, "percent_statements_covered": 0.0, "percent_statements_covered_display": "0"}, "missing_lines": [100, 101, 103, 104, 107, 108, 110, 113, 114, 117, 118, 120, 122, 123], "excluded_lines": []}, "PathValidationMiddleware.on_call_tool": {"executed_lines": [], "summary": {"covered_lines": 0, "num_statements": 9, "percent_covered": 0.0, "percent_covered_display": "0", "missing_lines": 9, "excluded_lines": 0, "percent_statements_covered": 0.0, "percent_statements_covered_display": "0"}, "missing_lines": [127, 128, 131, 134, 135, 136, 137, 138, 144], "excluded_lines": []}, "": {"executed_lines": [], "summary": {"covered_lines": 0, "num_statements": 20, "percent_covered": 0.0, "percent_covered_display": "0", "missing_lines": 20, "excluded_lines": 0, "percent_statements_covered": 0.0, "percent_statements_covered_display": "0"}, "missing_lines": [7, 8, 9, 11, 12, 13, 14, 15, 16, 17, 18, 19, 22, 37, 45, 75, 80, 88, 93, 125], "excluded_lines": []}}, "classes": {"PathValidationMiddleware": {"executed_lines": [], "summary": {"covered_lines": 0, "num_statements": 34, "percent_covered": 0.0, "percent_covered_display": "0", "missing_lines": 34, "excluded_lines": 0, "percent_statements_covered": 0.0, "percent_statements_covered_display": "0"}, "missing_lines": [61, 62, 63, 72, 73, 77, 78, 82, 83, 90, 91, 100, 101, 103, 104, 107, 108, 110, 113, 114, 117, 118, 120, 122, 123, 127, 128, 131, 134, 135, 136, 137, 138, 144], "excluded_lines": []}, "": {"executed_lines": [], "summary": {"covered_lines": 0, "num_statements": 20, "percent_covered": 0.0, "percent_covered_display": "0", "missing_lines": 20, "excluded_lines": 0, "percent_statements_covered": 0.0, "percent_statements_covered_display": "0"}, "missing_lines": [7, 8, 9, 11, 12, 13, 14, 15, 16, 17, 18, 19, 22, 37, 45, 75, 80, 88, 93, 125], "excluded_lines": []}}}, "project_management_automation/middleware/rate_limit.py": {"executed_lines": [], "summary": {"covered_lines": 0, "num_statements": 46, "percent_covered": 0.0, "percent_covered_display": "0", "missing_lines": 46, "excluded_lines": 0, "percent_statements_covered": 0.0, "percent_statements_covered_display": "0"}, "missing_lines": [7, 8, 9, 11, 12, 13, 14, 15, 17, 18, 19, 20, 23, 37, 53, 54, 55, 56, 57, 61, 63, 64, 65, 66, 68, 75, 76, 79, 80, 84, 87, 88, 89, 91, 92, 94, 96, 97, 100, 103, 104, 107, 108, 110, 111, 117], "excluded_lines": [], "functions": {"RateLimitMiddleware.__init__": {"executed_lines": [], "summary": {"covered_lines": 0, "num_statements": 5, "percent_covered": 0.0, "percent_covered_display": "0", "missing_lines": 5, "excluded_lines": 0, "percent_statements_covered": 0.0, "percent_statements_covered_display": "0"}, "missing_lines": [53, 54, 55, 56, 57], "excluded_lines": []}, "RateLimitMiddleware._get_bucket_key": {"executed_lines": [], "summary": {"covered_lines": 0, "num_statements": 4, "percent_covered": 0.0, "percent_covered_display": "0", "missing_lines": 4, "excluded_lines": 0, "percent_statements_covered": 0.0, "percent_statements_covered_display": "0"}, "missing_lines": [63, 64, 65, 66], "excluded_lines": []}, "RateLimitMiddleware._check_rate_limit": {"executed_lines": [], "summary": {"covered_lines": 0, "num_statements": 10, "percent_covered": 0.0, "percent_covered_display": "0", "missing_lines": 10, "excluded_lines": 0, "percent_statements_covered": 0.0, "percent_statements_covered_display": "0"}, "missing_lines": [75, 76, 79, 80, 84, 87, 88, 89, 91, 92], "excluded_lines": []}, "RateLimitMiddleware.on_call_tool": {"executed_lines": [], "summary": {"covered_lines": 0, "num_statements": 10, "percent_covered": 0.0, "percent_covered_display": "0", "missing_lines": 10, "excluded_lines": 0, "percent_statements_covered": 0.0, "percent_statements_covered_display": "0"}, "missing_lines": [96, 97, 100, 103, 104, 107, 108, 110, 111, 117], "excluded_lines": []}, "": {"executed_lines": [], "summary": {"covered_lines": 0, "num_statements": 17, "percent_covered": 0.0, "percent_covered_display": "0", "missing_lines": 17, "excluded_lines": 0, "percent_statements_covered": 0.0, "percent_statements_covered_display": "0"}, "missing_lines": [7, 8, 9, 11, 12, 13, 14, 15, 17, 18, 19, 20, 23, 37, 61, 68, 94], "excluded_lines": []}}, "classes": {"RateLimitMiddleware": {"executed_lines": [], "summary": {"covered_lines": 0, "num_statements": 29, "percent_covered": 0.0, "percent_covered_display": "0", "missing_lines": 29, "excluded_lines": 0, "percent_statements_covered": 0.0, "percent_statements_covered_display": "0"}, "missing_lines": [53, 54, 55, 56, 57, 63, 64, 65, 66, 75, 76, 79, 80, 84, 87, 88, 89, 91, 92, 96, 97, 100, 103, 104, 107, 108, 110, 111, 117], "excluded_lines": []}, "": {"executed_lines": [], "summary": {"covered_lines": 0, "num_statements": 17, "percent_covered": 0.0, "percent_covered_display": "0", "missing_lines": 17, "excluded_lines": 0, "percent_statements_covered": 0.0, "percent_statements_covered_display": "0"}, "missing_lines": [7, 8, 9, 11, 12, 13, 14, 15, 17, 18, 19, 20, 23, 37, 61, 68, 94], "excluded_lines": []}}}, "project_management_automation/middleware/security.py": {"executed_lines": [], "summary": {"covered_lines": 0, "num_statements": 43, "percent_covered": 0.0, "percent_covered_display": "0", "missing_lines": 43, "excluded_lines": 0, "percent_statements_covered": 0.0, "percent_statements_covered_display": "0"}, "missing_lines": [7, 8, 10, 11, 12, 13, 14, 15, 16, 17, 18, 20, 21, 22, 25, 27, 30, 45, 79, 86, 92, 99, 101, 102, 105, 109, 110, 113, 117, 118, 121, 125, 126, 129, 132, 133, 135, 137, 138, 140, 142, 143, 145], "excluded_lines": [], "functions": {"_dummy_continue": {"executed_lines": [], "summary": {"covered_lines": 0, "num_statements": 1, "percent_covered": 0.0, "percent_covered_display": "0", "missing_lines": 1, "excluded_lines": 0, "percent_statements_covered": 0.0, "percent_statements_covered_display": "0"}, "missing_lines": [27], "excluded_lines": []}, "SecurityMiddleware.__init__": {"executed_lines": [], "summary": {"covered_lines": 0, "num_statements": 3, "percent_covered": 0.0, "percent_covered_display": "0", "missing_lines": 3, "excluded_lines": 0, "percent_statements_covered": 0.0, "percent_statements_covered_display": "0"}, "missing_lines": [79, 86, 92], "excluded_lines": []}, "SecurityMiddleware.on_call_tool": {"executed_lines": [], "summary": {"covered_lines": 0, "num_statements": 12, "percent_covered": 0.0, "percent_covered_display": "0", "missing_lines": 12, "excluded_lines": 0, "percent_statements_covered": 0.0, "percent_statements_covered_display": "0"}, "missing_lines": [101, 102, 105, 109, 110, 113, 117, 118, 121, 125, 126, 129], "excluded_lines": []}, "SecurityMiddleware.rate_limiter": {"executed_lines": [], "summary": {"covered_lines": 0, "num_statements": 1, "percent_covered": 0.0, "percent_covered_display": "0", "missing_lines": 1, "excluded_lines": 0, "percent_statements_covered": 0.0, "percent_statements_covered_display": "0"}, "missing_lines": [135], "excluded_lines": []}, "SecurityMiddleware.path_validator": {"executed_lines": [], "summary": {"covered_lines": 0, "num_statements": 1, "percent_covered": 0.0, "percent_covered_display": "0", "missing_lines": 1, "excluded_lines": 0, "percent_statements_covered": 0.0, "percent_statements_covered_display": "0"}, "missing_lines": [140], "excluded_lines": []}, "SecurityMiddleware.access_controller": {"executed_lines": [], "summary": {"covered_lines": 0, "num_statements": 1, "percent_covered": 0.0, "percent_covered_display": "0", "missing_lines": 1, "excluded_lines": 0, "percent_statements_covered": 0.0, "percent_statements_covered_display": "0"}, "missing_lines": [145], "excluded_lines": []}, "": {"executed_lines": [], "summary": {"covered_lines": 0, "num_statements": 24, "percent_covered": 0.0, "percent_covered_display": "0", "missing_lines": 24, "excluded_lines": 0, "percent_statements_covered": 0.0, "percent_statements_covered_display": "0"}, "missing_lines": [7, 8, 10, 11, 12, 13, 14, 15, 16, 17, 18, 20, 21, 22, 25, 30, 45, 99, 132, 133, 137, 138, 142, 143], "excluded_lines": []}}, "classes": {"SecurityMiddleware": {"executed_lines": [], "summary": {"covered_lines": 0, "num_statements": 18, "percent_covered": 0.0, "percent_covered_display": "0", "missing_lines": 18, "excluded_lines": 0, "percent_statements_covered": 0.0, "percent_statements_covered_display": "0"}, "missing_lines": [79, 86, 92, 101, 102, 105, 109, 110, 113, 117, 118, 121, 125, 126, 129, 135, 140, 145], "excluded_lines": []}, "": {"executed_lines": [], "summary": {"covered_lines": 0, "num_statements": 25, "percent_covered": 0.0, "percent_covered_display": "0", "missing_lines": 25, "excluded_lines": 0, "percent_statements_covered": 0.0, "percent_statements_covered_display": "0"}, "missing_lines": [7, 8, 10, 11, 12, 13, 14, 15, 16, 17, 18, 20, 21, 22, 25, 27, 30, 45, 99, 132, 133, 137, 138, 142, 143], "excluded_lines": []}}}, "project_management_automation/middleware/tool_filter.py": {"executed_lines": [], "summary": {"covered_lines": 0, "num_statements": 56, "percent_covered": 0.0, "percent_covered_display": "0", "missing_lines": 56, "excluded_lines": 0, "percent_statements_covered": 0.0, "percent_statements_covered_display": "0"}, "missing_lines": [14, 15, 17, 20, 33, 40, 41, 42, 44, 56, 59, 60, 63, 66, 67, 69, 71, 74, 75, 76, 79, 80, 81, 84, 85, 87, 89, 91, 92, 94, 96, 97, 99, 102, 107, 108, 109, 110, 116, 118, 119, 120, 121, 123, 125, 127, 134, 136, 140, 151, 152, 154, 155, 159, 160, 163], "excluded_lines": [], "functions": {"ToolFilterMiddleware.__init__": {"executed_lines": [], "summary": {"covered_lines": 0, "num_statements": 3, "percent_covered": 0.0, "percent_covered_display": "0", "missing_lines": 3, "excluded_lines": 0, "percent_statements_covered": 0.0, "percent_statements_covered_display": "0"}, "missing_lines": [40, 41, 42], "excluded_lines": []}, "ToolFilterMiddleware.__call__": {"executed_lines": [], "summary": {"covered_lines": 0, "num_statements": 7, "percent_covered": 0.0, "percent_covered_display": "0", "missing_lines": 7, "excluded_lines": 0, "percent_statements_covered": 0.0, "percent_statements_covered_display": "0"}, "missing_lines": [56, 59, 60, 63, 66, 67, 69], "excluded_lines": []}, "ToolFilterMiddleware._is_tools_list_response": {"executed_lines": [], "summary": {"covered_lines": 0, "num_statements": 9, "percent_covered": 0.0, "percent_covered_display": "0", "missing_lines": 9, "excluded_lines": 0, "percent_statements_covered": 0.0, "percent_statements_covered_display": "0"}, "missing_lines": [74, 75, 76, 79, 80, 81, 84, 85, 87], "excluded_lines": []}, "ToolFilterMiddleware._filter_tools_response": {"executed_lines": [], "summary": {"covered_lines": 0, "num_statements": 17, "percent_covered": 0.0, "percent_covered_display": "0", "missing_lines": 17, "excluded_lines": 0, "percent_statements_covered": 0.0, "percent_statements_covered_display": "0"}, "missing_lines": [91, 92, 94, 96, 97, 99, 102, 107, 108, 109, 110, 116, 118, 119, 120, 121, 123], "excluded_lines": []}, "ToolFilterMiddleware.get_stats": {"executed_lines": [], "summary": {"covered_lines": 0, "num_statements": 1, "percent_covered": 0.0, "percent_covered_display": "0", "missing_lines": 1, "excluded_lines": 0, "percent_statements_covered": 0.0, "percent_statements_covered_display": "0"}, "missing_lines": [127], "excluded_lines": []}, "create_tool_filter_middleware": {"executed_lines": [], "summary": {"covered_lines": 0, "num_statements": 1, "percent_covered": 0.0, "percent_covered_display": "0", "missing_lines": 1, "excluded_lines": 0, "percent_statements_covered": 0.0, "percent_statements_covered_display": "0"}, "missing_lines": [136], "excluded_lines": []}, "filter_tools_by_visibility": {"executed_lines": [], "summary": {"covered_lines": 0, "num_statements": 6, "percent_covered": 0.0, "percent_covered_display": "0", "missing_lines": 6, "excluded_lines": 0, "percent_statements_covered": 0.0, "percent_statements_covered_display": "0"}, "missing_lines": [151, 152, 154, 155, 159, 160], "excluded_lines": []}, "": {"executed_lines": [], "summary": {"covered_lines": 0, "num_statements": 12, "percent_covered": 0.0, "percent_covered_display": "0", "missing_lines": 12, "excluded_lines": 0, "percent_statements_covered": 0.0, "percent_statements_covered_display": "0"}, "missing_lines": [14, 15, 17, 20, 33, 44, 71, 89, 125, 134, 140, 163], "excluded_lines": []}}, "classes": {"ToolFilterMiddleware": {"executed_lines": [], "summary": {"covered_lines": 0, "num_statements": 37, "percent_covered": 0.0, "percent_covered_display": "0", "missing_lines": 37, "excluded_lines": 0, "percent_statements_covered": 0.0, "percent_statements_covered_display": "0"}, "missing_lines": [40, 41, 42, 56, 59, 60, 63, 66, 67, 69, 74, 75, 76, 79, 80, 81, 84, 85, 87, 91, 92, 94, 96, 97, 99, 102, 107, 108, 109, 110, 116, 118, 119, 120, 121, 123, 127], "excluded_lines": []}, "": {"executed_lines": [], "summary": {"covered_lines": 0, "num_statements": 19, "percent_covered": 0.0, "percent_covered_display": "0", "missing_lines": 19, "excluded_lines": 0, "percent_statements_covered": 0.0, "percent_statements_covered_display": "0"}, "missing_lines": [14, 15, 17, 20, 33, 44, 71, 89, 125, 134, 136, 140, 151, 152, 154, 155, 159, 160, 163], "excluded_lines": []}}}, "project_management_automation/naming.py": {"executed_lines": [], "summary": {"covered_lines": 0, "num_statements": 29, "percent_covered": 0.0, "percent_covered_display": "0", "missing_lines": 29, "excluded_lines": 0, "percent_statements_covered": 0.0, "percent_statements_covered_display": "0"}, "missing_lines": [46, 57, 60, 85, 88, 90, 93, 95, 98, 100, 103, 105, 108, 115, 143, 144, 147, 148, 149, 150, 151, 152, 153, 154, 155, 156, 158, 161, 163], "excluded_lines": [], "functions": {"get_canonical_tool_name": {"executed_lines": [], "summary": {"covered_lines": 0, "num_statements": 1, "percent_covered": 0.0, "percent_covered_display": "0", "missing_lines": 1, "excluded_lines": 0, "percent_statements_covered": 0.0, "percent_statements_covered_display": "0"}, "missing_lines": [90], "excluded_lines": []}, "get_tool_alias": {"executed_lines": [], "summary": {"covered_lines": 0, "num_statements": 1, "percent_covered": 0.0, "percent_covered_display": "0", "missing_lines": 1, "excluded_lines": 0, "percent_statements_covered": 0.0, "percent_statements_covered_display": "0"}, "missing_lines": [95], "excluded_lines": []}, "get_canonical_prompt_name": {"executed_lines": [], "summary": {"covered_lines": 0, "num_statements": 1, "percent_covered": 0.0, "percent_covered_display": "0", "missing_lines": 1, "excluded_lines": 0, "percent_statements_covered": 0.0, "percent_statements_covered_display": "0"}, "missing_lines": [100], "excluded_lines": []}, "get_prompt_alias": {"executed_lines": [], "summary": {"covered_lines": 0, "num_statements": 1, "percent_covered": 0.0, "percent_covered_display": "0", "missing_lines": 1, "excluded_lines": 0, "percent_statements_covered": 0.0, "percent_statements_covered_display": "0"}, "missing_lines": [105], "excluded_lines": []}, "validate_tool_name": {"executed_lines": [], "summary": {"covered_lines": 0, "num_statements": 14, "percent_covered": 0.0, "percent_covered_display": "0", "missing_lines": 14, "excluded_lines": 0, "percent_statements_covered": 0.0, "percent_statements_covered_display": "0"}, "missing_lines": [115, 143, 144, 147, 148, 149, 150, 151, 152, 153, 154, 155, 156, 158], "excluded_lines": []}, "list_all_conventions": {"executed_lines": [], "summary": {"covered_lines": 0, "num_statements": 1, "percent_covered": 0.0, "percent_covered_display": "0", "missing_lines": 1, "excluded_lines": 0, "percent_statements_covered": 0.0, "percent_statements_covered_display": "0"}, "missing_lines": [163], "excluded_lines": []}, "": {"executed_lines": [], "summary": {"covered_lines": 0, "num_statements": 10, "percent_covered": 0.0, "percent_covered_display": "0", "missing_lines": 10, "excluded_lines": 0, "percent_statements_covered": 0.0, "percent_statements_covered_display": "0"}, "missing_lines": [46, 57, 60, 85, 88, 93, 98, 103, 108, 161], "excluded_lines": []}}, "classes": {"": {"executed_lines": [], "summary": {"covered_lines": 0, "num_statements": 29, "percent_covered": 0.0, "percent_covered_display": "0", "missing_lines": 29, "excluded_lines": 0, "percent_statements_covered": 0.0, "percent_statements_covered_display": "0"}, "missing_lines": [46, 57, 60, 85, 88, 90, 93, 95, 98, 100, 103, 105, 108, 115, 143, 144, 147, 148, 149, 150, 151, 152, 153, 154, 155, 156, 158, 161, 163], "excluded_lines": []}}}, "project_management_automation/resources/__init__.py": {"executed_lines": [], "summary": {"covered_lines": 0, "num_statements": 7, "percent_covered": 0.0, "percent_covered_display": "0", "missing_lines": 7, "excluded_lines": 0, "percent_statements_covered": 0.0, "percent_statements_covered_display": "0"}, "missing_lines": [12, 19, 27, 36, 48, 60, 66], "excluded_lines": [], "functions": {"": {"executed_lines": [], "summary": {"covered_lines": 0, "num_statements": 7, "percent_covered": 0.0, "percent_covered_display": "0", "missing_lines": 7, "excluded_lines": 0, "percent_statements_covered": 0.0, "percent_statements_covered_display": "0"}, "missing_lines": [12, 19, 27, 36, 48, 60, 66], "excluded_lines": []}}, "classes": {"": {"executed_lines": [], "summary": {"covered_lines": 0, "num_statements": 7, "percent_covered": 0.0, "percent_covered_display": "0", "missing_lines": 7, "excluded_lines": 0, "percent_statements_covered": 0.0, "percent_statements_covered_display": "0"}, "missing_lines": [12, 19, 27, 36, 48, 60, 66], "excluded_lines": []}}}, "project_management_automation/resources/assignees.py": {"executed_lines": [], "summary": {"covered_lines": 0, "num_statements": 101, "percent_covered": 0.0, "percent_covered_display": "0", "missing_lines": 101, "excluded_lines": 0, "percent_statements_covered": 0.0, "percent_statements_covered_display": "0"}, "missing_lines": [15, 16, 17, 19, 30, 33, 40, 41, 42, 45, 47, 48, 49, 50, 52, 53, 54, 56, 57, 66, 67, 68, 69, 76, 77, 79, 96, 98, 99, 100, 107, 114, 117, 126, 129, 136, 137, 138, 140, 141, 142, 143, 152, 153, 154, 155, 156, 157, 159, 166, 167, 168, 174, 184, 185, 186, 189, 190, 191, 192, 193, 203, 212, 213, 214, 221, 228, 229, 232, 238, 239, 240, 241, 242, 245, 249, 250, 251, 253, 255, 256, 258, 260, 261, 263, 265, 266, 268, 270, 271, 273, 275, 276, 278, 280, 281, 283, 285, 287, 288, 291], "excluded_lines": [], "functions": {"get_all_assignees_resource": {"executed_lines": [], "summary": {"covered_lines": 0, "num_statements": 24, "percent_covered": 0.0, "percent_covered_display": "0", "missing_lines": 24, "excluded_lines": 0, "percent_statements_covered": 0.0, "percent_statements_covered_display": "0"}, "missing_lines": [40, 41, 42, 45, 47, 48, 49, 50, 52, 53, 54, 56, 57, 66, 67, 68, 69, 76, 77, 79, 96, 98, 99, 100], "excluded_lines": []}, "get_workload_resource": {"executed_lines": [], "summary": {"covered_lines": 0, "num_statements": 1, "percent_covered": 0.0, "percent_covered_display": "0", "missing_lines": 1, "excluded_lines": 0, "percent_statements_covered": 0.0, "percent_statements_covered_display": "0"}, "missing_lines": [114], "excluded_lines": []}, "get_tasks_for_assignee_resource": {"executed_lines": [], "summary": {"covered_lines": 0, "num_statements": 1, "percent_covered": 0.0, "percent_covered_display": "0", "missing_lines": 1, "excluded_lines": 0, "percent_statements_covered": 0.0, "percent_statements_covered_display": "0"}, "missing_lines": [126], "excluded_lines": []}, "get_unassigned_tasks_resource": {"executed_lines": [], "summary": {"covered_lines": 0, "num_statements": 17, "percent_covered": 0.0, "percent_covered_display": "0", "missing_lines": 17, "excluded_lines": 0, "percent_statements_covered": 0.0, "percent_statements_covered_display": "0"}, "missing_lines": [136, 137, 138, 140, 141, 142, 143, 152, 153, 154, 155, 156, 157, 159, 166, 167, 168], "excluded_lines": []}, "get_tasks_for_host_resource": {"executed_lines": [], "summary": {"covered_lines": 0, "num_statements": 12, "percent_covered": 0.0, "percent_covered_display": "0", "missing_lines": 12, "excluded_lines": 0, "percent_statements_covered": 0.0, "percent_statements_covered_display": "0"}, "missing_lines": [184, 185, 186, 189, 190, 191, 192, 193, 203, 212, 213, 214], "excluded_lines": []}, "get_my_tasks_resource": {"executed_lines": [], "summary": {"covered_lines": 0, "num_statements": 2, "percent_covered": 0.0, "percent_covered_display": "0", "missing_lines": 2, "excluded_lines": 0, "percent_statements_covered": 0.0, "percent_statements_covered_display": "0"}, "missing_lines": [228, 229], "excluded_lines": []}, "get_latest_handoff_resource": {"executed_lines": [], "summary": {"covered_lines": 0, "num_statements": 5, "percent_covered": 0.0, "percent_covered_display": "0", "missing_lines": 5, "excluded_lines": 0, "percent_statements_covered": 0.0, "percent_statements_covered_display": "0"}, "missing_lines": [238, 239, 240, 241, 242], "excluded_lines": []}, "register_assignee_resources": {"executed_lines": [], "summary": {"covered_lines": 0, "num_statements": 18, "percent_covered": 0.0, "percent_covered_display": "0", "missing_lines": 18, "excluded_lines": 0, "percent_statements_covered": 0.0, "percent_statements_covered_display": "0"}, "missing_lines": [249, 250, 251, 255, 256, 260, 261, 265, 266, 270, 271, 275, 276, 280, 281, 285, 287, 288], "excluded_lines": []}, "register_assignee_resources.assignees_resource": {"executed_lines": [], "summary": {"covered_lines": 0, "num_statements": 1, "percent_covered": 0.0, "percent_covered_display": "0", "missing_lines": 1, "excluded_lines": 0, "percent_statements_covered": 0.0, "percent_statements_covered_display": "0"}, "missing_lines": [253], "excluded_lines": []}, "register_assignee_resources.workload_resource": {"executed_lines": [], "summary": {"covered_lines": 0, "num_statements": 1, "percent_covered": 0.0, "percent_covered_display": "0", "missing_lines": 1, "excluded_lines": 0, "percent_statements_covered": 0.0, "percent_statements_covered_display": "0"}, "missing_lines": [258], "excluded_lines": []}, "register_assignee_resources.tasks_by_assignee_resource": {"executed_lines": [], "summary": {"covered_lines": 0, "num_statements": 1, "percent_covered": 0.0, "percent_covered_display": "0", "missing_lines": 1, "excluded_lines": 0, "percent_statements_covered": 0.0, "percent_statements_covered_display": "0"}, "missing_lines": [263], "excluded_lines": []}, "register_assignee_resources.unassigned_tasks_resource": {"executed_lines": [], "summary": {"covered_lines": 0, "num_statements": 1, "percent_covered": 0.0, "percent_covered_display": "0", "missing_lines": 1, "excluded_lines": 0, "percent_statements_covered": 0.0, "percent_statements_covered_display": "0"}, "missing_lines": [268], "excluded_lines": []}, "register_assignee_resources.tasks_by_host_resource": {"executed_lines": [], "summary": {"covered_lines": 0, "num_statements": 1, "percent_covered": 0.0, "percent_covered_display": "0", "missing_lines": 1, "excluded_lines": 0, "percent_statements_covered": 0.0, "percent_statements_covered_display": "0"}, "missing_lines": [273], "excluded_lines": []}, "register_assignee_resources.my_tasks_resource": {"executed_lines": [], "summary": {"covered_lines": 0, "num_statements": 1, "percent_covered": 0.0, "percent_covered_display": "0", "missing_lines": 1, "excluded_lines": 0, "percent_statements_covered": 0.0, "percent_statements_covered_display": "0"}, "missing_lines": [278], "excluded_lines": []}, "register_assignee_resources.handoff_latest_resource": {"executed_lines": [], "summary": {"covered_lines": 0, "num_statements": 1, "percent_covered": 0.0, "percent_covered_display": "0", "missing_lines": 1, "excluded_lines": 0, "percent_statements_covered": 0.0, "percent_statements_covered_display": "0"}, "missing_lines": [283], "excluded_lines": []}, "": {"executed_lines": [], "summary": {"covered_lines": 0, "num_statements": 14, "percent_covered": 0.0, "percent_covered_display": "0", "missing_lines": 14, "excluded_lines": 0, "percent_statements_covered": 0.0, "percent_statements_covered_display": "0"}, "missing_lines": [15, 16, 17, 19, 30, 33, 107, 117, 129, 174, 221, 232, 245, 291], "excluded_lines": []}}, "classes": {"": {"executed_lines": [], "summary": {"covered_lines": 0, "num_statements": 101, "percent_covered": 0.0, "percent_covered_display": "0", "missing_lines": 101, "excluded_lines": 0, "percent_statements_covered": 0.0, "percent_statements_covered_display": "0"}, "missing_lines": [15, 16, 17, 19, 30, 33, 40, 41, 42, 45, 47, 48, 49, 50, 52, 53, 54, 56, 57, 66, 67, 68, 69, 76, 77, 79, 96, 98, 99, 100, 107, 114, 117, 126, 129, 136, 137, 138, 140, 141, 142, 143, 152, 153, 154, 155, 156, 157, 159, 166, 167, 168, 174, 184, 185, 186, 189, 190, 191, 192, 193, 203, 212, 213, 214, 221, 228, 229, 232, 238, 239, 240, 241, 242, 245, 249, 250, 251, 253, 255, 256, 258, 260, 261, 263, 265, 266, 268, 270, 271, 273, 275, 276, 278, 280, 281, 283, 285, 287, 288, 291], "excluded_lines": []}}}, "project_management_automation/resources/cache.py": {"executed_lines": [], "summary": {"covered_lines": 0, "num_statements": 32, "percent_covered": 0.0, "percent_covered_display": "0", "missing_lines": 32, "excluded_lines": 0, "percent_statements_covered": 0.0, "percent_statements_covered_display": "0"}, "missing_lines": [7, 8, 9, 11, 13, 16, 23, 24, 25, 31, 32, 33, 34, 44, 45, 52, 53, 54, 55, 56, 66, 67, 68, 69, 70, 71, 73, 81, 88, 90, 91, 92], "excluded_lines": [], "functions": {"get_cache_status_resource": {"executed_lines": [], "summary": {"covered_lines": 0, "num_statements": 26, "percent_covered": 0.0, "percent_covered_display": "0", "missing_lines": 26, "excluded_lines": 0, "percent_statements_covered": 0.0, "percent_statements_covered_display": "0"}, "missing_lines": [23, 24, 25, 31, 32, 33, 34, 44, 45, 52, 53, 54, 55, 56, 66, 67, 68, 69, 70, 71, 73, 81, 88, 90, 91, 92], "excluded_lines": []}, "": {"executed_lines": [], "summary": {"covered_lines": 0, "num_statements": 6, "percent_covered": 0.0, "percent_covered_display": "0", "missing_lines": 6, "excluded_lines": 0, "percent_statements_covered": 0.0, "percent_statements_covered_display": "0"}, "missing_lines": [7, 8, 9, 11, 13, 16], "excluded_lines": []}}, "classes": {"": {"executed_lines": [], "summary": {"covered_lines": 0, "num_statements": 32, "percent_covered": 0.0, "percent_covered_display": "0", "missing_lines": 32, "excluded_lines": 0, "percent_statements_covered": 0.0, "percent_statements_covered_display": "0"}, "missing_lines": [7, 8, 9, 11, 13, 16, 23, 24, 25, 31, 32, 33, 34, 44, 45, 52, 53, 54, 55, 56, 66, 67, 68, 69, 70, 71, 73, 81, 88, 90, 91, 92], "excluded_lines": []}}}, "project_management_automation/resources/capabilities.py": {"executed_lines": [], "summary": {"covered_lines": 0, "num_statements": 39, "percent_covered": 0.0, "percent_covered_display": "0", "missing_lines": 39, "excluded_lines": 0, "percent_statements_covered": 0.0, "percent_statements_covered_display": "0"}, "missing_lines": [13, 14, 15, 17, 23, 123, 136, 137, 138, 142, 144, 146, 148, 149, 150, 154, 160, 166, 172, 173, 174, 176, 182, 188, 191, 195, 196, 197, 199, 201, 202, 204, 206, 207, 209, 211, 213, 214, 217], "excluded_lines": [], "functions": {"get_capabilities": {"executed_lines": [], "summary": {"covered_lines": 0, "num_statements": 11, "percent_covered": 0.0, "percent_covered_display": "0", "missing_lines": 11, "excluded_lines": 0, "percent_statements_covered": 0.0, "percent_statements_covered_display": "0"}, "missing_lines": [136, 137, 138, 142, 144, 146, 148, 149, 150, 154, 160], "excluded_lines": []}, "get_capabilities_summary": {"executed_lines": [], "summary": {"covered_lines": 0, "num_statements": 4, "percent_covered": 0.0, "percent_covered_display": "0", "missing_lines": 4, "excluded_lines": 0, "percent_statements_covered": 0.0, "percent_statements_covered_display": "0"}, "missing_lines": [172, 173, 174, 176], "excluded_lines": []}, "get_domain_capabilities": {"executed_lines": [], "summary": {"covered_lines": 0, "num_statements": 1, "percent_covered": 0.0, "percent_covered_display": "0", "missing_lines": 1, "excluded_lines": 0, "percent_statements_covered": 0.0, "percent_statements_covered_display": "0"}, "missing_lines": [188], "excluded_lines": []}, "register_capabilities_resources": {"executed_lines": [], "summary": {"covered_lines": 0, "num_statements": 10, "percent_covered": 0.0, "percent_covered_display": "0", "missing_lines": 10, "excluded_lines": 0, "percent_statements_covered": 0.0, "percent_statements_covered_display": "0"}, "missing_lines": [195, 196, 197, 201, 202, 206, 207, 211, 213, 214], "excluded_lines": []}, "register_capabilities_resources.capabilities_resource": {"executed_lines": [], "summary": {"covered_lines": 0, "num_statements": 1, "percent_covered": 0.0, "percent_covered_display": "0", "missing_lines": 1, "excluded_lines": 0, "percent_statements_covered": 0.0, "percent_statements_covered_display": "0"}, "missing_lines": [199], "excluded_lines": []}, "register_capabilities_resources.capabilities_summary_resource": {"executed_lines": [], "summary": {"covered_lines": 0, "num_statements": 1, "percent_covered": 0.0, "percent_covered_display": "0", "missing_lines": 1, "excluded_lines": 0, "percent_statements_covered": 0.0, "percent_statements_covered_display": "0"}, "missing_lines": [204], "excluded_lines": []}, "register_capabilities_resources.domain_capabilities_resource": {"executed_lines": [], "summary": {"covered_lines": 0, "num_statements": 1, "percent_covered": 0.0, "percent_covered_display": "0", "missing_lines": 1, "excluded_lines": 0, "percent_statements_covered": 0.0, "percent_statements_covered_display": "0"}, "missing_lines": [209], "excluded_lines": []}, "": {"executed_lines": [], "summary": {"covered_lines": 0, "num_statements": 10, "percent_covered": 0.0, "percent_covered_display": "0", "missing_lines": 10, "excluded_lines": 0, "percent_statements_covered": 0.0, "percent_statements_covered_display": "0"}, "missing_lines": [13, 14, 15, 17, 23, 123, 166, 182, 191, 217], "excluded_lines": []}}, "classes": {"": {"executed_lines": [], "summary": {"covered_lines": 0, "num_statements": 39, "percent_covered": 0.0, "percent_covered_display": "0", "missing_lines": 39, "excluded_lines": 0, "percent_statements_covered": 0.0, "percent_statements_covered_display": "0"}, "missing_lines": [13, 14, 15, 17, 23, 123, 136, 137, 138, 142, 144, 146, 148, 149, 150, 154, 160, 166, 172, 173, 174, 176, 182, 188, 191, 195, 196, 197, 199, 201, 202, 204, 206, 207, 209, 211, 213, 214, 217], "excluded_lines": []}}}, "project_management_automation/resources/catalog.py": {"executed_lines": [], "summary": {"covered_lines": 0, "num_statements": 96, "percent_covered": 0.0, "percent_covered_display": "0", "missing_lines": 96, "excluded_lines": 0, "percent_statements_covered": 0.0, "percent_statements_covered_display": "0"}, "missing_lines": [17, 18, 20, 23, 34, 35, 36, 39, 40, 42, 43, 46, 47, 52, 54, 55, 61, 93, 94, 96, 97, 98, 99, 102, 108, 109, 111, 127, 129, 130, 131, 134, 140, 141, 143, 144, 145, 146, 147, 148, 157, 164, 166, 167, 168, 171, 177, 178, 180, 196, 198, 199, 200, 203, 209, 211, 213, 214, 215, 221, 222, 223, 225, 226, 227, 228, 229, 231, 240, 243, 249, 250, 252, 254, 264, 266, 267, 268, 271, 277, 279, 280, 281, 284, 285, 286, 287, 288, 289, 290, 291, 293, 306, 308, 309, 310], "excluded_lines": [], "functions": {"get_advisors_resource": {"executed_lines": [], "summary": {"covered_lines": 0, "num_statements": 19, "percent_covered": 0.0, "percent_covered_display": "0", "missing_lines": 19, "excluded_lines": 0, "percent_statements_covered": 0.0, "percent_statements_covered_display": "0"}, "missing_lines": [34, 35, 36, 39, 40, 42, 43, 46, 47, 52, 54, 55, 61, 93, 94, 96, 97, 98, 99], "excluded_lines": []}, "get_models_resource": {"executed_lines": [], "summary": {"covered_lines": 0, "num_statements": 7, "percent_covered": 0.0, "percent_covered_display": "0", "missing_lines": 7, "excluded_lines": 0, "percent_statements_covered": 0.0, "percent_statements_covered_display": "0"}, "missing_lines": [108, 109, 111, 127, 129, 130, 131], "excluded_lines": []}, "get_problem_categories_resource": {"executed_lines": [], "summary": {"covered_lines": 0, "num_statements": 13, "percent_covered": 0.0, "percent_covered_display": "0", "missing_lines": 13, "excluded_lines": 0, "percent_statements_covered": 0.0, "percent_statements_covered_display": "0"}, "missing_lines": [140, 141, 143, 144, 145, 146, 147, 148, 157, 164, 166, 167, 168], "excluded_lines": []}, "get_tools_resource": {"executed_lines": [], "summary": {"covered_lines": 0, "num_statements": 7, "percent_covered": 0.0, "percent_covered_display": "0", "missing_lines": 7, "excluded_lines": 0, "percent_statements_covered": 0.0, "percent_statements_covered_display": "0"}, "missing_lines": [177, 178, 180, 196, 198, 199, 200], "excluded_lines": []}, "get_linters_resource": {"executed_lines": [], "summary": {"covered_lines": 0, "num_statements": 15, "percent_covered": 0.0, "percent_covered_display": "0", "missing_lines": 15, "excluded_lines": 0, "percent_statements_covered": 0.0, "percent_statements_covered_display": "0"}, "missing_lines": [209, 211, 213, 214, 215, 221, 222, 223, 225, 226, 227, 228, 229, 231, 240], "excluded_lines": []}, "get_tts_backends_resource": {"executed_lines": [], "summary": {"covered_lines": 0, "num_statements": 8, "percent_covered": 0.0, "percent_covered_display": "0", "missing_lines": 8, "excluded_lines": 0, "percent_statements_covered": 0.0, "percent_statements_covered_display": "0"}, "missing_lines": [249, 250, 252, 254, 264, 266, 267, 268], "excluded_lines": []}, "get_server_status_resource": {"executed_lines": [], "summary": {"covered_lines": 0, "num_statements": 17, "percent_covered": 0.0, "percent_covered_display": "0", "missing_lines": 17, "excluded_lines": 0, "percent_statements_covered": 0.0, "percent_statements_covered_display": "0"}, "missing_lines": [277, 279, 280, 281, 284, 285, 286, 287, 288, 289, 290, 291, 293, 306, 308, 309, 310], "excluded_lines": []}, "": {"executed_lines": [], "summary": {"covered_lines": 0, "num_statements": 10, "percent_covered": 0.0, "percent_covered_display": "0", "missing_lines": 10, "excluded_lines": 0, "percent_statements_covered": 0.0, "percent_statements_covered_display": "0"}, "missing_lines": [17, 18, 20, 23, 102, 134, 171, 203, 243, 271], "excluded_lines": []}}, "classes": {"": {"executed_lines": [], "summary": {"covered_lines": 0, "num_statements": 96, "percent_covered": 0.0, "percent_covered_display": "0", "missing_lines": 96, "excluded_lines": 0, "percent_statements_covered": 0.0, "percent_statements_covered_display": "0"}, "missing_lines": [17, 18, 20, 23, 34, 35, 36, 39, 40, 42, 43, 46, 47, 52, 54, 55, 61, 93, 94, 96, 97, 98, 99, 102, 108, 109, 111, 127, 129, 130, 131, 134, 140, 141, 143, 144, 145, 146, 147, 148, 157, 164, 166, 167, 168, 171, 177, 178, 180, 196, 198, 199, 200, 203, 209, 211, 213, 214, 215, 221, 222, 223, 225, 226, 227, 228, 229, 231, 240, 243, 249, 250, 252, 254, 264, 266, 267, 268, 271, 277, 279, 280, 281, 284, 285, 286, 287, 288, 289, 290, 291, 293, 306, 308, 309, 310], "excluded_lines": []}}}, "project_management_automation/resources/context_primer.py": {"executed_lines": [], "summary": {"covered_lines": 0, "num_statements": 137, "percent_covered": 0.0, "percent_covered_display": "0", "missing_lines": 137, "excluded_lines": 0, "percent_statements_covered": 0.0, "percent_statements_covered_display": "0"}, "missing_lines": [19, 20, 21, 22, 23, 24, 26, 29, 31, 32, 33, 35, 36, 37, 38, 39, 40, 41, 43, 52, 294, 340, 342, 343, 345, 346, 348, 349, 352, 353, 355, 356, 357, 359, 360, 361, 365, 367, 371, 372, 373, 376, 378, 379, 381, 382, 384, 385, 386, 389, 390, 391, 392, 395, 401, 411, 416, 417, 418, 421, 423, 424, 425, 427, 428, 429, 430, 432, 439, 440, 441, 450, 475, 481, 482, 483, 484, 485, 488, 489, 490, 492, 494, 499, 502, 505, 508, 509, 510, 516, 517, 518, 525, 526, 527, 528, 534, 535, 536, 537, 540, 541, 542, 546, 547, 549, 552, 564, 565, 567, 568, 569, 570, 576, 586, 596, 597, 598, 599, 600, 601, 607, 615, 623, 624, 625, 627, 629, 630, 632, 634, 635, 637, 639, 641, 642, 645], "excluded_lines": [], "functions": {"_find_project_root": {"executed_lines": [], "summary": {"covered_lines": 0, "num_statements": 11, "percent_covered": 0.0, "percent_covered_display": "0", "missing_lines": 11, "excluded_lines": 0, "percent_statements_covered": 0.0, "percent_statements_covered_display": "0"}, "missing_lines": [31, 32, 33, 35, 36, 37, 38, 39, 40, 41, 43], "excluded_lines": []}, "_load_project_goals": {"executed_lines": [], "summary": {"covered_lines": 0, "num_statements": 19, "percent_covered": 0.0, "percent_covered_display": "0", "missing_lines": 19, "excluded_lines": 0, "percent_statements_covered": 0.0, "percent_statements_covered_display": "0"}, "missing_lines": [342, 343, 345, 346, 348, 349, 352, 353, 355, 356, 357, 359, 360, 361, 365, 367, 371, 372, 373], "excluded_lines": []}, "_load_recent_tasks": {"executed_lines": [], "summary": {"covered_lines": 0, "num_statements": 17, "percent_covered": 0.0, "percent_covered_display": "0", "missing_lines": 17, "excluded_lines": 0, "percent_statements_covered": 0.0, "percent_statements_covered_display": "0"}, "missing_lines": [378, 379, 381, 382, 384, 385, 386, 389, 390, 391, 392, 395, 401, 411, 416, 417, 418], "excluded_lines": []}, "_get_current_workflow_mode": {"executed_lines": [], "summary": {"covered_lines": 0, "num_statements": 11, "percent_covered": 0.0, "percent_covered_display": "0", "missing_lines": 11, "excluded_lines": 0, "percent_statements_covered": 0.0, "percent_statements_covered_display": "0"}, "missing_lines": [423, 424, 425, 427, 428, 429, 430, 432, 439, 440, 441], "excluded_lines": []}, "get_context_primer": {"executed_lines": [], "summary": {"covered_lines": 0, "num_statements": 34, "percent_covered": 0.0, "percent_covered_display": "0", "missing_lines": 34, "excluded_lines": 0, "percent_statements_covered": 0.0, "percent_statements_covered_display": "0"}, "missing_lines": [475, 481, 482, 483, 484, 485, 488, 489, 490, 492, 494, 499, 502, 505, 508, 509, 510, 516, 517, 518, 525, 526, 527, 528, 534, 535, 536, 537, 540, 541, 542, 546, 547, 549], "excluded_lines": []}, "get_hints_for_mode": {"executed_lines": [], "summary": {"covered_lines": 0, "num_statements": 7, "percent_covered": 0.0, "percent_covered_display": "0", "missing_lines": 7, "excluded_lines": 0, "percent_statements_covered": 0.0, "percent_statements_covered_display": "0"}, "missing_lines": [564, 565, 567, 568, 569, 570, 576], "excluded_lines": []}, "get_all_hints": {"executed_lines": [], "summary": {"covered_lines": 0, "num_statements": 7, "percent_covered": 0.0, "percent_covered_display": "0", "missing_lines": 7, "excluded_lines": 0, "percent_statements_covered": 0.0, "percent_statements_covered_display": "0"}, "missing_lines": [596, 597, 598, 599, 600, 601, 607], "excluded_lines": []}, "register_context_primer_resources": {"executed_lines": [], "summary": {"covered_lines": 0, "num_statements": 10, "percent_covered": 0.0, "percent_covered_display": "0", "missing_lines": 10, "excluded_lines": 0, "percent_statements_covered": 0.0, "percent_statements_covered_display": "0"}, "missing_lines": [623, 624, 625, 629, 630, 634, 635, 639, 641, 642], "excluded_lines": []}, "register_context_primer_resources.context_primer_resource": {"executed_lines": [], "summary": {"covered_lines": 0, "num_statements": 1, "percent_covered": 0.0, "percent_covered_display": "0", "missing_lines": 1, "excluded_lines": 0, "percent_statements_covered": 0.0, "percent_statements_covered_display": "0"}, "missing_lines": [627], "excluded_lines": []}, "register_context_primer_resources.all_hints_resource": {"executed_lines": [], "summary": {"covered_lines": 0, "num_statements": 1, "percent_covered": 0.0, "percent_covered_display": "0", "missing_lines": 1, "excluded_lines": 0, "percent_statements_covered": 0.0, "percent_statements_covered_display": "0"}, "missing_lines": [632], "excluded_lines": []}, "register_context_primer_resources.hints_by_mode_resource": {"executed_lines": [], "summary": {"covered_lines": 0, "num_statements": 1, "percent_covered": 0.0, "percent_covered_display": "0", "missing_lines": 1, "excluded_lines": 0, "percent_statements_covered": 0.0, "percent_statements_covered_display": "0"}, "missing_lines": [637], "excluded_lines": []}, "": {"executed_lines": [], "summary": {"covered_lines": 0, "num_statements": 18, "percent_covered": 0.0, "percent_covered_display": "0", "missing_lines": 18, "excluded_lines": 0, "percent_statements_covered": 0.0, "percent_statements_covered_display": "0"}, "missing_lines": [19, 20, 21, 22, 23, 24, 26, 29, 52, 294, 340, 376, 421, 450, 552, 586, 615, 645], "excluded_lines": []}}, "classes": {"": {"executed_lines": [], "summary": {"covered_lines": 0, "num_statements": 137, "percent_covered": 0.0, "percent_covered_display": "0", "missing_lines": 137, "excluded_lines": 0, "percent_statements_covered": 0.0, "percent_statements_covered_display": "0"}, "missing_lines": [19, 20, 21, 22, 23, 24, 26, 29, 31, 32, 33, 35, 36, 37, 38, 39, 40, 41, 43, 52, 294, 340, 342, 343, 345, 346, 348, 349, 352, 353, 355, 356, 357, 359, 360, 361, 365, 367, 371, 372, 373, 376, 378, 379, 381, 382, 384, 385, 386, 389, 390, 391, 392, 395, 401, 411, 416, 417, 418, 421, 423, 424, 425, 427, 428, 429, 430, 432, 439, 440, 441, 450, 475, 481, 482, 483, 484, 485, 488, 489, 490, 492, 494, 499, 502, 505, 508, 509, 510, 516, 517, 518, 525, 526, 527, 528, 534, 535, 536, 537, 540, 541, 542, 546, 547, 549, 552, 564, 565, 567, 568, 569, 570, 576, 586, 596, 597, 598, 599, 600, 601, 607, 615, 623, 624, 625, 627, 629, 630, 632, 634, 635, 637, 639, 641, 642, 645], "excluded_lines": []}}}, "project_management_automation/resources/hint_registry.py": {"executed_lines": [], "summary": {"covered_lines": 0, "num_statements": 218, "percent_covered": 0.0, "percent_covered_display": "0", "missing_lines": 218, "excluded_lines": 0, "percent_statements_covered": 0.0, "percent_statements_covered_display": "0"}, "missing_lines": [33, 34, 35, 36, 37, 38, 39, 40, 41, 44, 45, 46, 47, 48, 49, 50, 51, 52, 54, 57, 58, 61, 62, 63, 64, 65, 66, 67, 68, 69, 70, 71, 72, 74, 76, 91, 92, 94, 110, 113, 114, 115, 116, 118, 119, 120, 121, 122, 123, 124, 127, 139, 147, 148, 149, 150, 151, 154, 155, 157, 160, 161, 164, 165, 167, 170, 171, 172, 174, 177, 178, 179, 180, 183, 185, 187, 188, 190, 191, 192, 198, 200, 201, 202, 204, 206, 207, 208, 210, 211, 212, 213, 216, 218, 219, 220, 221, 222, 223, 225, 226, 228, 229, 230, 232, 234, 235, 236, 238, 239, 240, 241, 242, 243, 244, 245, 247, 249, 250, 251, 252, 254, 256, 257, 260, 261, 262, 263, 264, 266, 268, 270, 272, 273, 275, 277, 278, 280, 282, 283, 285, 287, 288, 290, 292, 293, 295, 297, 298, 303, 305, 306, 311, 313, 314, 319, 321, 322, 324, 326, 327, 329, 331, 332, 334, 336, 337, 338, 340, 342, 344, 345, 355, 356, 359, 371, 372, 373, 374, 377, 379, 380, 383, 385, 386, 389, 391, 392, 394, 395, 398, 399, 400, 410, 411, 413, 417, 419, 420, 423, 425, 426, 427, 429, 431, 432, 434, 435, 436, 442, 443, 445, 446, 447, 453, 455, 456, 459], "excluded_lines": [], "functions": {"ToolHint.to_dict": {"executed_lines": [], "summary": {"covered_lines": 0, "num_statements": 1, "percent_covered": 0.0, "percent_covered_display": "0", "missing_lines": 1, "excluded_lines": 0, "percent_statements_covered": 0.0, "percent_statements_covered_display": "0"}, "missing_lines": [76], "excluded_lines": []}, "ToolHint.from_dict": {"executed_lines": [], "summary": {"covered_lines": 0, "num_statements": 1, "percent_covered": 0.0, "percent_covered_display": "0", "missing_lines": 1, "excluded_lines": 0, "percent_statements_covered": 0.0, "percent_statements_covered_display": "0"}, "missing_lines": [94], "excluded_lines": []}, "HintFileHandler.__init__": {"executed_lines": [], "summary": {"covered_lines": 0, "num_statements": 3, "percent_covered": 0.0, "percent_covered_display": "0", "missing_lines": 3, "excluded_lines": 0, "percent_statements_covered": 0.0, "percent_statements_covered_display": "0"}, "missing_lines": [114, 115, 116], "excluded_lines": []}, "HintFileHandler.on_modified": {"executed_lines": [], "summary": {"covered_lines": 0, "num_statements": 6, "percent_covered": 0.0, "percent_covered_display": "0", "missing_lines": 6, "excluded_lines": 0, "percent_statements_covered": 0.0, "percent_statements_covered_display": "0"}, "missing_lines": [119, 120, 121, 122, 123, 124], "excluded_lines": []}, "HintRegistry.__init__": {"executed_lines": [], "summary": {"covered_lines": 0, "num_statements": 12, "percent_covered": 0.0, "percent_covered_display": "0", "missing_lines": 12, "excluded_lines": 0, "percent_statements_covered": 0.0, "percent_statements_covered_display": "0"}, "missing_lines": [147, 148, 149, 150, 151, 154, 155, 157, 160, 161, 164, 165], "excluded_lines": []}, "HintRegistry._find_hints_dir": {"executed_lines": [], "summary": {"covered_lines": 0, "num_statements": 9, "percent_covered": 0.0, "percent_covered_display": "0", "missing_lines": 9, "excluded_lines": 0, "percent_statements_covered": 0.0, "percent_statements_covered_display": "0"}, "missing_lines": [170, 171, 172, 174, 177, 178, 179, 180, 183], "excluded_lines": []}, "HintRegistry._load_builtin_hints": {"executed_lines": [], "summary": {"covered_lines": 0, "num_statements": 9, "percent_covered": 0.0, "percent_covered_display": "0", "missing_lines": 9, "excluded_lines": 0, "percent_statements_covered": 0.0, "percent_statements_covered_display": "0"}, "missing_lines": [187, 188, 190, 191, 192, 198, 200, 201, 202], "excluded_lines": []}, "HintRegistry._load_file_hints": {"executed_lines": [], "summary": {"covered_lines": 0, "num_statements": 19, "percent_covered": 0.0, "percent_covered_display": "0", "missing_lines": 19, "excluded_lines": 0, "percent_statements_covered": 0.0, "percent_statements_covered_display": "0"}, "missing_lines": [206, 207, 208, 210, 211, 212, 213, 216, 218, 219, 220, 221, 222, 223, 225, 226, 228, 229, 230], "excluded_lines": []}, "HintRegistry._start_watcher": {"executed_lines": [], "summary": {"covered_lines": 0, "num_statements": 11, "percent_covered": 0.0, "percent_covered_display": "0", "missing_lines": 11, "excluded_lines": 0, "percent_statements_covered": 0.0, "percent_statements_covered_display": "0"}, "missing_lines": [234, 235, 236, 238, 239, 240, 241, 242, 243, 244, 245], "excluded_lines": []}, "HintRegistry.stop_watcher": {"executed_lines": [], "summary": {"covered_lines": 0, "num_statements": 4, "percent_covered": 0.0, "percent_covered_display": "0", "missing_lines": 4, "excluded_lines": 0, "percent_statements_covered": 0.0, "percent_statements_covered_display": "0"}, "missing_lines": [249, 250, 251, 252], "excluded_lines": []}, "HintRegistry.reload": {"executed_lines": [], "summary": {"covered_lines": 0, "num_statements": 7, "percent_covered": 0.0, "percent_covered_display": "0", "missing_lines": 7, "excluded_lines": 0, "percent_statements_covered": 0.0, "percent_statements_covered_displ
[...]
: 0.0, "percent_statements_covered_display": "0"}, "missing_lines": [31, 33, 35, 37, 38], "excluded_lines": []}, "ToolValidator.validate_all_tools": {"executed_lines": [], "summary": {"covered_lines": 0, "num_statements": 12, "percent_covered": 0.0, "percent_covered_display": "0", "missing_lines": 12, "excluded_lines": 0, "percent_statements_covered": 0.0, "percent_statements_covered_display": "0"}, "missing_lines": [42, 43, 45, 46, 54, 55, 57, 58, 60, 66, 67, 72], "excluded_lines": []}, "ToolValidator._find_mcp_tools": {"executed_lines": [], "summary": {"covered_lines": 0, "num_statements": 13, "percent_covered": 0.0, "percent_covered_display": "0", "missing_lines": 13, "excluded_lines": 0, "percent_statements_covered": 0.0, "percent_statements_covered_display": "0"}, "missing_lines": [76, 77, 79, 80, 82, 83, 85, 86, 87, 88, 91, 96, 98], "excluded_lines": []}, "ToolValidator._validate_tool": {"executed_lines": [], "summary": {"covered_lines": 0, "num_statements": 24, "percent_covered": 0.0, "percent_covered_display": "0", "missing_lines": 24, "excluded_lines": 0, "percent_statements_covered": 0.0, "percent_statements_covered_display": "0"}, "missing_lines": [102, 103, 106, 107, 110, 114, 115, 120, 121, 124, 125, 131, 132, 138, 139, 145, 146, 147, 149, 150, 156, 157, 158, 163], "excluded_lines": []}, "ToolValidator._extract_function_body": {"executed_lines": [], "summary": {"covered_lines": 0, "num_statements": 20, "percent_covered": 0.0, "percent_covered_display": "0", "missing_lines": 20, "excluded_lines": 0, "percent_statements_covered": 0.0, "percent_statements_covered_display": "0"}, "missing_lines": [173, 174, 177, 178, 179, 180, 182, 183, 186, 189, 190, 191, 193, 194, 197, 198, 200, 201, 203, 204], "excluded_lines": []}, "ToolValidator._has_action_based_conditionals": {"executed_lines": [], "summary": {"covered_lines": 0, "num_statements": 4, "percent_covered": 0.0, "percent_covered_display": "0", "missing_lines": 4, "excluded_lines": 0, "percent_statements_covered": 0.0, "percent_statements_covered_display": "0"}, "missing_lines": [208, 209, 210, 211], "excluded_lines": []}, "ToolValidator._has_simple_return": {"executed_lines": [], "summary": {"covered_lines": 0, "num_statements": 6, "percent_covered": 0.0, "percent_covered_display": "0", "missing_lines": 6, "excluded_lines": 0, "percent_statements_covered": 0.0, "percent_statements_covered_display": "0"}, "missing_lines": [216, 217, 219, 220, 221, 223], "excluded_lines": []}, "ToolValidator._has_ensure_json_string_decorator": {"executed_lines": [], "summary": {"covered_lines": 0, "num_statements": 4, "percent_covered": 0.0, "percent_covered_display": "0", "missing_lines": 4, "excluded_lines": 0, "percent_statements_covered": 0.0, "percent_statements_covered_display": "0"}, "missing_lines": [230, 231, 232, 233], "excluded_lines": []}, "ToolValidator.generate_report": {"executed_lines": [], "summary": {"covered_lines": 0, "num_statements": 24, "percent_covered": 0.0, "percent_covered_display": "0", "missing_lines": 24, "excluded_lines": 0, "percent_statements_covered": 0.0, "percent_statements_covered_display": "0"}, "missing_lines": [237, 239, 259, 260, 265, 266, 271, 272, 274, 276, 277, 282, 283, 287, 289, 290, 295, 296, 298, 300, 302, 303, 304, 306], "excluded_lines": []}, "validate_tools": {"executed_lines": [], "summary": {"covered_lines": 0, "num_statements": 2, "percent_covered": 0.0, "percent_covered_display": "0", "missing_lines": 2, "excluded_lines": 0, "percent_statements_covered": 0.0, "percent_statements_covered_display": "0"}, "missing_lines": [311, 312], "excluded_lines": []}, "": {"executed_lines": [], "summary": {"covered_lines": 0, "num_statements": 51, "percent_covered": 0.0, "percent_covered_display": "0", "missing_lines": 51, "excluded_lines": 0, "percent_statements_covered": 0.0, "percent_statements_covered_display": "0"}, "missing_lines": [8, 9, 10, 11, 14, 16, 19, 23, 29, 40, 74, 100, 169, 206, 213, 225, 235, 309, 315, 316, 318, 319, 321, 322, 323, 324, 325, 326, 328, 330, 331, 332, 333, 334, 335, 336, 338, 339, 340, 341, 344, 346, 347, 348, 349, 352, 353, 354, 355, 357, 358], "excluded_lines": []}}, "classes": {"ToolValidationError": {"executed_lines": [], "summary": {"covered_lines": 0, "num_statements": 0, "percent_covered": 100.0, "percent_covered_display": "100", "missing_lines": 0, "excluded_lines": 0, "percent_statements_covered": 100.0, "percent_statements_covered_display": "100"}, "missing_lines": [], "excluded_lines": []}, "ToolValidator": {"executed_lines": [], "summary": {"covered_lines": 0, "num_statements": 112, "percent_covered": 0.0, "percent_covered_display": "0", "missing_lines": 112, "excluded_lines": 0, "percent_statements_covered": 0.0, "percent_statements_covered_display": "0"}, "missing_lines": [31, 33, 35, 37, 38, 42, 43, 45, 46, 54, 55, 57, 58, 60, 66, 67, 72, 76, 77, 79, 80, 82, 83, 85, 86, 87, 88, 91, 96, 98, 102, 103, 106, 107, 110, 114, 115, 120, 121, 124, 125, 131, 132, 138, 139, 145, 146, 147, 149, 150, 156, 157, 158, 163, 173, 174, 177, 178, 179, 180, 182, 183, 186, 189, 190, 191, 193, 194, 197, 198, 200, 201, 203, 204, 208, 209, 210, 211, 216, 217, 219, 220, 221, 223, 230, 231, 232, 233, 237, 239, 259, 260, 265, 266, 271, 272, 274, 276, 277, 282, 283, 287, 289, 290, 295, 296, 298, 300, 302, 303, 304, 306], "excluded_lines": []}, "": {"executed_lines": [], "summary": {"covered_lines": 0, "num_statements": 53, "percent_covered": 0.0, "percent_covered_display": "0", "missing_lines": 53, "excluded_lines": 0, "percent_statements_covered": 0.0, "percent_statements_covered_display": "0"}, "missing_lines": [8, 9, 10, 11, 14, 16, 19, 23, 29, 40, 74, 100, 169, 206, 213, 225, 235, 309, 311, 312, 315, 316, 318, 319, 321, 322, 323, 324, 325, 326, 328, 330, 331, 332, 333, 334, 335, 336, 338, 339, 340, 341, 344, 346, 347, 348, 349, 352, 353, 354, 355, 357, 358], "excluded_lines": []}}}, "project_management_automation/utils/wisdom_client.py": {"executed_lines": [1, 8, 9, 10, 11, 12, 14, 17, 18, 19, 20, 26, 27, 28, 34, 49, 107, 157, 170, 184, 197, 218, 228, 249], "summary": {"covered_lines": 23, "num_statements": 172, "percent_covered": 13.372093023255815, "percent_covered_display": "13", "missing_lines": 149, "excluded_lines": 0, "percent_statements_covered": 13.372093023255815, "percent_statements_covered_display": "13"}, "missing_lines": [21, 22, 23, 29, 30, 31, 36, 37, 38, 40, 41, 42, 43, 44, 45, 46, 51, 52, 53, 55, 56, 57, 58, 60, 61, 62, 63, 65, 71, 72, 73, 76, 77, 78, 79, 80, 81, 82, 83, 86, 87, 88, 91, 94, 95, 96, 97, 98, 99, 100, 101, 102, 103, 104, 109, 110, 111, 113, 114, 115, 116, 118, 119, 120, 121, 123, 129, 130, 132, 135, 136, 137, 140, 141, 142, 145, 148, 149, 150, 151, 152, 153, 159, 160, 161, 163, 164, 165, 166, 167, 172, 173, 174, 176, 177, 178, 179, 180, 186, 187, 189, 190, 191, 193, 194, 201, 202, 204, 205, 206, 207, 208, 209, 210, 211, 212, 214, 215, 220, 221, 223, 224, 225, 230, 231, 233, 234, 235, 237, 238, 240, 241, 242, 243, 244, 246, 251, 252, 254, 255, 256, 257, 258, 259, 260, 261, 262, 263, 265], "excluded_lines": [], "functions": {"_load_mcp_config": {"executed_lines": [], "summary": {"covered_lines": 0, "num_statements": 10, "percent_covered": 0.0, "percent_covered_display": "0", "missing_lines": 10, "excluded_lines": 0, "percent_statements_covered": 0.0, "percent_statements_covered_display": "0"}, "missing_lines": [36, 37, 38, 40, 41, 42, 43, 44, 45, 46], "excluded_lines": []}, "_call_wisdom_tool": {"executed_lines": [], "summary": {"covered_lines": 0, "num_statements": 38, "percent_covered": 0.0, "percent_covered_display": "0", "missing_lines": 38, "excluded_lines": 0, "percent_statements_covered": 0.0, "percent_statements_covered_display": "0"}, "missing_lines": [51, 52, 53, 55, 56, 57, 58, 60, 61, 62, 63, 65, 71, 72, 73, 76, 77, 78, 79, 80, 81, 82, 83, 86, 87, 88, 91, 94, 95, 96, 97, 98, 99, 100, 101, 102, 103, 104], "excluded_lines": []}, "_read_wisdom_resource": {"executed_lines": [], "summary": {"covered_lines": 0, "num_statements": 28, "percent_covered": 0.0, "percent_covered_display": "0", "missing_lines": 28, "excluded_lines": 0, "percent_statements_covered": 0.0, "percent_statements_covered_display": "0"}, "missing_lines": [109, 110, 111, 113, 114, 115, 116, 118, 119, 120, 121, 123, 129, 130, 132, 135, 136, 137, 140, 141, 142, 145, 148, 149, 150, 151, 152, 153], "excluded_lines": []}, "call_wisdom_tool_sync": {"executed_lines": [], "summary": {"covered_lines": 0, "num_statements": 8, "percent_covered": 0.0, "percent_covered_display": "0", "missing_lines": 8, "excluded_lines": 0, "percent_statements_covered": 0.0, "percent_statements_covered_display": "0"}, "missing_lines": [159, 160, 161, 163, 164, 165, 166, 167], "excluded_lines": []}, "read_wisdom_resource_sync": {"executed_lines": [], "summary": {"covered_lines": 0, "num_statements": 8, "percent_covered": 0.0, "percent_covered_display": "0", "missing_lines": 8, "excluded_lines": 0, "percent_statements_covered": 0.0, "percent_statements_covered_display": "0"}, "missing_lines": [172, 173, 174, 176, 177, 178, 179, 180], "excluded_lines": []}, "get_wisdom": {"executed_lines": [], "summary": {"covered_lines": 0, "num_statements": 7, "percent_covered": 0.0, "percent_covered_display": "0", "missing_lines": 7, "excluded_lines": 0, "percent_statements_covered": 0.0, "percent_statements_covered_display": "0"}, "missing_lines": [186, 187, 189, 190, 191, 193, 194], "excluded_lines": []}, "consult_advisor": {"executed_lines": [], "summary": {"covered_lines": 0, "num_statements": 13, "percent_covered": 0.0, "percent_covered_display": "0", "missing_lines": 13, "excluded_lines": 0, "percent_statements_covered": 0.0, "percent_statements_covered_display": "0"}, "missing_lines": [201, 202, 204, 205, 206, 207, 208, 209, 210, 211, 212, 214, 215], "excluded_lines": []}, "get_daily_briefing": {"executed_lines": [], "summary": {"covered_lines": 0, "num_statements": 5, "percent_covered": 0.0, "percent_covered_display": "0", "missing_lines": 5, "excluded_lines": 0, "percent_statements_covered": 0.0, "percent_statements_covered_display": "0"}, "missing_lines": [220, 221, 223, 224, 225], "excluded_lines": []}, "format_text": {"executed_lines": [], "summary": {"covered_lines": 0, "num_statements": 13, "percent_covered": 0.0, "percent_covered_display": "0", "missing_lines": 13, "excluded_lines": 0, "percent_statements_covered": 0.0, "percent_statements_covered_display": "0"}, "missing_lines": [230, 231, 233, 234, 235, 237, 238, 240, 241, 242, 243, 244, 246], "excluded_lines": []}, "list_sources": {"executed_lines": [], "summary": {"covered_lines": 0, "num_statements": 13, "percent_covered": 0.0, "percent_covered_display": "0", "missing_lines": 13, "excluded_lines": 0, "percent_statements_covered": 0.0, "percent_statements_covered_display": "0"}, "missing_lines": [251, 252, 254, 255, 256, 257, 258, 259, 260, 261, 262, 263, 265], "excluded_lines": []}, "": {"executed_lines": [1, 8, 9, 10, 11, 12, 14, 17, 18, 19, 20, 26, 27, 28, 34, 49, 107, 157, 170, 184, 197, 218, 228, 249], "summary": {"covered_lines": 23, "num_statements": 29, "percent_covered": 79.3103448275862, "percent_covered_display": "79", "missing_lines": 6, "excluded_lines": 0, "percent_statements_covered": 79.3103448275862, "percent_statements_covered_display": "79"}, "missing_lines": [21, 22, 23, 29, 30, 31], "excluded_lines": []}}, "classes": {"": {"executed_lines": [1, 8, 9, 10, 11, 12, 14, 17, 18, 19, 20, 26, 27, 28, 34, 49, 107, 157, 170, 184, 197, 218, 228, 249], "summary": {"covered_lines": 23, "num_statements": 172, "percent_covered": 13.372093023255815, "percent_covered_display": "13", "missing_lines": 149, "excluded_lines": 0, "percent_statements_covered": 13.372093023255815, "percent_statements_covered_display": "13"}, "missing_lines": [21, 22, 23, 29, 30, 31, 36, 37, 38, 40, 41, 42, 43, 44, 45, 46, 51, 52, 53, 55, 56, 57, 58, 60, 61, 62, 63, 65, 71, 72, 73, 76, 77, 78, 79, 80, 81, 82, 83, 86, 87, 88, 91, 94, 95, 96, 97, 98, 99, 100, 101, 102, 103, 104, 109, 110, 111, 113, 114, 115, 116, 118, 119, 120, 121, 123, 129, 130, 132, 135, 136, 137, 140, 141, 142, 145, 148, 149, 150, 151, 152, 153, 159, 160, 161, 163, 164, 165, 166, 167, 172, 173, 174, 176, 177, 178, 179, 180, 186, 187, 189, 190, 191, 193, 194, 201, 202, 204, 205, 206, 207, 208, 209, 210, 211, 212, 214, 215, 220, 221, 223, 224, 225, 230, 231, 233, 234, 235, 237, 238, 240, 241, 242, 243, 244, 246, 251, 252, 254, 255, 256, 257, 258, 259, 260, 261, 262, 263, 265], "excluded_lines": []}}}, "project_management_automation/version.py": {"executed_lines": [1, 19, 20, 21, 22, 23, 24, 25, 29, 32, 34, 37, 44, 52, 54, 55, 59, 60, 61, 64, 65, 66, 69, 70, 71, 74, 77, 81, 82, 84, 85, 86, 91, 94, 117, 125, 126, 130, 131, 137, 143, 146, 156, 157, 159, 162, 170, 171, 172, 175, 176, 179, 180, 182, 193, 219, 239, 262, 356, 443, 447], "summary": {"covered_lines": 60, "num_statements": 205, "percent_covered": 29.26829268292683, "percent_covered_display": "29", "missing_lines": 145, "excluded_lines": 0, "percent_statements_covered": 29.26829268292683, "percent_statements_covered_display": "29"}, "missing_lines": [56, 78, 88, 89, 104, 105, 108, 111, 112, 114, 127, 132, 133, 134, 139, 140, 163, 164, 165, 166, 167, 185, 186, 188, 190, 200, 201, 203, 229, 231, 232, 233, 234, 236, 249, 250, 253, 255, 256, 257, 259, 272, 274, 276, 277, 283, 284, 287, 288, 290, 292, 294, 295, 298, 312, 313, 314, 315, 316, 317, 318, 321, 322, 323, 324, 326, 328, 329, 330, 331, 333, 334, 337, 339, 340, 341, 342, 343, 344, 347, 348, 350, 351, 353, 372, 380, 382, 383, 384, 385, 386, 388, 389, 391, 393, 394, 397, 398, 401, 402, 403, 404, 406, 409, 411, 412, 417, 420, 426, 427, 429, 430, 432, 434, 436, 437, 439, 448, 449, 451, 452, 453, 454, 455, 456, 457, 458, 460, 462, 463, 464, 465, 466, 467, 468, 469, 470, 471, 472, 474, 475, 476, 477, 478, 480], "excluded_lines": [], "functions": {"get_epoch": {"executed_lines": [34], "summary": {"covered_lines": 1, "num_statements": 1, "percent_covered": 100.0, "percent_covered_display": "100", "missing_lines": 0, "excluded_lines": 0, "percent_statements_covered": 100.0, "percent_statements_covered_display": "100"}, "missing_lines": [], "excluded_lines": []}, "get_git_info": {"executed_lines": [44, 52, 54, 55, 59, 60, 61, 64, 65, 66, 69, 70, 71, 74, 77, 81, 82, 84, 85, 86, 91], "summary": {"covered_lines": 21, "num_statements": 25, "percent_covered": 84.0, "percent_covered_display": "84", "missing_lines": 4, "excluded_lines": 0, "percent_statements_covered": 84.0, "percent_statements_covered_display": "84"}, "missing_lines": [56, 78, 88, 89], "excluded_lines": []}, "parse_tag_version": {"executed_lines": [], "summary": {"covered_lines": 0, "num_statements": 6, "percent_covered": 0.0, "percent_covered_display": "0", "missing_lines": 6, "excluded_lines": 0, "percent_statements_covered": 0.0, "percent_statements_covered_display": "0"}, "missing_lines": [104, 105, 108, 111, 112, 114], "excluded_lines": []}, "get_version_type": {"executed_lines": [125, 126, 130, 131, 137, 143], "summary": {"covered_lines": 6, "num_statements": 12, "percent_covered": 50.0, "percent_covered_display": "50", "missing_lines": 6, "excluded_lines": 0, "percent_statements_covered": 50.0, "percent_statements_covered_display": "50"}, "missing_lines": [127, 132, 133, 134, 139, 140], "excluded_lines": []}, "get_version": {"executed_lines": [156, 157, 159, 162, 170, 171, 172, 175, 176, 179, 180, 182], "summary": {"covered_lines": 12, "num_statements": 21, "percent_covered": 57.142857142857146, "percent_covered_display": "57", "missing_lines": 9, "excluded_lines": 0, "percent_statements_covered": 57.142857142857146, "percent_statements_covered_display": "57"}, "missing_lines": [163, 164, 165, 166, 167, 185, 186, 188, 190], "excluded_lines": []}, "get_version_info": {"executed_lines": [], "summary": {"covered_lines": 0, "num_statements": 3, "percent_covered": 0.0, "percent_covered_display": "0", "missing_lines": 3, "excluded_lines": 0, "percent_statements_covered": 0.0, "percent_statements_covered_display": "0"}, "missing_lines": [200, 201, 203], "excluded_lines": []}, "bump_version": {"executed_lines": [], "summary": {"covered_lines": 0, "num_statements": 6, "percent_covered": 0.0, "percent_covered_display": "0", "missing_lines": 6, "excluded_lines": 0, "percent_statements_covered": 0.0, "percent_statements_covered_display": "0"}, "missing_lines": [229, 231, 232, 233, 234, 236], "excluded_lines": []}, "update_base_version": {"executed_lines": [], "summary": {"covered_lines": 0, "num_statements": 7, "percent_covered": 0.0, "percent_covered_display": "0", "missing_lines": 7, "excluded_lines": 0, "percent_statements_covered": 0.0, "percent_statements_covered_display": "0"}, "missing_lines": [249, 250, 253, 255, 256, 257, 259], "excluded_lines": []}, "generate_release_notes": {"executed_lines": [], "summary": {"covered_lines": 0, "num_statements": 43, "percent_covered": 0.0, "percent_covered_display": "0", "missing_lines": 43, "excluded_lines": 0, "percent_statements_covered": 0.0, "percent_statements_covered_display": "0"}, "missing_lines": [272, 274, 276, 277, 283, 284, 287, 288, 290, 292, 294, 295, 298, 312, 313, 314, 315, 316, 317, 318, 321, 322, 323, 324, 326, 328, 329, 330, 331, 333, 334, 337, 339, 340, 341, 342, 343, 344, 347, 348, 350, 351, 353], "excluded_lines": []}, "create_release": {"executed_lines": [], "summary": {"covered_lines": 0, "num_statements": 33, "percent_covered": 0.0, "percent_covered_display": "0", "missing_lines": 33, "excluded_lines": 0, "percent_statements_covered": 0.0, "percent_statements_covered_display": "0"}, "missing_lines": [372, 380, 382, 383, 384, 385, 386, 388, 389, 391, 393, 394, 397, 398, 401, 402, 403, 404, 406, 409, 411, 412, 417, 420, 426, 427, 429, 430, 432, 434, 436, 437, 439], "excluded_lines": []}, "": {"executed_lines": [1, 19, 20, 21, 22, 23, 24, 25, 29, 32, 37, 94, 117, 146, 193, 219, 239, 262, 356, 443, 447], "summary": {"covered_lines": 20, "num_statements": 48, "percent_covered": 41.666666666666664, "percent_covered_display": "42", "missing_lines": 28, "excluded_lines": 0, "percent_statements_covered": 41.666666666666664, "percent_statements_covered_display": "42"}, "missing_lines": [448, 449, 451, 452, 453, 454, 455, 456, 457, 458, 460, 462, 463, 464, 465, 466, 467, 468, 469, 470, 471, 472, 474, 475, 476, 477, 478, 480], "excluded_lines": []}}, "classes": {"": {"executed_lines": [1, 19, 20, 21, 22, 23, 24, 25, 29, 32, 34, 37, 44, 52, 54, 55, 59, 60, 61, 64, 65, 66, 69, 70, 71, 74, 77, 81, 82, 84, 85, 86, 91, 94, 117, 125, 126, 130, 131, 137, 143, 146, 156, 157, 159, 162, 170, 171, 172, 175, 176, 179, 180, 182, 193, 219, 239, 262, 356, 443, 447], "summary": {"covered_lines": 60, "num_statements": 205, "percent_covered": 29.26829268292683, "percent_covered_display": "29", "missing_lines": 145, "excluded_lines": 0, "percent_statements_covered": 29.26829268292683, "percent_statements_covered_display": "29"}, "missing_lines": [56, 78, 88, 89, 104, 105, 108, 111, 112, 114, 127, 132, 133, 134, 139, 140, 163, 164, 165, 166, 167, 185, 186, 188, 190, 200, 201, 203, 229, 231, 232, 233, 234, 236, 249, 250, 253, 255, 256, 257, 259, 272, 274, 276, 277, 283, 284, 287, 288, 290, 292, 294, 295, 298, 312, 313, 314, 315, 316, 317, 318, 321, 322, 323, 324, 326, 328, 329, 330, 331, 333, 334, 337, 339, 340, 341, 342, 343, 344, 347, 348, 350, 351, 353, 372, 380, 382, 383, 384, 385, 386, 388, 389, 391, 393, 394, 397, 398, 401, 402, 403, 404, 406, 409, 411, 412, 417, 420, 426, 427, 429, 430, 432, 434, 436, 437, 439, 448, 449, 451, 452, 453, 454, 455, 456, 457, 458, 460, 462, 463, 464, 465, 466, 467, 468, 469, 470, 471, 472, 474, 475, 476, 477, 478, 480], "excluded_lines": []}}}}, "totals": {"covered_lines": 590, "num_statements": 20362, "percent_covered": 2.8975542677536588, "percent_covered_display": "3", "missing_lines": 19772, "excluded_lines": 14, "percent_statements_covered": 2.8975542677536588, "percent_statements_covered_display": "3"}}