{"meta": {"format": 3, "version": "7.12.0", "timestamp": "2025-11-27T12:24:00.283116", "branch_coverage": false, "show_contexts": false}, "files": {"project_management_automation/__init__.py": {"executed_lines": [1, 14, 27, 28, 30], "summary": {"covered_lines": 4, "num_statements": 4, "percent_covered": 100.0, "percent_covered_display": "100", "missing_lines": 0, "excluded_lines": 0, "percent_statements_covered": 100.0, "percent_statements_covered_display": "100"}, "missing_lines": [], "excluded_lines": [], "functions": {"": {"executed_lines": [1, 14, 27, 28, 30], "summary": {"covered_lines": 4, "num_statements": 4, "percent_covered": 100.0, "percent_covered_display": "100", "missing_lines": 0, "excluded_lines": 0, "percent_statements_covered": 100.0, "percent_statements_covered_display": "100"}, "missing_lines": [], "excluded_lines": []}}, "classes": {"": {"executed_lines": [1, 14, 27, 28, 30], "summary": {"covered_lines": 4, "num_statements": 4, "percent_covered": 100.0, "percent_covered_display": "100", "missing_lines": 0, "excluded_lines": 0, "percent_statements_covered": 100.0, "percent_statements_covered_display": "100"}, "missing_lines": [], "excluded_lines": []}}}, "project_management_automation/context_helpers.py": {"executed_lines": [1, 27, 28, 30, 36, 43, 65, 66, 76, 81, 87, 96, 105, 114, 123, 136, 146, 159, 180, 195, 227, 235, 243, 255, 256, 257, 259, 262, 263, 264, 265, 266, 269, 270, 271, 272, 273, 276, 314, 332, 362, 385, 394, 403, 412], "summary": {"covered_lines": 39, "num_statements": 152, "percent_covered": 25.657894736842106, "percent_covered_display": "26", "missing_lines": 113, "excluded_lines": 5, "percent_statements_covered": 25.657894736842106, "percent_statements_covered_display": "26"}, "missing_lines": [58, 59, 60, 61, 62, 77, 78, 79, 83, 84, 85, 89, 98, 99, 100, 101, 102, 107, 108, 109, 110, 111, 116, 117, 118, 119, 120, 125, 126, 127, 128, 129, 138, 139, 140, 141, 142, 143, 148, 149, 150, 151, 152, 170, 171, 172, 173, 174, 175, 176, 177, 182, 183, 184, 185, 186, 187, 188, 214, 215, 216, 217, 218, 219, 220, 229, 230, 231, 232, 237, 238, 239, 240, 245, 246, 247, 248, 300, 301, 302, 303, 307, 308, 311, 328, 329, 350, 351, 353, 354, 355, 372, 373, 374, 375, 376, 377, 378, 387, 388, 389, 390, 391, 396, 397, 398, 399, 400, 405, 406, 407, 408, 409], "excluded_lines": [30, 31, 32, 33, 34], "functions": {"report_progress": {"executed_lines": [], "summary": {"covered_lines": 0, "num_statements": 5, "percent_covered": 0.0, "percent_covered_display": "0", "missing_lines": 5, "excluded_lines": 0, "percent_statements_covered": 0.0, "percent_statements_covered_display": "0"}, "missing_lines": [58, 59, 60, 61, 62], "excluded_lines": []}, "ProgressTracker.__init__": {"executed_lines": [], "summary": {"covered_lines": 0, "num_statements": 3, "percent_covered": 0.0, "percent_covered_display": "0", "missing_lines": 3, "excluded_lines": 0, "percent_statements_covered": 0.0, "percent_statements_covered_display": "0"}, "missing_lines": [77, 78, 79], "excluded_lines": []}, "ProgressTracker.step": {"executed_lines": [], "summary": {"covered_lines": 0, "num_statements": 3, "percent_covered": 0.0, "percent_covered_display": "0", "missing_lines": 3, "excluded_lines": 0, "percent_statements_covered": 0.0, "percent_statements_covered_display": "0"}, "missing_lines": [83, 84, 85], "excluded_lines": []}, "ProgressTracker.set_progress": {"executed_lines": [], "summary": {"covered_lines": 0, "num_statements": 1, "percent_covered": 0.0, "percent_covered_display": "0", "missing_lines": 1, "excluded_lines": 0, "percent_statements_covered": 0.0, "percent_statements_covered_display": "0"}, "missing_lines": [89], "excluded_lines": []}, "log_info": {"executed_lines": [], "summary": {"covered_lines": 0, "num_statements": 5, "percent_covered": 0.0, "percent_covered_display": "0", "missing_lines": 5, "excluded_lines": 0, "percent_statements_covered": 0.0, "percent_statements_covered_display": "0"}, "missing_lines": [98, 99, 100, 101, 102], "excluded_lines": []}, "log_debug": {"executed_lines": [], "summary": {"covered_lines": 0, "num_statements": 5, "percent_covered": 0.0, "percent_covered_display": "0", "missing_lines": 5, "excluded_lines": 0, "percent_statements_covered": 0.0, "percent_statements_covered_display": "0"}, "missing_lines": [107, 108, 109, 110, 111], "excluded_lines": []}, "log_warning": {"executed_lines": [], "summary": {"covered_lines": 0, "num_statements": 5, "percent_covered": 0.0, "percent_covered_display": "0", "missing_lines": 5, "excluded_lines": 0, "percent_statements_covered": 0.0, "percent_statements_covered_display": "0"}, "missing_lines": [116, 117, 118, 119, 120], "excluded_lines": []}, "log_error": {"executed_lines": [], "summary": {"covered_lines": 0, "num_statements": 5, "percent_covered": 0.0, "percent_covered_display": "0", "missing_lines": 5, "excluded_lines": 0, "percent_statements_covered": 0.0, "percent_statements_covered_display": "0"}, "missing_lines": [125, 126, 127, 128, 129], "excluded_lines": []}, "get_state": {"executed_lines": [], "summary": {"covered_lines": 0, "num_statements": 6, "percent_covered": 0.0, "percent_covered_display": "0", "missing_lines": 6, "excluded_lines": 0, "percent_statements_covered": 0.0, "percent_statements_covered_display": "0"}, "missing_lines": [138, 139, 140, 141, 142, 143], "excluded_lines": []}, "set_state": {"executed_lines": [], "summary": {"covered_lines": 0, "num_statements": 5, "percent_covered": 0.0, "percent_covered_display": "0", "missing_lines": 5, "excluded_lines": 0, "percent_statements_covered": 0.0, "percent_statements_covered_display": "0"}, "missing_lines": [148, 149, 150, 151, 152], "excluded_lines": []}, "read_resource": {"executed_lines": [], "summary": {"covered_lines": 0, "num_statements": 8, "percent_covered": 0.0, "percent_covered_display": "0", "missing_lines": 8, "excluded_lines": 0, "percent_statements_covered": 0.0, "percent_statements_covered_display": "0"}, "missing_lines": [170, 171, 172, 173, 174, 175, 176, 177], "excluded_lines": []}, "list_resources": {"executed_lines": [], "summary": {"covered_lines": 0, "num_statements": 7, "percent_covered": 0.0, "percent_covered_display": "0", "missing_lines": 7, "excluded_lines": 0, "percent_statements_covered": 0.0, "percent_statements_covered_display": "0"}, "missing_lines": [182, 183, 184, 185, 186, 187, 188], "excluded_lines": []}, "sample_llm": {"executed_lines": [], "summary": {"covered_lines": 0, "num_statements": 7, "percent_covered": 0.0, "percent_covered_display": "0", "missing_lines": 7, "excluded_lines": 0, "percent_statements_covered": 0.0, "percent_statements_covered_display": "0"}, "missing_lines": [214, 215, 216, 217, 218, 219, 220], "excluded_lines": []}, "get_request_id": {"executed_lines": [], "summary": {"covered_lines": 0, "num_statements": 4, "percent_covered": 0.0, "percent_covered_display": "0", "missing_lines": 4, "excluded_lines": 0, "percent_statements_covered": 0.0, "percent_statements_covered_display": "0"}, "missing_lines": [229, 230, 231, 232], "excluded_lines": []}, "get_client_id": {"executed_lines": [], "summary": {"covered_lines": 0, "num_statements": 4, "percent_covered": 0.0, "percent_covered_display": "0", "missing_lines": 4, "excluded_lines": 0, "percent_statements_covered": 0.0, "percent_statements_covered_display": "0"}, "missing_lines": [237, 238, 239, 240], "excluded_lines": []}, "get_session_id": {"executed_lines": [], "summary": {"covered_lines": 0, "num_statements": 4, "percent_covered": 0.0, "percent_covered_display": "0", "missing_lines": 4, "excluded_lines": 0, "percent_statements_covered": 0.0, "percent_statements_covered_display": "0"}, "missing_lines": [245, 246, 247, 248], "excluded_lines": []}, "elicit": {"executed_lines": [], "summary": {"covered_lines": 0, "num_statements": 7, "percent_covered": 0.0, "percent_covered_display": "0", "missing_lines": 7, "excluded_lines": 0, "percent_statements_covered": 0.0, "percent_statements_covered_display": "0"}, "missing_lines": [300, 301, 302, 303, 307, 308, 311], "excluded_lines": []}, "elicit_confirmation": {"executed_lines": [], "summary": {"covered_lines": 0, "num_statements": 2, "percent_covered": 0.0, "percent_covered_display": "0", "missing_lines": 2, "excluded_lines": 0, "percent_statements_covered": 0.0, "percent_statements_covered_display": "0"}, "missing_lines": [328, 329], "excluded_lines": []}, "elicit_choice": {"executed_lines": [], "summary": {"covered_lines": 0, "num_statements": 5, "percent_covered": 0.0, "percent_covered_display": "0", "missing_lines": 5, "excluded_lines": 0, "percent_statements_covered": 0.0, "percent_statements_covered_display": "0"}, "missing_lines": [350, 351, 353, 354, 355], "excluded_lines": []}, "list_roots": {"executed_lines": [], "summary": {"covered_lines": 0, "num_statements": 7, "percent_covered": 0.0, "percent_covered_display": "0", "missing_lines": 7, "excluded_lines": 0, "percent_statements_covered": 0.0, "percent_statements_covered_display": "0"}, "missing_lines": [372, 373, 374, 375, 376, 377, 378], "excluded_lines": []}, "notify_tools_changed": {"executed_lines": [], "summary": {"covered_lines": 0, "num_statements": 5, "percent_covered": 0.0, "percent_covered_display": "0", "missing_lines": 5, "excluded_lines": 0, "percent_statements_covered": 0.0, "percent_statements_covered_display": "0"}, "missing_lines": [387, 388, 389, 390, 391], "excluded_lines": []}, "notify_resources_changed": {"executed_lines": [], "summary": {"covered_lines": 0, "num_statements": 5, "percent_covered": 0.0, "percent_covered_display": "0", "missing_lines": 5, "excluded_lines": 0, "percent_statements_covered": 0.0, "percent_statements_covered_display": "0"}, "missing_lines": [396, 397, 398, 399, 400], "excluded_lines": []}, "notify_prompts_changed": {"executed_lines": [], "summary": {"covered_lines": 0, "num_statements": 5, "percent_covered": 0.0, "percent_covered_display": "0", "missing_lines": 5, "excluded_lines": 0, "percent_statements_covered": 0.0, "percent_statements_covered_display": "0"}, "missing_lines": [405, 406, 407, 408, 409], "excluded_lines": []}, "": {"executed_lines": [1, 27, 28, 30, 36, 43, 65, 66, 76, 81, 87, 96, 105, 114, 123, 136, 146, 159, 180, 195, 227, 235, 243, 255, 256, 257, 259, 262, 263, 264, 265, 266, 269, 270, 271, 272, 273, 276, 314, 332, 362, 385, 394, 403, 412], "summary": {"covered_lines": 39, "num_statements": 39, "percent_covered": 100.0, "percent_covered_display": "100", "missing_lines": 0, "excluded_lines": 5, "percent_statements_covered": 100.0, "percent_statements_covered_display": "100"}, "missing_lines": [], "excluded_lines": [30, 31, 32, 33, 34]}}, "classes": {"ProgressTracker": {"executed_lines": [], "summary": {"covered_lines": 0, "num_statements": 7, "percent_covered": 0.0, "percent_covered_display": "0", "missing_lines": 7, "excluded_lines": 0, "percent_statements_covered": 0.0, "percent_statements_covered_display": "0"}, "missing_lines": [77, 78, 79, 83, 84, 85, 89], "excluded_lines": []}, "ElicitAction": {"executed_lines": [], "summary": {"covered_lines": 0, "num_statements": 0, "percent_covered": 100.0, "percent_covered_display": "100", "missing_lines": 0, "excluded_lines": 0, "percent_statements_covered": 100.0, "percent_statements_covered_display": "100"}, "missing_lines": [], "excluded_lines": []}, "ElicitResult": {"executed_lines": [], "summary": {"covered_lines": 0, "num_statements": 0, "percent_covered": 100.0, "percent_covered_display": "100", "missing_lines": 0, "excluded_lines": 0, "percent_statements_covered": 100.0, "percent_statements_covered_display": "100"}, "missing_lines": [], "excluded_lines": []}, "": {"executed_lines": [1, 27, 28, 30, 36, 43, 65, 66, 76, 81, 87, 96, 105, 114, 123, 136, 146, 159, 180, 195, 227, 235, 243, 255, 256, 257, 259, 262, 263, 264, 265, 266, 269, 270, 271, 272, 273, 276, 314, 332, 362, 385, 394, 403, 412], "summary": {"covered_lines": 39, "num_statements": 145, "percent_covered": 26.896551724137932, "percent_covered_display": "27", "missing_lines": 106, "excluded_lines": 5, "percent_statements_covered": 26.896551724137932, "percent_statements_covered_display": "27"}, "missing_lines": [58, 59, 60, 61, 62, 98, 99, 100, 101, 102, 107, 108, 109, 110, 111, 116, 117, 118, 119, 120, 125, 126, 127, 128, 129, 138, 139, 140, 141, 142, 143, 148, 149, 150, 151, 152, 170, 171, 172, 173, 174, 175, 176, 177, 182, 183, 184, 185, 186, 187, 188, 214, 215, 216, 217, 218, 219, 220, 229, 230, 231, 232, 237, 238, 239, 240, 245, 246, 247, 248, 300, 301, 302, 303, 307, 308, 311, 328, 329, 350, 351, 353, 354, 355, 372, 373, 374, 375, 376, 377, 378, 387, 388, 389, 390, 391, 396, 397, 398, 399, 400, 405, 406, 407, 408, 409], "excluded_lines": [30, 31, 32, 33, 34]}}}, "project_management_automation/lifespan.py": {"executed_lines": [1, 16, 17, 18, 19, 20, 22, 23, 24, 29, 32, 33, 39, 46, 47, 52, 55, 63, 86, 103, 110, 117, 137, 138, 214, 215, 231], "summary": {"covered_lines": 25, "num_statements": 110, "percent_covered": 22.727272727272727, "percent_covered_display": "23", "missing_lines": 85, "excluded_lines": 0, "percent_statements_covered": 22.727272727272727, "percent_statements_covered_display": "23"}, "missing_lines": [25, 26, 27, 40, 41, 42, 43, 44, 48, 58, 59, 60, 65, 68, 69, 70, 71, 72, 75, 76, 77, 78, 79, 80, 81, 83, 88, 91, 94, 95, 96, 97, 98, 100, 105, 106, 107, 112, 113, 114, 119, 121, 122, 123, 125, 126, 127, 128, 129, 130, 131, 132, 134, 155, 161, 163, 165, 166, 169, 170, 173, 174, 177, 178, 181, 182, 183, 185, 186, 189, 196, 197, 198, 205, 208, 210, 217, 219, 220, 221, 222, 223, 225, 226, 228], "excluded_lines": [], "functions": {"ExarpState.__init__": {"executed_lines": [], "summary": {"covered_lines": 0, "num_statements": 5, "percent_covered": 0.0, "percent_covered_display": "0", "missing_lines": 5, "excluded_lines": 0, "percent_statements_covered": 0.0, "percent_statements_covered_display": "0"}, "missing_lines": [40, 41, 42, 43, 44], "excluded_lines": []}, "ExarpState.is_initialized": {"executed_lines": [], "summary": {"covered_lines": 0, "num_statements": 1, "percent_covered": 0.0, "percent_covered_display": "0", "missing_lines": 1, "excluded_lines": 0, "percent_statements_covered": 0.0, "percent_statements_covered_display": "0"}, "missing_lines": [48], "excluded_lines": []}, "get_app_state": {"executed_lines": [], "summary": {"covered_lines": 0, "num_statements": 3, "percent_covered": 0.0, "percent_covered_display": "0", "missing_lines": 3, "excluded_lines": 0, "percent_statements_covered": 0.0, "percent_statements_covered_display": "0"}, "missing_lines": [58, 59, 60], "excluded_lines": []}, "_init_project_root": {"executed_lines": [], "summary": {"covered_lines": 0, "num_statements": 14, "percent_covered": 0.0, "percent_covered_display": "0", "missing_lines": 14, "excluded_lines": 0, "percent_statements_covered": 0.0, "percent_statements_covered_display": "0"}, "missing_lines": [65, 68, 69, 70, 71, 72, 75, 76, 77, 78, 79, 80, 81, 83], "excluded_lines": []}, "_init_todo2": {"executed_lines": [], "summary": {"covered_lines": 0, "num_statements": 8, "percent_covered": 0.0, "percent_covered_display": "0", "missing_lines": 8, "excluded_lines": 0, "percent_statements_covered": 0.0, "percent_statements_covered_display": "0"}, "missing_lines": [88, 91, 94, 95, 96, 97, 98, 100], "excluded_lines": []}, "_init_advisor_logs": {"executed_lines": [], "summary": {"covered_lines": 0, "num_statements": 3, "percent_covered": 0.0, "percent_covered_display": "0", "missing_lines": 3, "excluded_lines": 0, "percent_statements_covered": 0.0, "percent_statements_covered_display": "0"}, "missing_lines": [105, 106, 107], "excluded_lines": []}, "_init_memory": {"executed_lines": [], "summary": {"covered_lines": 0, "num_statements": 3, "percent_covered": 0.0, "percent_covered_display": "0", "missing_lines": 3, "excluded_lines": 0, "percent_statements_covered": 0.0, "percent_statements_covered_display": "0"}, "missing_lines": [112, 113, 114], "excluded_lines": []}, "_cleanup_old_logs": {"executed_lines": [], "summary": {"covered_lines": 0, "num_statements": 13, "percent_covered": 0.0, "percent_covered_display": "0", "missing_lines": 13, "excluded_lines": 0, "percent_statements_covered": 0.0, "percent_statements_covered_display": "0"}, "missing_lines": [119, 121, 122, 123, 125, 126, 127, 128, 129, 130, 131, 132, 134], "excluded_lines": []}, "exarp_lifespan": {"executed_lines": [], "summary": {"covered_lines": 0, "num_statements": 23, "percent_covered": 0.0, "percent_covered_display": "0", "missing_lines": 23, "excluded_lines": 0, "percent_statements_covered": 0.0, "percent_statements_covered_display": "0"}, "missing_lines": [155, 161, 163, 165, 166, 169, 170, 173, 174, 177, 178, 181, 182, 183, 185, 186, 189, 196, 197, 198, 205, 208, 210], "excluded_lines": []}, "basic_lifespan": {"executed_lines": [], "summary": {"covered_lines": 0, "num_statements": 9, "percent_covered": 0.0, "percent_covered_display": "0", "missing_lines": 9, "excluded_lines": 0, "percent_statements_covered": 0.0, "percent_statements_covered_display": "0"}, "missing_lines": [217, 219, 220, 221, 222, 223, 225, 226, 228], "excluded_lines": []}, "": {"executed_lines": [1, 16, 17, 18, 19, 20, 22, 23, 24, 29, 32, 33, 39, 46, 47, 52, 55, 63, 86, 103, 110, 117, 137, 138, 214, 215, 231], "summary": {"covered_lines": 25, "num_statements": 28, "percent_covered": 89.28571428571429, "percent_covered_display": "89", "missing_lines": 3, "excluded_lines": 0, "percent_statements_covered": 89.28571428571429, "percent_statements_covered_display": "89"}, "missing_lines": [25, 26, 27], "excluded_lines": []}}, "classes": {"ExarpState": {"executed_lines": [], "summary": {"covered_lines": 0, "num_statements": 6, "percent_covered": 0.0, "percent_covered_display": "0", "missing_lines": 6, "excluded_lines": 0, "percent_statements_covered": 0.0, "percent_statements_covered_display": "0"}, "missing_lines": [40, 41, 42, 43, 44, 48], "excluded_lines": []}, "": {"executed_lines": [1, 16, 17, 18, 19, 20, 22, 23, 24, 29, 32, 33, 39, 46, 47, 52, 55, 63, 86, 103, 110, 117, 137, 138, 214, 215, 231], "summary": {"covered_lines": 25, "num_statements": 104, "percent_covered": 24.03846153846154, "percent_covered_display": "24", "missing_lines": 79, "excluded_lines": 0, "percent_statements_covered": 24.03846153846154, "percent_statements_covered_display": "24"}, "missing_lines": [25, 26, 27, 58, 59, 60, 65, 68, 69, 70, 71, 72, 75, 76, 77, 78, 79, 80, 81, 83, 88, 91, 94, 95, 96, 97, 98, 100, 105, 106, 107, 112, 113, 114, 119, 121, 122, 123, 125, 126, 127, 128, 129, 130, 131, 132, 134, 155, 161, 163, 165, 166, 169, 170, 173, 174, 177, 178, 181, 182, 183, 185, 186, 189, 196, 197, 198, 205, 208, 210, 217, 219, 220, 221, 222, 223, 225, 226, 228], "excluded_lines": []}}}, "project_management_automation/middleware/__init__.py": {"executed_lines": [1, 26, 27, 28, 29, 30, 31, 33], "summary": {"covered_lines": 7, "num_statements": 7, "percent_covered": 100.0, "percent_covered_display": "100", "missing_lines": 0, "excluded_lines": 0, "percent_statements_covered": 100.0, "percent_statements_covered_display": "100"}, "missing_lines": [], "excluded_lines": [], "functions": {"": {"executed_lines": [1, 26, 27, 28, 29, 30, 31, 33], "summary": {"covered_lines": 7, "num_statements": 7, "percent_covered": 100.0, "percent_covered_display": "100", "missing_lines": 0, "excluded_lines": 0, "percent_statements_covered": 100.0, "percent_statements_covered_display": "100"}, "missing_lines": [], "excluded_lines": []}}, "classes": {"": {"executed_lines": [1, 26, 27, 28, 29, 30, 31, 33], "summary": {"covered_lines": 7, "num_statements": 7, "percent_covered": 100.0, "percent_covered_display": "100", "missing_lines": 0, "excluded_lines": 0, "percent_statements_covered": 100.0, "percent_statements_covered_display": "100"}, "missing_lines": [], "excluded_lines": []}}}, "project_management_automation/middleware/access_control.py": {"executed_lines": [1, 7, 9, 10, 11, 20, 21, 22, 23, 24, 25, 29, 69, 70, 83, 99, 100, 101, 102, 104, 108, 128], "summary": {"covered_lines": 19, "num_statements": 39, "percent_covered": 48.717948717948715, "percent_covered_display": "49", "missing_lines": 20, "excluded_lines": 0, "percent_statements_covered": 48.717948717948715, "percent_statements_covered_display": "49"}, "missing_lines": [12, 13, 14, 15, 16, 17, 106, 116, 117, 120, 123, 124, 126, 130, 131, 134, 137, 138, 139, 145], "excluded_lines": [], "functions": {"AccessControlMiddleware.__init__": {"executed_lines": [99, 100, 101, 102], "summary": {"covered_lines": 4, "num_statements": 4, "percent_covered": 100.0, "percent_covered_display": "100", "missing_lines": 0, "excluded_lines": 0, "percent_statements_covered": 100.0, "percent_statements_covered_display": "100"}, "missing_lines": [], "excluded_lines": []}, "AccessControlMiddleware._get_required_level": {"executed_lines": [], "summary": {"covered_lines": 0, "num_statements": 1, "percent_covered": 0.0, "percent_covered_display": "0", "missing_lines": 1, "excluded_lines": 0, "percent_statements_covered": 0.0, "percent_statements_covered_display": "0"}, "missing_lines": [106], "excluded_lines": []}, "AccessControlMiddleware._can_execute": {"executed_lines": [], "summary": {"covered_lines": 0, "num_statements": 6, "percent_covered": 0.0, "percent_covered_display": "0", "missing_lines": 6, "excluded_lines": 0, "percent_statements_covered": 0.0, "percent_statements_covered_display": "0"}, "missing_lines": [116, 117, 120, 123, 124, 126], "excluded_lines": []}, "AccessControlMiddleware.on_call_tool": {"executed_lines": [], "summary": {"covered_lines": 0, "num_statements": 7, "percent_covered": 0.0, "percent_covered_display": "0", "missing_lines": 7, "excluded_lines": 0, "percent_statements_covered": 0.0, "percent_statements_covered_display": "0"}, "missing_lines": [130, 131, 134, 137, 138, 139, 145], "excluded_lines": []}, "": {"executed_lines": [1, 7, 9, 10, 11, 20, 21, 22, 23, 24, 25, 29, 69, 70, 83, 104, 108, 128], "summary": {"covered_lines": 15, "num_statements": 21, "percent_covered": 71.42857142857143, "percent_covered_display": "71", "missing_lines": 6, "excluded_lines": 0, "percent_statements_covered": 71.42857142857143, "percent_statements_covered_display": "71"}, "missing_lines": [12, 13, 14, 15, 16, 17], "excluded_lines": []}}, "classes": {"AccessLevel": {"executed_lines": [], "summary": {"covered_lines": 0, "num_statements": 0, "percent_covered": 100.0, "percent_covered_display": "100", "missing_lines": 0, "excluded_lines": 0, "percent_statements_covered": 100.0, "percent_statements_covered_display": "100"}, "missing_lines": [], "excluded_lines": []}, "AccessControlMiddleware": {"executed_lines": [99, 100, 101, 102], "summary": {"covered_lines": 4, "num_statements": 18, "percent_covered": 22.22222222222222, "percent_covered_display": "22", "missing_lines": 14, "excluded_lines": 0, "percent_statements_covered": 22.22222222222222, "percent_statements_covered_display": "22"}, "missing_lines": [106, 116, 117, 120, 123, 124, 126, 130, 131, 134, 137, 138, 139, 145], "excluded_lines": []}, "": {"executed_lines": [1, 7, 9, 10, 11, 20, 21, 22, 23, 24, 25, 29, 69, 70, 83, 104, 108, 128], "summary": {"covered_lines": 15, "num_statements": 21, "percent_covered": 71.42857142857143, "percent_covered_display": "71", "missing_lines": 6, "excluded_lines": 0, "percent_statements_covered": 71.42857142857143, "percent_statements_covered_display": "71"}, "missing_lines": [12, 13, 14, 15, 16, 17], "excluded_lines": []}}}, "project_management_automation/middleware/logging_middleware.py": {"executed_lines": [1, 7, 8, 9, 11, 12, 13, 21, 24, 25, 37, 53, 54, 55, 56, 58, 110], "summary": {"covered_lines": 15, "num_statements": 69, "percent_covered": 21.73913043478261, "percent_covered_display": "22", "missing_lines": 54, "excluded_lines": 0, "percent_statements_covered": 21.73913043478261, "percent_statements_covered_display": "22"}, "missing_lines": [14, 15, 16, 17, 18, 19, 60, 61, 63, 64, 65, 68, 69, 70, 71, 72, 74, 75, 77, 78, 79, 80, 82, 85, 86, 87, 88, 91, 93, 94, 96, 97, 98, 99, 100, 102, 103, 105, 106, 107, 108, 112, 113, 115, 116, 118, 119, 120, 121, 122, 123, 124, 125, 126], "excluded_lines": [], "functions": {"LoggingMiddleware.__init__": {"executed_lines": [53, 54, 55, 56], "summary": {"covered_lines": 4, "num_statements": 4, "percent_covered": 100.0, "percent_covered_display": "100", "missing_lines": 0, "excluded_lines": 0, "percent_statements_covered": 100.0, "percent_statements_covered_display": "100"}, "missing_lines": [], "excluded_lines": []}, "LoggingMiddleware.on_call_tool": {"executed_lines": [], "summary": {"covered_lines": 0, "num_statements": 35, "percent_covered": 0.0, "percent_covered_display": "0", "missing_lines": 35, "excluded_lines": 0, "percent_statements_covered": 0.0, "percent_statements_covered_display": "0"}, "missing_lines": [60, 61, 63, 64, 65, 68, 69, 70, 71, 72, 74, 75, 77, 78, 79, 80, 82, 85, 86, 87, 88, 91, 93, 94, 96, 97, 98, 99, 100, 102, 103, 105, 106, 107, 108], "excluded_lines": []}, "LoggingMiddleware.on_request": {"executed_lines": [], "summary": {"covered_lines": 0, "num_statements": 13, "percent_covered": 0.0, "percent_covered_display": "0", "missing_lines": 13, "excluded_lines": 0, "percent_statements_covered": 0.0, "percent_statements_covered_display": "0"}, "missing_lines": [112, 113, 115, 116, 118, 119, 120, 121, 122, 123, 124, 125, 126], "excluded_lines": []}, "": {"executed_lines": [1, 7, 8, 9, 11, 12, 13, 21, 24, 25, 37, 58, 110], "summary": {"covered_lines": 11, "num_statements": 17, "percent_covered": 64.70588235294117, "percent_covered_display": "65", "missing_lines": 6, "excluded_lines": 0, "percent_statements_covered": 64.70588235294117, "percent_statements_covered_display": "65"}, "missing_lines": [14, 15, 16, 17, 18, 19], "excluded_lines": []}}, "classes": {"LoggingMiddleware": {"executed_lines": [53, 54, 55, 56], "summary": {"covered_lines": 4, "num_statements": 52, "percent_covered": 7.6923076923076925, "percent_covered_display": "8", "missing_lines": 48, "excluded_lines": 0, "percent_statements_covered": 7.6923076923076925, "percent_statements_covered_display": "8"}, "missing_lines": [60, 61, 63, 64, 65, 68, 69, 70, 71, 72, 74, 75, 77, 78, 79, 80, 82, 85, 86, 87, 88, 91, 93, 94, 96, 97, 98, 99, 100, 102, 103, 105, 106, 107, 108, 112, 113, 115, 116, 118, 119, 120, 121, 122, 123, 124, 125, 126], "excluded_lines": []}, "": {"executed_lines": [1, 7, 8, 9, 11, 12, 13, 21, 24, 25, 37, 58, 110], "summary": {"covered_lines": 11, "num_statements": 17, "percent_covered": 64.70588235294117, "percent_covered_display": "65", "missing_lines": 6, "excluded_lines": 0, "percent_statements_covered": 64.70588235294117, "percent_statements_covered_display": "65"}, "missing_lines": [14, 15, 16, 17, 18, 19], "excluded_lines": []}}}, "project_management_automation/middleware/path_validation.py": {"executed_lines": [1, 7, 8, 9, 11, 12, 13, 22, 23, 37, 45, 61, 62, 63, 72, 73, 75, 80, 88, 93, 125], "summary": {"covered_lines": 19, "num_statements": 54, "percent_covered": 35.18518518518518, "percent_covered_display": "35", "missing_lines": 35, "excluded_lines": 0, "percent_statements_covered": 35.18518518518518, "percent_statements_covered_display": "35"}, "missing_lines": [14, 15, 16, 17, 18, 19, 77, 78, 82, 83, 90, 91, 100, 101, 103, 104, 107, 108, 110, 113, 114, 117, 118, 120, 122, 123, 127, 128, 131, 134, 135, 136, 137, 138, 144], "excluded_lines": [], "functions": {"PathValidationMiddleware.__init__": {"executed_lines": [61, 62, 63, 72, 73], "summary": {"covered_lines": 5, "num_statements": 5, "percent_covered": 100.0, "percent_covered_display": "100", "missing_lines": 0, "excluded_lines": 0, "percent_statements_covered": 100.0, "percent_statements_covered_display": "100"}, "missing_lines": [], "excluded_lines": []}, "PathValidationMiddleware._is_path_argument": {"executed_lines": [], "summary": {"covered_lines": 0, "num_statements": 2, "percent_covered": 0.0, "percent_covered_display": "0", "missing_lines": 2, "excluded_lines": 0, "percent_statements_covered": 0.0, "percent_statements_covered_display": "0"}, "missing_lines": [77, 78], "excluded_lines": []}, "PathValidationMiddleware._is_within_boundary": {"executed_lines": [], "summary": {"covered_lines": 0, "num_statements": 2, "percent_covered": 0.0, "percent_covered_display": "0", "missing_lines": 2, "excluded_lines": 0, "percent_statements_covered": 0.0, "percent_statements_covered_display": "0"}, "missing_lines": [82, 83], "excluded_lines": []}, "PathValidationMiddleware._is_blocked": {"executed_lines": [], "summary": {"covered_lines": 0, "num_statements": 2, "percent_covered": 0.0, "percent_covered_display": "0", "missing_lines": 2, "excluded_lines": 0, "percent_statements_covered": 0.0, "percent_statements_covered_display": "0"}, "missing_lines": [90, 91], "excluded_lines": []}, "PathValidationMiddleware._validate_path": {"executed_lines": [], "summary": {"covered_lines": 0, "num_statements": 14, "percent_covered": 0.0, "percent_covered_display": "0", "missing_lines": 14, "excluded_lines": 0, "percent_statements_covered": 0.0, "percent_statements_covered_display": "0"}, "missing_lines": [100, 101, 103, 104, 107, 108, 110, 113, 114, 117, 118, 120, 122, 123], "excluded_lines": []}, "PathValidationMiddleware.on_call_tool": {"executed_lines": [], "summary": {"covered_lines": 0, "num_statements": 9, "percent_covered": 0.0, "percent_covered_display": "0", "missing_lines": 9, "excluded_lines": 0, "percent_statements_covered": 0.0, "percent_statements_covered_display": "0"}, "missing_lines": [127, 128, 131, 134, 135, 136, 137, 138, 144], "excluded_lines": []}, "": {"executed_lines": [1, 7, 8, 9, 11, 12, 13, 22, 23, 37, 45, 75, 80, 88, 93, 125], "summary": {"covered_lines": 14, "num_statements": 20, "percent_covered": 70.0, "percent_covered_display": "70", "missing_lines": 6, "excluded_lines": 0, "percent_statements_covered": 70.0, "percent_statements_covered_display": "70"}, "missing_lines": [14, 15, 16, 17, 18, 19], "excluded_lines": []}}, "classes": {"PathValidationMiddleware": {"executed_lines": [61, 62, 63, 72, 73], "summary": {"covered_lines": 5, "num_statements": 34, "percent_covered": 14.705882352941176, "percent_covered_display": "15", "missing_lines": 29, "excluded_lines": 0, "percent_statements_covered": 14.705882352941176, "percent_statements_covered_display": "15"}, "missing_lines": [77, 78, 82, 83, 90, 91, 100, 101, 103, 104, 107, 108, 110, 113, 114, 117, 118, 120, 122, 123, 127, 128, 131, 134, 135, 136, 137, 138, 144], "excluded_lines": []}, "": {"executed_lines": [1, 7, 8, 9, 11, 12, 13, 22, 23, 37, 45, 75, 80, 88, 93, 125], "summary": {"covered_lines": 14, "num_statements": 20, "percent_covered": 70.0, "percent_covered_display": "70", "missing_lines": 6, "excluded_lines": 0, "percent_statements_covered": 70.0, "percent_statements_covered_display": "70"}, "missing_lines": [14, 15, 16, 17, 18, 19], "excluded_lines": []}}}, "project_management_automation/middleware/rate_limit.py": {"executed_lines": [1, 7, 8, 9, 11, 12, 13, 23, 24, 37, 53, 54, 55, 56, 57, 61, 68, 94], "summary": {"covered_lines": 16, "num_statements": 46, "percent_covered": 34.78260869565217, "percent_covered_display": "35", "missing_lines": 30, "excluded_lines": 0, "percent_statements_covered": 34.78260869565217, "percent_statements_covered_display": "35"}, "missing_lines": [14, 15, 17, 18, 19, 20, 63, 64, 65, 66, 75, 76, 79, 80, 84, 87, 88, 89, 91, 92, 96, 97, 100, 103, 104, 107, 108, 110, 111, 117], "excluded_lines": [], "functions": {"RateLimitMiddleware.__init__": {"executed_lines": [53, 54, 55, 56, 57], "summary": {"covered_lines": 5, "num_statements": 5, "percent_covered": 100.0, "percent_covered_display": "100", "missing_lines": 0, "excluded_lines": 0, "percent_statements_covered": 100.0, "percent_statements_covered_display": "100"}, "missing_lines": [], "excluded_lines": []}, "RateLimitMiddleware._get_bucket_key": {"executed_lines": [], "summary": {"covered_lines": 0, "num_statements": 4, "percent_covered": 0.0, "percent_covered_display": "0", "missing_lines": 4, "excluded_lines": 0, "percent_statements_covered": 0.0, "percent_statements_covered_display": "0"}, "missing_lines": [63, 64, 65, 66], "excluded_lines": []}, "RateLimitMiddleware._check_rate_limit": {"executed_lines": [], "summary": {"covered_lines": 0, "num_statements": 10, "percent_covered": 0.0, "percent_covered_display": "0", "missing_lines": 10, "excluded_lines": 0, "percent_statements_covered": 0.0, "percent_statements_covered_display": "0"}, "missing_lines": [75, 76, 79, 80, 84, 87, 88, 89, 91, 92], "excluded_lines": []}, "RateLimitMiddleware.on_call_tool": {"executed_lines": [], "summary": {"covered_lines": 0, "num_statements": 10, "percent_covered": 0.0, "percent_covered_display": "0", "missing_lines": 10, "excluded_lines": 0, "percent_statements_covered": 0.0, "percent_statements_covered_display": "0"}, "missing_lines": [96, 97, 100, 103, 104, 107, 108, 110, 111, 117], "excluded_lines": []}, "": {"executed_lines": [1, 7, 8, 9, 11, 12, 13, 23, 24, 37, 61, 68, 94], "summary": {"covered_lines": 11, "num_statements": 17, "percent_covered": 64.70588235294117, "percent_covered_display": "65", "missing_lines": 6, "excluded_lines": 0, "percent_statements_covered": 64.70588235294117, "percent_statements_covered_display": "65"}, "missing_lines": [14, 15, 17, 18, 19, 20], "excluded_lines": []}}, "classes": {"RateLimitMiddleware": {"executed_lines": [53, 54, 55, 56, 57], "summary": {"covered_lines": 5, "num_statements": 29, "percent_covered": 17.24137931034483, "percent_covered_display": "17", "missing_lines": 24, "excluded_lines": 0, "percent_statements_covered": 17.24137931034483, "percent_statements_covered_display": "17"}, "missing_lines": [63, 64, 65, 66, 75, 76, 79, 80, 84, 87, 88, 89, 91, 92, 96, 97, 100, 103, 104, 107, 108, 110, 111, 117], "excluded_lines": []}, "": {"executed_lines": [1, 7, 8, 9, 11, 12, 13, 23, 24, 37, 61, 68, 94], "summary": {"covered_lines": 11, "num_statements": 17, "percent_covered": 64.70588235294117, "percent_covered_display": "65", "missing_lines": 6, "excluded_lines": 0, "percent_statements_covered": 64.70588235294117, "percent_statements_covered_display": "65"}, "missing_lines": [14, 15, 17, 18, 19, 20], "excluded_lines": []}}}, "project_management_automation/middleware/security.py": {"executed_lines": [1, 7, 8, 10, 11, 12, 20, 21, 22, 25, 26, 40, 74, 81, 87, 94, 127, 128, 132, 133, 137, 138], "summary": {"covered_lines": 20, "num_statements": 41, "percent_covered": 48.78048780487805, "percent_covered_display": "49", "missing_lines": 21, "excluded_lines": 0, "percent_statements_covered": 48.78048780487805, "percent_statements_covered_display": "49"}, "missing_lines": [13, 14, 15, 16, 17, 18, 96, 97, 100, 104, 105, 108, 112, 113, 116, 120, 121, 124, 130, 135, 140], "excluded_lines": [], "functions": {"SecurityMiddleware.__init__": {"executed_lines": [74, 81, 87], "summary": {"covered_lines": 3, "num_statements": 3, "percent_covered": 100.0, "percent_covered_display": "100", "missing_lines": 0, "excluded_lines": 0, "percent_statements_covered": 100.0, "percent_statements_covered_display": "100"}, "missing_lines": [], "excluded_lines": []}, "SecurityMiddleware.on_call_tool": {"executed_lines": [], "summary": {"covered_lines": 0, "num_statements": 12, "percent_covered": 0.0, "percent_covered_display": "0", "missing_lines": 12, "excluded_lines": 0, "percent_statements_covered": 0.0, "percent_statements_covered_display": "0"}, "missing_lines": [96, 97, 100, 104, 105, 108, 112, 113, 116, 120, 121, 124], "excluded_lines": []}, "SecurityMiddleware.rate_limiter": {"executed_lines": [], "summary": {"covered_lines": 0, "num_statements": 1, "percent_covered": 0.0, "percent_covered_display": "0", "missing_lines": 1, "excluded_lines": 0, "percent_statements_covered": 0.0, "percent_statements_covered_display": "0"}, "missing_lines": [130], "excluded_lines": []}, "SecurityMiddleware.path_validator": {"executed_lines": [], "summary": {"covered_lines": 0, "num_statements": 1, "percent_covered": 0.0, "percent_covered_display": "0", "missing_lines": 1, "excluded_lines": 0, "percent_statements_covered": 0.0, "percent_statements_covered_display": "0"}, "missing_lines": [135], "excluded_lines": []}, "SecurityMiddleware.access_controller": {"executed_lines": [], "summary": {"covered_lines": 0, "num_statements": 1, "percent_covered": 0.0, "percent_covered_display": "0", "missing_lines": 1, "excluded_lines": 0, "percent_statements_covered": 0.0, "percent_statements_covered_display": "0"}, "missing_lines": [140], "excluded_lines": []}, "": {"executed_lines": [1, 7, 8, 10, 11, 12, 20, 21, 22, 25, 26, 40, 94, 127, 128, 132, 133, 137, 138], "summary": {"covered_lines": 17, "num_statements": 23, "percent_covered": 73.91304347826087, "percent_covered_display": "74", "missing_lines": 6, "excluded_lines": 0, "percent_statements_covered": 73.91304347826087, "percent_statements_covered_display": "74"}, "missing_lines": [13, 14, 15, 16, 17, 18], "excluded_lines": []}}, "classes": {"SecurityMiddleware": {"executed_lines": [74, 81, 87], "summary": {"covered_lines": 3, "num_statements": 18, "percent_covered": 16.666666666666668, "percent_covered_display": "17", "missing_lines": 15, "excluded_lines": 0, "percent_statements_covered": 16.666666666666668, "percent_statements_covered_display": "17"}, "missing_lines": [96, 97, 100, 104, 105, 108, 112, 113, 116, 120, 121, 124, 130, 135, 140], "excluded_lines": []}, "": {"executed_lines": [1, 7, 8, 10, 11, 12, 20, 21, 22, 25, 26, 40, 94, 127, 128, 132, 133, 137, 138], "summary": {"covered_lines": 17, "num_statements": 23, "percent_covered": 73.91304347826087, "percent_covered_display": "74", "missing_lines": 6, "excluded_lines": 0, "percent_statements_covered": 73.91304347826087, "percent_statements_covered_display": "74"}, "missing_lines": [13, 14, 15, 16, 17, 18], "excluded_lines": []}}}, "project_management_automation/middleware/tool_filter.py": {"executed_lines": [1, 14, 15, 17, 20, 21, 33, 40, 41, 42, 44, 71, 89, 125, 134, 140, 163], "summary": {"covered_lines": 15, "num_statements": 56, "percent_covered": 26.785714285714285, "percent_covered_display": "27", "missing_lines": 41, "excluded_lines": 0, "percent_statements_covered": 26.785714285714285, "percent_statements_covered_display": "27"}, "missing_lines": [56, 59, 60, 63, 66, 67, 69, 74, 75, 76, 79, 80, 81, 84, 85, 87, 91, 92, 94, 96, 97, 99, 102, 107, 108, 109, 110, 116, 118, 119, 120, 121, 123, 127, 136, 151, 152, 154, 155, 159, 160], "excluded_lines": [], "functions": {"ToolFilterMiddleware.__init__": {"executed_lines": [40, 41, 42], "summary": {"covered_lines": 3, "num_statements": 3, "percent_covered": 100.0, "percent_covered_display": "100", "missing_lines": 0, "excluded_lines": 0, "percent_statements_covered": 100.0, "percent_statements_covered_display": "100"}, "missing_lines": [], "excluded_lines": []}, "ToolFilterMiddleware.__call__": {"executed_lines": [], "summary": {"covered_lines": 0, "num_statements": 7, "percent_covered": 0.0, "percent_covered_display": "0", "missing_lines": 7, "excluded_lines": 0, "percent_statements_covered": 0.0, "percent_statements_covered_display": "0"}, "missing_lines": [56, 59, 60, 63, 66, 67, 69], "excluded_lines": []}, "ToolFilterMiddleware._is_tools_list_response": {"executed_lines": [], "summary": {"covered_lines": 0, "num_statements": 9, "percent_covered": 0.0, "percent_covered_display": "0", "missing_lines": 9, "excluded_lines": 0, "percent_statements_covered": 0.0, "percent_statements_covered_display": "0"}, "missing_lines": [74, 75, 76, 79, 80, 81, 84, 85, 87], "excluded_lines": []}, "ToolFilterMiddleware._filter_tools_response": {"executed_lines": [], "summary": {"covered_lines": 0, "num_statements": 17, "percent_covered": 0.0, "percent_covered_display": "0", "missing_lines": 17, "excluded_lines": 0, "percent_statements_covered": 0.0, "percent_statements_covered_display": "0"}, "missing_lines": [91, 92, 94, 96, 97, 99, 102, 107, 108, 109, 110, 116, 118, 119, 120, 121, 123], "excluded_lines": []}, "ToolFilterMiddleware.get_stats": {"executed_lines": [], "summary": {"covered_lines": 0, "num_statements": 1, "percent_covered": 0.0, "percent_covered_display": "0", "missing_lines": 1, "excluded_lines": 0, "percent_statements_covered": 0.0, "percent_statements_covered_display": "0"}, "missing_lines": [127], "excluded_lines": []}, "create_tool_filter_middleware": {"executed_lines": [], "summary": {"covered_lines": 0, "num_statements": 1, "percent_covered": 0.0, "percent_covered_display": "0", "missing_lines": 1, "excluded_lines": 0, "percent_statements_covered": 0.0, "percent_statements_covered_display": "0"}, "missing_lines": [136], "excluded_lines": []}, "filter_tools_by_visibility": {"executed_lines": [], "summary": {"covered_lines": 0, "num_statements": 6, "percent_covered": 0.0, "percent_covered_display": "0", "missing_lines": 6, "excluded_lines": 0, "percent_statements_covered": 0.0, "percent_statements_covered_display": "0"}, "missing_lines": [151, 152, 154, 155, 159, 160], "excluded_lines": []}, "": {"executed_lines": [1, 14, 15, 17, 20, 21, 33, 44, 71, 89, 125, 134, 140, 163], "summary": {"covered_lines": 12, "num_statements": 12, "percent_covered": 100.0, "percent_covered_display": "100", "missing_lines": 0, "excluded_lines": 0, "percent_statements_covered": 100.0, "percent_statements_covered_display": "100"}, "missing_lines": [], "excluded_lines": []}}, "classes": {"ToolFilterMiddleware": {"executed_lines": [40, 41, 42], "summary": {"covered_lines": 3, "num_statements": 37, "percent_covered": 8.108108108108109, "percent_covered_display": "8", "missing_lines": 34, "excluded_lines": 0, "percent_statements_covered": 8.108108108108109, "percent_statements_covered_display": "8"}, "missing_lines": [56, 59, 60, 63, 66, 67, 69, 74, 75, 76, 79, 80, 81, 84, 85, 87, 91, 92, 94, 96, 97, 99, 102, 107, 108, 109, 110, 116, 118, 119, 120, 121, 123, 127], "excluded_lines": []}, "": {"executed_lines": [1, 14, 15, 17, 20, 21, 33, 44, 71, 89, 125, 134, 140, 163], "summary": {"covered_lines": 12, "num_statements": 19, "percent_covered": 63.1578947368421, "percent_covered_display": "63", "missing_lines": 7, "excluded_lines": 0, "percent_statements_covered": 63.1578947368421, "percent_statements_covered_display": "63"}, "missing_lines": [136, 151, 152, 154, 155, 159, 160], "excluded_lines": []}}}, "project_management_automation/naming.py": {"executed_lines": [], "summary": {"covered_lines": 0, "num_statements": 30, "percent_covered": 0.0, "percent_covered_display": "0", "missing_lines": 30, "excluded_lines": 0, "percent_statements_covered": 0.0, "percent_statements_covered_display": "0"}, "missing_lines": [44, 47, 58, 61, 87, 90, 92, 95, 97, 100, 102, 105, 107, 110, 117, 145, 146, 149, 150, 151, 152, 153, 154, 155, 156, 157, 158, 160, 163, 165], "excluded_lines": [], "functions": {"get_canonical_tool_name": {"executed_lines": [], "summary": {"covered_lines": 0, "num_statements": 1, "percent_covered": 0.0, "percent_covered_display": "0", "missing_lines": 1, "excluded_lines": 0, "percent_statements_covered": 0.0, "percent_statements_covered_display": "0"}, "missing_lines": [92], "excluded_lines": []}, "get_tool_alias": {"executed_lines": [], "summary": {"covered_lines": 0, "num_statements": 1, "percent_covered": 0.0, "percent_covered_display": "0", "missing_lines": 1, "excluded_lines": 0, "percent_statements_covered": 0.0, "percent_statements_covered_display": "0"}, "missing_lines": [97], "excluded_lines": []}, "get_canonical_prompt_name": {"executed_lines": [], "summary": {"covered_lines": 0, "num_statements": 1, "percent_covered": 0.0, "percent_covered_display": "0", "missing_lines": 1, "excluded_lines": 0, "percent_statements_covered": 0.0, "percent_statements_covered_display": "0"}, "missing_lines": [102], "excluded_lines": []}, "get_prompt_alias": {"executed_lines": [], "summary": {"covered_lines": 0, "num_statements": 1, "percent_covered": 0.0, "percent_covered_display": "0", "missing_lines": 1, "excluded_lines": 0, "percent_statements_covered": 0.0, "percent_statements_covered_display": "0"}, "missing_lines": [107], "excluded_lines": []}, "validate_tool_name": {"executed_lines": [], "summary": {"covered_lines": 0, "num_statements": 14, "percent_covered": 0.0, "percent_covered_display": "0", "missing_lines": 14, "excluded_lines": 0, "percent_statements_covered": 0.0, "percent_statements_covered_display": "0"}, "missing_lines": [117, 145, 146, 149, 150, 151, 152, 153, 154, 155, 156, 157, 158, 160], "excluded_lines": []}, "list_all_conventions": {"executed_lines": [], "summary": {"covered_lines": 0, "num_statements": 1, "percent_covered": 0.0, "percent_covered_display": "0", "missing_lines": 1, "excluded_lines": 0, "percent_statements_covered": 0.0, "percent_statements_covered_display": "0"}, "missing_lines": [165], "excluded_lines": []}, "": {"executed_lines": [], "summary": {"covered_lines": 0, "num_statements": 11, "percent_covered": 0.0, "percent_covered_display": "0", "missing_lines": 11, "excluded_lines": 0, "percent_statements_covered": 0.0, "percent_statements_covered_display": "0"}, "missing_lines": [44, 47, 58, 61, 87, 90, 95, 100, 105, 110, 163], "excluded_lines": []}}, "classes": {"": {"executed_lines": [], "summary": {"covered_lines": 0, "num_statements": 30, "percent_covered": 0.0, "percent_covered_display": "0", "missing_lines": 30, "excluded_lines": 0, "percent_statements_covered": 0.0, "percent_statements_covered_display": "0"}, "missing_lines": [44, 47, 58, 61, 87, 90, 92, 95, 97, 100, 102, 105, 107, 110, 117, 145, 146, 149, 150, 151, 152, 153, 154, 155, 156, 157, 158, 160, 163, 165], "excluded_lines": []}}}, "project_management_automation/resources/__init__.py": {"executed_lines": [1, 11, 23], "summary": {"covered_lines": 2, "num_statements": 2, "percent_covered": 100.0, "percent_covered_display": "100", "missing_lines": 0, "excluded_lines": 0, "percent_statements_covered": 100.0, "percent_statements_covered_display": "100"}, "missing_lines": [], "excluded_lines": [], "functions": {"": {"executed_lines": [1, 11, 23], "summary": {"covered_lines": 2, "num_statements": 2, "percent_covered": 100.0, "percent_covered_display": "100", "missing_lines": 0, "excluded_lines": 0, "percent_statements_covered": 100.0, "percent_statements_covered_display": "100"}, "missing_lines": [], "excluded_lines": []}}, "classes": {"": {"executed_lines": [1, 11, 23], "summary": {"covered_lines": 2, "num_statements": 2, "percent_covered": 100.0, "percent_covered_display": "100", "missing_lines": 0, "excluded_lines": 0, "percent_statements_covered": 100.0, "percent_statements_covered_display": "100"}, "missing_lines": [], "excluded_lines": []}}}, "project_management_automation/resources/cache.py": {"executed_lines": [1, 7, 8, 9, 11, 13, 16, 23, 24, 25, 31, 32, 33, 34, 44, 45, 52, 53, 54, 55, 56, 66, 67, 68, 73, 81, 88], "summary": {"covered_lines": 26, "num_statements": 32, "percent_covered": 81.25, "percent_covered_display": "81", "missing_lines": 6, "excluded_lines": 0, "percent_statements_covered": 81.25, "percent_statements_covered_display": "81"}, "missing_lines": [69, 70, 71, 90, 91, 92], "excluded_lines": [], "functions": {"get_cache_status_resource": {"executed_lines": [23, 24, 25, 31, 32, 33, 34, 44, 45, 52, 53, 54, 55, 56, 66, 67, 68, 73, 81, 88], "summary": {"covered_lines": 20, "num_statements": 26, "percent_covered": 76.92307692307692, "percent_covered_display": "77", "missing_lines": 6, "excluded_lines": 0, "percent_statements_covered": 76.92307692307692, "percent_statements_covered_display": "77"}, "missing_lines": [69, 70, 71, 90, 91, 92], "excluded_lines": []}, "": {"executed_lines": [1, 7, 8, 9, 11, 13, 16], "summary": {"covered_lines": 6, "num_statements": 6, "percent_covered": 100.0, "percent_covered_display": "100", "missing_lines": 0, "excluded_lines": 0, "percent_statements_covered": 100.0, "percent_statements_covered_display": "100"}, "missing_lines": [], "excluded_lines": []}}, "classes": {"": {"executed_lines": [1, 7, 8, 9, 11, 13, 16, 23, 24, 25, 31, 32, 33, 34, 44, 45, 52, 53, 54, 55, 56, 66, 67, 68, 73, 81, 88], "summary": {"covered_lines": 26, "num_statements": 32, "percent_covered": 81.25, "percent_covered_display": "81", "missing_lines": 6, "excluded_lines": 0, "percent_statements_covered": 81.25, "percent_statements_covered_display": "81"}, "missing_lines": [69, 70, 71, 90, 91, 92], "excluded_lines": []}}}, "project_management_automation/resources/catalog.py": {"executed_lines": [1, 17, 18, 20, 23, 75, 107, 144, 176, 216, 244], "summary": {"covered_lines": 10, "num_statements": 84, "percent_covered": 11.904761904761905, "percent_covered_display": "12", "missing_lines": 74, "excluded_lines": 0, "percent_statements_covered": 11.904761904761905, "percent_statements_covered_display": "12"}, "missing_lines": [29, 30, 36, 68, 70, 71, 72, 81, 82, 84, 100, 102, 103, 104, 113, 114, 116, 117, 118, 119, 120, 121, 130, 137, 139, 140, 141, 150, 151, 153, 169, 171, 172, 173, 182, 184, 186, 187, 188, 194, 195, 196, 198, 199, 200, 201, 202, 204, 213, 222, 223, 225, 227, 237, 239, 240, 241, 250, 252, 253, 254, 257, 258, 259, 260, 261, 262, 263, 264, 266, 279, 281, 282, 283], "excluded_lines": [], "functions": {"get_advisors_resource": {"executed_lines": [], "summary": {"covered_lines": 0, "num_statements": 7, "percent_covered": 0.0, "percent_covered_display": "0", "missing_lines": 7, "excluded_lines": 0, "percent_statements_covered": 0.0, "percent_statements_covered_display": "0"}, "missing_lines": [29, 30, 36, 68, 70, 71, 72], "excluded_lines": []}, "get_models_resource": {"executed_lines": [], "summary": {"covered_lines": 0, "num_statements": 7, "percent_covered": 0.0, "percent_covered_display": "0", "missing_lines": 7, "excluded_lines": 0, "percent_statements_covered": 0.0, "percent_statements_covered_display": "0"}, "missing_lines": [81, 82, 84, 100, 102, 103, 104], "excluded_lines": []}, "get_problem_categories_resource": {"executed_lines": [], "summary": {"covered_lines": 0, "num_statements": 13, "percent_covered": 0.0, "percent_covered_display": "0", "missing_lines": 13, "excluded_lines": 0, "percent_statements_covered": 0.0, "percent_statements_covered_display": "0"}, "missing_lines": [113, 114, 116, 117, 118, 119, 120, 121, 130, 137, 139, 140, 141], "excluded_lines": []}, "get_tools_resource": {"executed_lines": [], "summary": {"covered_lines": 0, "num_statements": 7, "percent_covered": 0.0, "percent_covered_display": "0", "missing_lines": 7, "excluded_lines": 0, "percent_statements_covered": 0.0, "percent_statements_covered_display": "0"}, "missing_lines": [150, 151, 153, 169, 171, 172, 173], "excluded_lines": []}, "get_linters_resource": {"executed_lines": [], "summary": {"covered_lines": 0, "num_statements": 15, "percent_covered": 0.0, "percent_covered_display": "0", "missing_lines": 15, "excluded_lines": 0, "percent_statements_covered": 0.0, "percent_statements_covered_display": "0"}, "missing_lines": [182, 184, 186, 187, 188, 194, 195, 196, 198, 199, 200, 201, 202, 204, 213], "excluded_lines": []}, "get_tts_backends_resource": {"executed_lines": [], "summary": {"covered_lines": 0, "num_statements": 8, "percent_covered": 0.0, "percent_covered_display": "0", "missing_lines": 8, "excluded_lines": 0, "percent_statements_covered": 0.0, "percent_statements_covered_display": "0"}, "missing_lines": [222, 223, 225, 227, 237, 239, 240, 241], "excluded_lines": []}, "get_server_status_resource": {"executed_lines": [], "summary": {"covered_lines": 0, "num_statements": 17, "percent_covered": 0.0, "percent_covered_display": "0", "missing_lines": 17, "excluded_lines": 0, "percent_statements_covered": 0.0, "percent_statements_covered_display": "0"}, "missing_lines": [250, 252, 253, 254, 257, 258, 259, 260, 261, 262, 263, 264, 266, 279, 281, 282, 283], "excluded_lines": []}, "": {"executed_lines": [1, 17, 18, 20, 23, 75, 107, 144, 176, 216, 244], "summary": {"covered_lines": 10, "num_statements": 10, "percent_covered": 100.0, "percent_covered_display": "100", "missing_lines": 0, "excluded_lines": 0, "percent_statements_covered": 100.0, "percent_statements_covered_display": "100"}, "missing_lines": [], "excluded_lines": []}}, "classes": {"": {"executed_lines": [1, 17, 18, 20, 23, 75, 107, 144, 176, 216, 244], "summary": {"covered_lines": 10, "num_statements": 84, "percent_covered": 11.904761904761905, "percent_covered_display": "12", "missing_lines": 74, "excluded_lines": 0, "percent_statements_covered": 11.904761904761905, "percent_statements_covered_display": "12"}, "missing_lines": [29, 30, 36, 68, 70, 71, 72, 81, 82, 84, 100, 102, 103, 104, 113, 114, 116, 117, 118, 119, 120, 121, 130, 137, 139, 140, 141, 150, 151, 153, 169, 171, 172, 173, 182, 184, 186, 187, 188, 194, 195, 196, 198, 199, 200, 201, 202, 204, 213, 222, 223, 225, 227, 237, 239, 240, 241, 250, 252, 253, 254, 257, 258, 259, 260, 261, 262, 263, 264, 266, 279, 281, 282, 283], "excluded_lines": []}}}, "project_management_automation/resources/history.py": {"executed_lines": [1, 7, 8, 9, 11, 13, 16, 26, 27, 28, 35, 42, 43, 44, 45, 46, 47, 48, 49, 56, 57, 58, 61, 67, 69], "summary": {"covered_lines": 24, "num_statements": 27, "percent_covered": 88.88888888888889, "percent_covered_display": "89", "missing_lines": 3, "excluded_lines": 0, "percent_statements_covered": 88.88888888888889, "percent_statements_covered_display": "89"}, "missing_lines": [71, 72, 73], "excluded_lines": [], "functions": {"get_history_resource": {"executed_lines": [26, 27, 28, 35, 42, 43, 44, 45, 46, 47, 48, 49, 56, 57, 58, 61, 67, 69], "summary": {"covered_lines": 18, "num_statements": 21, "percent_covered": 85.71428571428571, "percent_covered_display": "86", "missing_lines": 3, "excluded_lines": 0, "percent_statements_covered": 85.71428571428571, "percent_statements_covered_display": "86"}, "missing_lines": [71, 72, 73], "excluded_lines": []}, "": {"executed_lines": [1, 7, 8, 9, 11, 13, 16], "summary": {"covered_lines": 6, "num_statements": 6, "percent_covered": 100.0, "percent_covered_display": "100", "missing_lines": 0, "excluded_lines": 0, "percent_statements_covered": 100.0, "percent_statements_covered_display": "100"}, "missing_lines": [], "excluded_lines": []}}, "classes": {"": {"executed_lines": [1, 7, 8, 9, 11, 13, 16, 26, 27, 28, 35, 42, 43, 44, 45, 46, 47, 48, 49, 56, 57, 58, 61, 67, 69], "summary": {"covered_lines": 24, "num_statements": 27, "percent_covered": 88.88888888888889, "percent_covered_display": "89", "missing_lines": 3, "excluded_lines": 0, "percent_statements_covered": 88.88888888888889, "percent_statements_covered_display": "89"}, "missing_lines": [71, 72, 73], "excluded_lines": []}}}, "project_management_automation/resources/list.py": {"executed_lines": [1, 7, 8, 9, 11, 14, 21, 22, 227], "summary": {"covered_lines": 8, "num_statements": 11, "percent_covered": 72.72727272727273, "percent_covered_display": "73", "missing_lines": 3, "excluded_lines": 0, "percent_statements_covered": 72.72727272727273, "percent_statements_covered_display": "73"}, "missing_lines": [229, 230, 231], "excluded_lines": [], "functions": {"get_tools_list_resource": {"executed_lines": [21, 22, 227], "summary": {"covered_lines": 3, "num_statements": 6, "percent_covered": 50.0, "percent_covered_display": "50", "missing_lines": 3, "excluded_lines": 0, "percent_statements_covered": 50.0, "percent_statements_covered_display": "50"}, "missing_lines": [229, 230, 231], "excluded_lines": []}, "": {"executed_lines": [1, 7, 8, 9, 11, 14], "summary": {"covered_lines": 5, "num_statements": 5, "percent_covered": 100.0, "percent_covered_display": "100", "missing_lines": 0, "excluded_lines": 0, "percent_statements_covered": 100.0, "percent_statements_covered_display": "100"}, "missing_lines": [], "excluded_lines": []}}, "classes": {"": {"executed_lines": [1, 7, 8, 9, 11, 14, 21, 22, 227], "summary": {"covered_lines": 8, "num_statements": 11, "percent_covered": 72.72727272727273, "percent_covered_display": "73", "missing_lines": 3, "excluded_lines": 0, "percent_statements_covered": 72.72727272727273, "percent_statements_covered_display": "73"}, "missing_lines": [229, 230, 231], "excluded_lines": []}}}, "project_management_automation/resources/memories.py": {"executed_lines": [1, 15, 16, 17, 18, 19, 20, 22, 24, 27, 36, 38, 39, 40, 41, 44, 46, 47, 49, 50, 51, 52, 53, 58, 59, 62, 64, 65, 67, 68, 70, 73, 81, 83, 84, 86, 87, 89, 93, 94, 96, 99, 119, 120, 121, 123, 134, 135, 137, 140, 142, 143, 145, 146, 148, 149, 150, 156, 167, 168, 170, 171, 172, 173, 174, 175, 178, 179, 182, 183, 185, 188, 191, 192, 195, 197, 205, 212, 213, 216, 217, 218, 219, 221, 230, 237, 247, 248, 249, 251, 258, 267, 277, 278, 279, 281, 288, 297, 307, 308, 309, 310, 312, 319, 328, 338, 339, 340, 342, 343, 346, 347, 348, 349, 350, 351, 353, 362, 371, 373, 376, 377, 378, 379, 381, 382, 383, 385, 386, 387, 389, 390, 393, 401, 408, 410, 413, 414, 416, 417, 418, 419, 420, 421, 422, 427, 428, 429, 431, 446, 453, 455, 457, 458, 468, 469, 480, 482, 485], "summary": {"covered_lines": 158, "num_statements": 188, "percent_covered": 84.04255319148936, "percent_covered_display": "84", "missing_lines": 30, "excluded_lines": 0, "percent_statements_covered": 84.04255319148936, "percent_statements_covered_display": "84"}, "missing_lines": [54, 55, 90, 91, 151, 152, 153, 189, 232, 233, 234, 260, 261, 262, 290, 291, 292, 321, 322, 323, 364, 365, 366, 374, 391, 423, 424, 448, 449, 450], "excluded_lines": [], "functions": {"_get_memories_dir": {"executed_lines": [38, 39, 40, 41], "summary": {"covered_lines": 4, "num_statements": 4, "percent_covered": 100.0, "percent_covered_display": "100", "missing_lines": 0, "excluded_lines": 0, "percent_statements_covered": 100.0, "percent_statements_covered_display": "100"}, "missing_lines": [], "excluded_lines": []}, "_load_all_memories": {"executed_lines": [46, 47, 49, 50, 51, 52, 53, 58, 59], "summary": {"covered_lines": 9, "num_statements": 11, "percent_covered": 81.81818181818181, "percent_covered_display": "82", "missing_lines": 2, "excluded_lines": 0, "percent_statements_covered": 81.81818181818181, "percent_statements_covered_display": "82"}, "missing_lines": [54, 55], "excluded_lines": []}, "_save_memory": {"executed_lines": [64, 65, 67, 68, 70], "summary": {"covered_lines": 5, "num_statements": 5, "percent_covered": 100.0, "percent_covered_display": "100", "missing_lines": 0, "excluded_lines": 0, "percent_statements_covered": 100.0, "percent_statements_covered_display": "100"}, "missing_lines": [], "excluded_lines": []}, "_filter_memories": {"executed_lines": [81, 83, 84, 86, 87, 89, 93, 94, 96], "summary": {"covered_lines": 9, "num_statements": 11, "percent_covered": 81.81818181818181, "percent_covered_display": "82", "missing_lines": 2, "excluded_lines": 0, "percent_statements_covered": 81.81818181818181, "percent_statements_covered_display": "82"}, "missing_lines": [90, 91], "excluded_lines": []}, "create_memory": {"executed_lines": [119, 120, 121, 123, 134, 135, 137], "summary": {"covered_lines": 7, "num_statements": 7, "percent_covered": 100.0, "percent_covered_display": "100", "missing_lines": 0, "excluded_lines": 0, "percent_statements_covered": 100.0, "percent_statements_covered_display": "100"}, "missing_lines": [], "excluded_lines": []}, "get_memory_by_id": {"executed_lines": [142, 143, 145, 146, 148, 149, 150], "summary": {"covered_lines": 7, "num_statements": 10, "percent_covered": 70.0, "percent_covered_display": "70", "missing_lines": 3, "excluded_lines": 0, "percent_statements_covered": 70.0, "percent_statements_covered_display": "70"}, "missing_lines": [151, 152, 153], "excluded_lines": []}, "search_memories": {"executed_lines": [167, 168, 170, 171, 172, 173, 174, 175, 178, 179, 182, 183, 185, 188, 191, 192, 195, 197], "summary": {"covered_lines": 18, "num_statements": 19, "percent_covered": 94.73684210526316, "percent_covered_display": "95", "missing_lines": 1, "excluded_lines": 0, "percent_statements_covered": 94.73684210526316, "percent_statements_covered_display": "95"}, "missing_lines": [189], "excluded_lines": []}, "get_memories_resource": {"executed_lines": [212, 213, 216, 217, 218, 219, 221, 230], "summary": {"covered_lines": 8, "num_statements": 11, "percent_covered": 72.72727272727273, "percent_covered_display": "73", "missing_lines": 3, "excluded_lines": 0, "percent_statements_covered": 72.72727272727273, "percent_statements_covered_display": "73"}, "missing_lines": [232, 233, 234], "excluded_lines": []}, "get_memories_by_category_resource": {"executed_lines": [247, 248, 249, 251, 258], "summary": {"covered_lines": 5, "num_statements": 8, "percent_covered": 62.5, "percent_covered_display": "62", "missing_lines": 3, "excluded_lines": 0, "percent_statements_covered": 62.5, "percent_statements_covered_display": "62"}, "missing_lines": [260, 261, 262], "excluded_lines": []}, "get_memories_by_task_resource": {"executed_lines": [277, 278, 279, 281, 288], "summary": {"covered_lines": 5, "num_statements": 8, "percent_covered": 62.5, "percent_covered_display": "62", "missing_lines": 3, "excluded_lines": 0, "percent_statements_covered": 62.5, "percent_statements_covered_display": "62"}, "missing_lines": [290, 291, 292], "excluded_lines": []}, "get_recent_memories_resource": {"executed_lines": [307, 308, 309, 310, 312, 319], "summary": {"covered_lines": 6, "num_statements": 9, "percent_covered": 66.66666666666667, "percent_covered_display": "67", "missing_lines": 3, "excluded_lines": 0, "percent_statements_covered": 66.66666666666667, "percent_statements_covered_display": "67"}, "missing_lines": [321, 322, 323], "excluded_lines": []}, "get_session_memories_resource": {"executed_lines": [338, 339, 340, 342, 343, 346, 347, 348, 349, 350, 351, 353, 362], "summary": {"covered_lines": 13, "num_statements": 16, "percent_covered": 81.25, "percent_covered_display": "81", "missing_lines": 3, "excluded_lines": 0, "percent_statements_covered": 81.25, "percent_statements_covered_display": "81"}, "missing_lines": [364, 365, 366], "excluded_lines": []}, "_generate_session_summary": {"executed_lines": [373, 376, 377, 378, 379, 381, 382, 383, 385, 386, 387, 389, 390, 393], "summary": {"covered_lines": 14, "num_statements": 16, "percent_covered": 87.5, "percent_covered_display": "88", "missing_lines": 2, "excluded_lines": 0, "percent_statements_covered": 87.5, "percent_statements_covered_display": "88"}, "missing_lines": [374, 391], "excluded_lines": []}, "get_wisdom_resource": {"executed_lines": [408, 410, 413, 414, 416, 417, 418, 419, 420, 421, 422, 427, 428, 429, 431, 446], "summary": {"covered_lines": 16, "num_statements": 21, "percent_covered": 76.19047619047619, "percent_covered_display": "76", "missing_lines": 5, "excluded_lines": 0, "percent_statements_covered": 76.19047619047619, "percent_statements_covered_display": "76"}, "missing_lines": [423, 424, 448, 449, 450], "excluded_lines": []}, "_merge_wisdom": {"executed_lines": [455, 457, 458, 468, 469, 480, 482], "summary": {"covered_lines": 7, "num_statements": 7, "percent_covered": 100.0, "percent_covered_display": "100", "missing_lines": 0, "excluded_lines": 0, "percent_statements_covered": 100.0, "percent_statements_covered_display": "100"}, "missing_lines": [], "excluded_lines": []}, "": {"executed_lines": [1, 15, 16, 17, 18, 19, 20, 22, 24, 27, 36, 44, 62, 73, 99, 140, 156, 205, 237, 267, 297, 328, 371, 401, 453, 485], "summary": {"covered_lines": 25, "num_statements": 25, "percent_covered": 100.0, "percent_covered_display": "100", "missing_lines": 0, "excluded_lines": 0, "percent_statements_covered": 100.0, "percent_statements_covered_display": "100"}, "missing_lines": [], "excluded_lines": []}}, "classes": {"": {"executed_lines": [1, 15, 16, 17, 18, 19, 20, 22, 24, 27, 36, 38, 39, 40, 41, 44, 46, 47, 49, 50, 51, 52, 53, 58, 59, 62, 64, 65, 67, 68, 70, 73, 81, 83, 84, 86, 87, 89, 93, 94, 96, 99, 119, 120, 121, 123, 134, 135, 137, 140, 142, 143, 145, 146, 148, 149, 150, 156, 167, 168, 170, 171, 172, 173, 174, 175, 178, 179, 182, 183, 185, 188, 191, 192, 195, 197, 205, 212, 213, 216, 217, 218, 219, 221, 230, 237, 247, 248, 249, 251, 258, 267, 277, 278, 279, 281, 288, 297, 307, 308, 309, 310, 312, 319, 328, 338, 339, 340, 342, 343, 346, 347, 348, 349, 350, 351, 353, 362, 371, 373, 376, 377, 378, 379, 381, 382, 383, 385, 386, 387, 389, 390, 393, 401, 408, 410, 413, 414, 416, 417, 418, 419, 420, 421, 422, 427, 428, 429, 431, 446, 453, 455, 457, 458, 468, 469, 480, 482, 485], "summary": {"covered_lines": 158, "num_statements": 188, "percent_covered": 84.04255319148936, "percent_covered_display": "84", "missing_lines": 30, "excluded_lines": 0, "percent_statements_covered": 84.04255319148936, "percent_statements_covered_display": "84"}, "missing_lines": [54, 55, 90, 91, 151, 152, 153, 189, 232, 233, 234, 260, 261, 262, 290, 291, 292, 321, 322, 323, 364, 365, 366, 374, 391, 423, 424, 448, 449, 450], "excluded_lines": []}}}, "project_management_automation/resources/status.py": {"executed_lines": [1, 7, 8, 9, 10, 12, 14, 17, 24, 26, 27, 37, 38, 40, 78], "summary": {"covered_lines": 14, "num_statements": 17, "percent_covered": 82.3529411764706, "percent_covered_display": "82", "missing_lines": 3, "excluded_lines": 0, "percent_statements_covered": 82.3529411764706, "percent_statements_covered_display": "82"}, "missing_lines": [80, 81, 82], "excluded_lines": [], "functions": {"get_status_resource": {"executed_lines": [24, 26, 27, 37, 38, 40, 78], "summary": {"covered_lines": 7, "num_statements": 10, "percent_covered": 70.0, "percent_covered_display": "70", "missing_lines": 3, "excluded_lines": 0, "percent_statements_covered": 70.0, "percent_statements_covered_display": "70"}, "missing_lines": [80, 81, 82], "excluded_lines": []}, "": {"executed_lines": [1, 7, 8, 9, 10, 12, 14, 17], "summary": {"covered_lines": 7, "num_statements": 7, "percent_covered": 100.0, "percent_covered_display": "100", "missing_lines": 0, "excluded_lines": 0, "percent_statements_covered": 100.0, "percent_statements_covered_display": "100"}, "missing_lines": [], "excluded_lines": []}}, "classes": {"": {"executed_lines": [1, 7, 8, 9, 10, 12, 14, 17, 24, 26, 27, 37, 38, 40, 78], "summary": {"covered_lines": 14, "num_statements": 17, "percent_covered": 82.3529411764706, "percent_covered_display": "82", "missing_lines": 3, "excluded_lines": 0, "percent_statements_covered": 82.3529411764706, "percent_statements_covered_display": "82"}, "missing_lines": [80, 81, 82], "excluded_lines": []}}}, "project_management_automation/resources/tasks.py": {"executed_lines": [1, 7, 8, 9, 10, 12, 14, 17, 33, 55, 76, 132, 147], "summary": {"covered_lines": 12, "num_statements": 93, "percent_covered": 12.903225806451612, "percent_covered_display": "13", "missing_lines": 81, "excluded_lines": 0, "percent_statements_covered": 12.903225806451612, "percent_statements_covered_display": "13"}, "missing_lines": [19, 20, 22, 23, 25, 26, 27, 28, 29, 30, 35, 36, 38, 39, 40, 41, 42, 43, 44, 45, 46, 47, 48, 49, 50, 52, 57, 58, 60, 61, 62, 63, 66, 71, 73, 88, 89, 90, 93, 94, 96, 97, 100, 103, 104, 105, 106, 108, 121, 123, 124, 125, 144, 154, 155, 156, 158, 159, 160, 161, 162, 163, 164, 165, 166, 167, 175, 176, 177, 180, 181, 183, 184, 185, 186, 187, 189, 196, 198, 199, 200], "excluded_lines": [], "functions": {"_load_todo2_state": {"executed_lines": [], "summary": {"covered_lines": 0, "num_statements": 10, "percent_covered": 0.0, "percent_covered_display": "0", "missing_lines": 10, "excluded_lines": 0, "percent_statements_covered": 0.0, "percent_statements_covered_display": "0"}, "missing_lines": [19, 20, 22, 23, 25, 26, 27, 28, 29, 30], "excluded_lines": []}, "_get_agent_names": {"executed_lines": [], "summary": {"covered_lines": 0, "num_statements": 16, "percent_covered": 0.0, "percent_covered_display": "0", "missing_lines": 16, "excluded_lines": 0, "percent_statements_covered": 0.0, "percent_statements_covered_display": "0"}, "missing_lines": [35, 36, 38, 39, 40, 41, 42, 43, 44, 45, 46, 47, 48, 49, 50, 52], "excluded_lines": []}, "_filter_tasks_by_agent": {"executed_lines": [], "summary": {"covered_lines": 0, "num_statements": 9, "percent_covered": 0.0, "percent_covered_display": "0", "missing_lines": 9, "excluded_lines": 0, "percent_statements_covered": 0.0, "percent_statements_covered_display": "0"}, "missing_lines": [57, 58, 60, 61, 62, 63, 66, 71, 73], "excluded_lines": []}, "get_tasks_resource": {"executed_lines": [], "summary": {"covered_lines": 0, "num_statements": 17, "percent_covered": 0.0, "percent_covered_display": "0", "missing_lines": 17, "excluded_lines": 0, "percent_statements_covered": 0.0, "percent_statements_covered_display": "0"}, "missing_lines": [88, 89, 90, 93, 94, 96, 97, 100, 103, 104, 105, 106, 108, 121, 123, 124, 125], "excluded_lines": []}, "get_agent_tasks_resource": {"executed_lines": [], "summary": {"covered_lines": 0, "num_statements": 1, "percent_covered": 0.0, "percent_covered_display": "0", "missing_lines": 1, "excluded_lines": 0, "percent_statements_covered": 0.0, "percent_statements_covered_display": "0"}, "missing_lines": [144], "excluded_lines": []}, "get_agents_resource": {"executed_lines": [], "summary": {"covered_lines": 0, "num_statements": 28, "percent_covered": 0.0, "percent_covered_display": "0", "missing_lines": 28, "excluded_lines": 0, "percent_statements_covered": 0.0, "percent_statements_covered_display": "0"}, "missing_lines": [154, 155, 156, 158, 159, 160, 161, 162, 163, 164, 165, 166, 167, 175, 176, 177, 180, 181, 183, 184, 185, 186, 187, 189, 196, 198, 199, 200], "excluded_lines": []}, "": {"executed_lines": [1, 7, 8, 9, 10, 12, 14, 17, 33, 55, 76, 132, 147], "summary": {"covered_lines": 12, "num_statements": 12, "percent_covered": 100.0, "percent_covered_display": "100", "missing_lines": 0, "excluded_lines": 0, "percent_statements_covered": 100.0, "percent_statements_covered_display": "100"}, "missing_lines": [], "excluded_lines": []}}, "classes": {"": {"executed_lines": [1, 7, 8, 9, 10, 12, 14, 17, 33, 55, 76, 132, 147], "summary": {"covered_lines": 12, "num_statements": 93, "percent_covered": 12.903225806451612, "percent_covered_display": "13", "missing_lines": 81, "excluded_lines": 0, "percent_statements_covered": 12.903225806451612, "percent_statements_covered_display": "13"}, "missing_lines": [19, 20, 22, 23, 25, 26, 27, 28, 29, 30, 35, 36, 38, 39, 40, 41, 42, 43, 44, 45, 46, 47, 48, 49, 50, 52, 57, 58, 60, 61, 62, 63, 66, 71, 73, 88, 89, 90, 93, 94, 96, 97, 100, 103, 104, 105, 106, 108, 121, 123, 124, 125, 144, 154, 155, 156, 158, 159, 160, 161, 162, 163, 164, 165, 166, 167, 175, 176, 177, 180, 181, 183, 184, 185, 186, 187, 189, 196, 198, 199, 200], "excluded_lines": []}}}, "project_management_automation/resources/templates.py": {"executed_lines": [1, 18, 19, 20, 21, 22, 24, 27, 46, 65, 96, 124, 152, 184, 240, 298, 342, 387, 395, 397, 398, 402, 403, 407, 408, 412, 413, 418, 419, 423, 424, 429, 430, 434, 435, 439, 445], "summary": {"covered_lines": 36, "num_statements": 144, "percent_covered": 25.0, "percent_covered_display": "25", "missing_lines": 108, "excluded_lines": 0, "percent_statements_covered": 25.0, "percent_statements_covered_display": "25"}, "missing_lines": [29, 31, 32, 33, 35, 36, 37, 38, 39, 40, 41, 43, 48, 49, 51, 52, 54, 55, 56, 57, 58, 77, 79, 80, 81, 87, 108, 110, 111, 116, 136, 138, 139, 144, 164, 166, 167, 172, 196, 198, 199, 201, 202, 209, 210, 212, 213, 215, 216, 217, 218, 219, 220, 223, 224, 225, 226, 227, 228, 229, 230, 232, 252, 253, 254, 257, 259, 260, 268, 274, 286, 287, 310, 311, 313, 314, 321, 322, 323, 324, 325, 330, 331, 333, 354, 355, 357, 358, 364, 365, 367, 368, 369, 370, 371, 372, 373, 375, 400, 405, 410, 415, 421, 426, 432, 437, 441, 442], "excluded_lines": [], "functions": {"_find_project_root": {"executed_lines": [], "summary": {"covered_lines": 0, "num_statements": 12, "percent_covered": 0.0, "percent_covered_display": "0", "missing_lines": 12, "excluded_lines": 0, "percent_statements_covered": 0.0, "percent_statements_covered_display": "0"}, "missing_lines": [29, 31, 32, 33, 35, 36, 37, 38, 39, 40, 41, 43], "excluded_lines": []}, "_load_todo2_state": {"executed_lines": [], "summary": {"covered_lines": 0, "num_statements": 9, "percent_covered": 0.0, "percent_covered_display": "0", "missing_lines": 9, "excluded_lines": 0, "percent_statements_covered": 0.0, "percent_statements_covered_display": "0"}, "missing_lines": [48, 49, 51, 52, 54, 55, 56, 57, 58], "excluded_lines": []}, "get_task_by_id": {"executed_lines": [], "summary": {"covered_lines": 0, "num_statements": 5, "percent_covered": 0.0, "percent_covered_display": "0", "missing_lines": 5, "excluded_lines": 0, "percent_statements_covered": 0.0, "percent_statements_covered_display": "0"}, "missing_lines": [77, 79, 80, 81, 87], "excluded_lines": []}, "get_tasks_by_status": {"executed_lines": [], "summary": {"covered_lines": 0, "num_statements": 4, "percent_covered": 0.0, "percent_covered_display": "0", "missing_lines": 4, "excluded_lines": 0, "percent_statements_covered": 0.0, "percent_statements_covered_display": "0"}, "missing_lines": [108, 110, 111, 116], "excluded_lines": []}, "get_tasks_by_tag": {"executed_lines": [], "summary": {"covered_lines": 0, "num_statements": 4, "percent_covered": 0.0, "percent_covered_display": "0", "missing_lines": 4, "excluded_lines": 0, "percent_statements_covered": 0.0, "percent_statements_covered_display": "0"}, "missing_lines": [136, 138, 139, 144], "excluded_lines": []}, "get_tasks_by_priority": {"executed_lines": [], "summary": {"covered_lines": 0, "num_statements": 4, "percent_covered": 0.0, "percent_covered_display": "0", "missing_lines": 4, "excluded_lines": 0, "percent_statements_covered": 0.0, "percent_statements_covered_display": "0"}, "missing_lines": [164, 166, 167, 172], "excluded_lines": []}, "get_advisor_consultations": {"executed_lines": [], "summary": {"covered_lines": 0, "num_statements": 24, "percent_covered": 0.0, "percent_covered_display": "0", "missing_lines": 24, "excluded_lines": 0, "percent_statements_covered": 0.0, "percent_statements_covered_display": "0"}, "missing_lines": [196, 198, 199, 201, 202, 209, 210, 212, 213, 215, 216, 217, 218, 219, 220, 223, 224, 225, 226, 227, 228, 229, 230, 232], "excluded_lines": []}, "get_advisor_info": {"executed_lines": [], "summary": {"covered_lines": 0, "num_statements": 10, "percent_covered": 0.0, "percent_covered_display": "0", "missing_lines": 10, "excluded_lines": 0, "percent_statements_covered": 0.0, "percent_statements_covered_display": "0"}, "missing_lines": [252, 253, 254, 257, 259, 260, 268, 274, 286, 287], "excluded_lines": []}, "get_memory_by_id": {"executed_lines": [], "summary": {"covered_lines": 0, "num_statements": 12, "percent_covered": 0.0, "percent_covered_display": "0", "missing_lines": 12, "excluded_lines": 0, "percent_statements_covered": 0.0, "percent_statements_covered_display": "0"}, "missing_lines": [310, 311, 313, 314, 321, 322, 323, 324, 325, 330, 331, 333], "excluded_lines": []}, "get_memories_by_category": {"executed_lines": [], "summary": {"covered_lines": 0, "num_statements": 14, "percent_covered": 0.0, "percent_covered_display": "0", "missing_lines": 14, "excluded_lines": 0, "percent_statements_covered": 0.0, "percent_statements_covered_display": "0"}, "missing_lines": [354, 355, 357, 358, 364, 365, 367, 368, 369, 370, 371, 372, 373, 375], "excluded_lines": []}, "register_resource_templates": {"executed_lines": [395, 397, 398, 402, 403, 407, 408, 412, 413, 418, 419, 423, 424, 429, 430, 434, 435, 439], "summary": {"covered_lines": 18, "num_statements": 20, "percent_covered": 90.0, "percent_covered_display": "90", "missing_lines": 2, "excluded_lines": 0, "percent_statements_covered": 90.0, "percent_statements_covered_display": "90"}, "missing_lines": [441, 442], "excluded_lines": []}, "register_resource_templates.task_resource": {"executed_lines": [], "summary": {"covered_lines": 0, "num_statements": 1, "percent_covered": 0.0, "percent_covered_display": "0", "missing_lines": 1, "excluded_lines": 0, "percent_statements_covered": 0.0, "percent_statements_covered_display": "0"}, "missing_lines": [400], "excluded_lines": []}, "register_resource_templates.tasks_by_status_resource": {"executed_lines": [], "summary": {"covered_lines": 0, "num_statements": 1, "percent_covered": 0.0, "percent_covered_display": "0", "missing_lines": 1, "excluded_lines": 0, "percent_statements_covered": 0.0, "percent_statements_covered_display": "0"}, "missing_lines": [405], "excluded_lines": []}, "register_resource_templates.tasks_by_tag_resource": {"executed_lines": [], "summary": {"covered_lines": 0, "num_statements": 1, "percent_covered": 0.0, "percent_covered_display": "0", "missing_lines": 1, "excluded_lines": 0, "percent_statements_covered": 0.0, "percent_statements_covered_display": "0"}, "missing_lines": [410], "excluded_lines": []}, "register_resource_templates.tasks_by_priority_resource": {"executed_lines": [], "summary": {"covered_lines": 0, "num_statements": 1, "percent_covered": 0.0, "percent_covered_display": "0", "missing_lines": 1, "excluded_lines": 0, "percent_statements_covered": 0.0, "percent_statements_covered_display": "0"}, "missing_lines": [415], "excluded_lines": []}, "register_resource_templates.advisor_resource": {"executed_lines": [], "summary": {"covered_lines": 0, "num_statements": 1, "percent_covered": 0.0, "percent_covered_display": "0", "missing_lines": 1, "excluded_lines": 0, "percent_statements_covered": 0.0, "percent_statements_covered_display": "0"}, "missing_lines": [421], "excluded_lines": []}, "register_resource_templates.consultations_resource": {"executed_lines": [], "summary": {"covered_lines": 0, "num_statements": 1, "percent_covered": 0.0, "percent_covered_display": "0", "missing_lines": 1, "excluded_lines": 0, "percent_statements_covered": 0.0, "percent_statements_covered_display": "0"}, "missing_lines": [426], "excluded_lines": []}, "register_resource_templates.memory_resource": {"executed_lines": [], "summary": {"covered_lines": 0, "num_statements": 1, "percent_covered": 0.0, "percent_covered_display": "0", "missing_lines": 1, "excluded_lines": 0, "percent_statements_covered": 0.0, "percent_statements_covered_display": "0"}, "missing_lines": [432], "excluded_lines": []}, "register_resource_templates.memories_by_category_resource": {"executed_lines": [], "summary": {"covered_lines": 0, "num_statements": 1, "percent_covered": 0.0, "percent_covered_display": "0", "missing_lines": 1, "excluded_lines": 0, "percent_statements_covered": 0.0, "percent_statements_covered_display": "0"}, "missing_lines": [437], "excluded_lines": []}, "": {"executed_lines": [1, 18, 19, 20, 21, 22, 24, 27, 46, 65, 96, 124, 152, 184, 240, 298, 342, 387, 445], "summary": {"covered_lines": 18, "num_statements": 18, "percent_covered": 100.0, "percent_covered_display": "100", "missing_lines": 0, "excluded_lines": 0, "percent_statements_covered": 100.0, "percent_statements_covered_display": "100"}, "missing_lines": [], "excluded_lines": []}}, "classes": {"": {"executed_lines": [1, 18, 19, 20, 21, 22, 24, 27, 46, 65, 96, 124, 152, 184, 240, 298, 342, 387, 395, 397, 398, 402, 403, 407, 408, 412, 413, 418, 419, 423, 424, 429, 430, 434, 435, 439, 445], "summary": {"covered_lines": 36, "num_statements": 144, "percent_covered": 25.0, "percent_covered_display": "25", "missing_lines": 108, "excluded_lines": 0, "percent_statements_covered": 25.0, "percent_statements_covered_display": "25"}, "missing_lines": [29, 31, 32, 33, 35, 36, 37, 38, 39, 40, 41, 43, 48, 49, 51, 52, 54, 55, 56, 57, 58, 77, 79, 80, 81, 87, 108, 110, 111, 116, 136, 138, 139, 144, 164, 166, 167, 172, 196, 198, 199, 201, 202, 209, 210, 212, 213, 215, 216, 217, 218, 219, 220, 223, 224, 225, 226, 227, 228, 229, 230, 232, 252, 253, 254, 257, 259, 260, 268, 274, 286, 287, 310, 311, 313, 314, 321, 322, 323, 324, 325, 330, 331, 333, 354, 355, 357, 358, 364, 365, 367, 368, 369, 370, 371, 372, 373, 375, 400, 405, 410, 415, 421, 426, 432, 437, 441, 442],
[...]
, "excluded_lines": 0, "percent_statements_covered": 0.0, "percent_statements_covered_display": "0"}, "missing_lines": [348, 349, 383], "excluded_lines": []}, "rate_limit.decorator": {"executed_lines": [], "summary": {"covered_lines": 0, "num_statements": 7, "percent_covered": 0.0, "percent_covered_display": "0", "missing_lines": 7, "excluded_lines": 0, "percent_statements_covered": 0.0, "percent_statements_covered_display": "0"}, "missing_lines": [350, 363, 364, 378, 379, 380, 381], "excluded_lines": []}, "rate_limit.decorator.wrapper": {"executed_lines": [], "summary": {"covered_lines": 0, "num_statements": 6, "percent_covered": 0.0, "percent_covered_display": "0", "missing_lines": 6, "excluded_lines": 0, "percent_statements_covered": 0.0, "percent_statements_covered_display": "0"}, "missing_lines": [351, 352, 354, 355, 356, 361], "excluded_lines": []}, "rate_limit.decorator.async_wrapper": {"executed_lines": [], "summary": {"covered_lines": 0, "num_statements": 6, "percent_covered": 0.0, "percent_covered_display": "0", "missing_lines": 6, "excluded_lines": 0, "percent_statements_covered": 0.0, "percent_statements_covered_display": "0"}, "missing_lines": [365, 366, 368, 369, 370, 375], "excluded_lines": []}, "AccessController.__init__": {"executed_lines": [424, 425, 426, 429], "summary": {"covered_lines": 4, "num_statements": 4, "percent_covered": 100.0, "percent_covered_display": "100", "missing_lines": 0, "excluded_lines": 0, "percent_statements_covered": 100.0, "percent_statements_covered_display": "100"}, "missing_lines": [], "excluded_lines": []}, "AccessController.set_tool_level": {"executed_lines": [], "summary": {"covered_lines": 0, "num_statements": 1, "percent_covered": 0.0, "percent_covered_display": "0", "missing_lines": 1, "excluded_lines": 0, "percent_statements_covered": 0.0, "percent_statements_covered_display": "0"}, "missing_lines": [450], "excluded_lines": []}, "AccessController.deny_tool": {"executed_lines": [], "summary": {"covered_lines": 0, "num_statements": 1, "percent_covered": 0.0, "percent_covered_display": "0", "missing_lines": 1, "excluded_lines": 0, "percent_statements_covered": 0.0, "percent_statements_covered_display": "0"}, "missing_lines": [454], "excluded_lines": []}, "AccessController.allow_tool": {"executed_lines": [], "summary": {"covered_lines": 0, "num_statements": 1, "percent_covered": 0.0, "percent_covered_display": "0", "missing_lines": 1, "excluded_lines": 0, "percent_statements_covered": 0.0, "percent_statements_covered_display": "0"}, "missing_lines": [458], "excluded_lines": []}, "AccessController.can_execute": {"executed_lines": [], "summary": {"covered_lines": 0, "num_statements": 6, "percent_covered": 0.0, "percent_covered_display": "0", "missing_lines": 6, "excluded_lines": 0, "percent_statements_covered": 0.0, "percent_statements_covered_display": "0"}, "missing_lines": [463, 464, 467, 470, 471, 473], "excluded_lines": []}, "AccessController.check_access": {"executed_lines": [], "summary": {"covered_lines": 0, "num_statements": 2, "percent_covered": 0.0, "percent_covered_display": "0", "missing_lines": 2, "excluded_lines": 0, "percent_statements_covered": 0.0, "percent_statements_covered_display": "0"}, "missing_lines": [482, 483], "excluded_lines": []}, "get_access_controller": {"executed_lines": [], "summary": {"covered_lines": 0, "num_statements": 3, "percent_covered": 0.0, "percent_covered_display": "0", "missing_lines": 3, "excluded_lines": 0, "percent_statements_covered": 0.0, "percent_statements_covered_display": "0"}, "missing_lines": [493, 494, 495], "excluded_lines": []}, "set_access_controller": {"executed_lines": [501], "summary": {"covered_lines": 1, "num_statements": 1, "percent_covered": 100.0, "percent_covered_display": "100", "missing_lines": 0, "excluded_lines": 0, "percent_statements_covered": 100.0, "percent_statements_covered_display": "100"}, "missing_lines": [], "excluded_lines": []}, "require_access": {"executed_lines": [], "summary": {"covered_lines": 0, "num_statements": 3, "percent_covered": 0.0, "percent_covered_display": "0", "missing_lines": 3, "excluded_lines": 0, "percent_statements_covered": 0.0, "percent_statements_covered_display": "0"}, "missing_lines": [511, 512, 531], "excluded_lines": []}, "require_access.decorator": {"executed_lines": [], "summary": {"covered_lines": 0, "num_statements": 7, "percent_covered": 0.0, "percent_covered_display": "0", "missing_lines": 7, "excluded_lines": 0, "percent_statements_covered": 0.0, "percent_statements_covered_display": "0"}, "missing_lines": [513, 519, 520, 526, 527, 528, 529], "excluded_lines": []}, "require_access.decorator.wrapper": {"executed_lines": [], "summary": {"covered_lines": 0, "num_statements": 4, "percent_covered": 0.0, "percent_covered_display": "0", "missing_lines": 4, "excluded_lines": 0, "percent_statements_covered": 0.0, "percent_statements_covered_display": "0"}, "missing_lines": [514, 515, 516, 517], "excluded_lines": []}, "require_access.decorator.async_wrapper": {"executed_lines": [], "summary": {"covered_lines": 0, "num_statements": 4, "percent_covered": 0.0, "percent_covered_display": "0", "missing_lines": 4, "excluded_lines": 0, "percent_statements_covered": 0.0, "percent_statements_covered_display": "0"}, "missing_lines": [521, 522, 523, 524], "excluded_lines": []}, "": {"executed_lines": [1, 13, 14, 15, 16, 17, 18, 20, 22, 29, 30, 31, 34, 35, 43, 72, 80, 85, 129, 140, 143, 149, 157, 166, 167, 168, 171, 206, 224, 243, 263, 264, 275, 293, 321, 330, 333, 341, 390, 391, 392, 393, 394, 395, 398, 399, 410, 448, 452, 456, 460, 475, 487, 490, 498, 504, 538], "summary": {"covered_lines": 50, "num_statements": 50, "percent_covered": 100.0, "percent_covered_display": "100", "missing_lines": 0, "excluded_lines": 0, "percent_statements_covered": 100.0, "percent_statements_covered_display": "100"}, "missing_lines": [], "excluded_lines": []}}, "classes": {"PathBoundaryError": {"executed_lines": [], "summary": {"covered_lines": 0, "num_statements": 0, "percent_covered": 100.0, "percent_covered_display": "100", "missing_lines": 0, "excluded_lines": 0, "percent_statements_covered": 100.0, "percent_statements_covered_display": "100"}, "missing_lines": [], "excluded_lines": []}, "PathValidator": {"executed_lines": [57, 58, 59, 70], "summary": {"covered_lines": 4, "num_statements": 25, "percent_covered": 16.0, "percent_covered_display": "16", "missing_lines": 21, "excluded_lines": 0, "percent_statements_covered": 16.0, "percent_statements_covered_display": "16"}, "missing_lines": [74, 75, 82, 83, 99, 101, 104, 105, 107, 110, 111, 117, 118, 121, 122, 124, 126, 127, 134, 135, 136], "excluded_lines": []}, "InputValidationError": {"executed_lines": [], "summary": {"covered_lines": 0, "num_statements": 0, "percent_covered": 100.0, "percent_covered_display": "100", "missing_lines": 0, "excluded_lines": 0, "percent_statements_covered": 100.0, "percent_statements_covered_display": "100"}, "missing_lines": [], "excluded_lines": []}, "RateLimiter": {"executed_lines": [], "summary": {"covered_lines": 0, "num_statements": 16, "percent_covered": 0.0, "percent_covered_display": "0", "missing_lines": 16, "excluded_lines": 0, "percent_statements_covered": 0.0, "percent_statements_covered_display": "0"}, "missing_lines": [287, 288, 289, 303, 304, 307, 308, 312, 315, 316, 317, 319, 323, 324, 325, 326], "excluded_lines": []}, "AccessLevel": {"executed_lines": [], "summary": {"covered_lines": 0, "num_statements": 0, "percent_covered": 100.0, "percent_covered_display": "100", "missing_lines": 0, "excluded_lines": 0, "percent_statements_covered": 100.0, "percent_statements_covered_display": "100"}, "missing_lines": [], "excluded_lines": []}, "AccessController": {"executed_lines": [424, 425, 426, 429], "summary": {"covered_lines": 4, "num_statements": 15, "percent_covered": 26.666666666666668, "percent_covered_display": "27", "missing_lines": 11, "excluded_lines": 0, "percent_statements_covered": 26.666666666666668, "percent_statements_covered_display": "27"}, "missing_lines": [450, 454, 458, 463, 464, 467, 470, 471, 473, 482, 483], "excluded_lines": []}, "": {"executed_lines": [1, 13, 14, 15, 16, 17, 18, 20, 22, 29, 30, 31, 34, 35, 43, 72, 80, 85, 129, 140, 143, 146, 149, 157, 166, 167, 168, 171, 206, 224, 243, 263, 264, 275, 293, 321, 330, 333, 341, 390, 391, 392, 393, 394, 395, 398, 399, 410, 448, 452, 456, 460, 475, 487, 490, 498, 501, 504, 538], "summary": {"covered_lines": 52, "num_statements": 121, "percent_covered": 42.97520661157025, "percent_covered_display": "43", "missing_lines": 69, "excluded_lines": 0, "percent_statements_covered": 42.97520661157025, "percent_statements_covered_display": "43"}, "missing_lines": [152, 153, 154, 159, 189, 190, 192, 193, 195, 197, 198, 203, 217, 218, 221, 236, 237, 240, 252, 253, 254, 255, 256, 336, 337, 338, 348, 349, 350, 351, 352, 354, 355, 356, 361, 363, 364, 365, 366, 368, 369, 370, 375, 378, 379, 380, 381, 383, 493, 494, 495, 511, 512, 513, 514, 515, 516, 517, 519, 520, 521, 522, 523, 524, 526, 527, 528, 529, 531], "excluded_lines": []}}}, "project_management_automation/utils/todo2_utils.py": {"executed_lines": [1, 10, 11, 12, 13, 18, 21, 23, 26, 27, 28, 30, 32, 33, 34, 47, 50, 51, 52, 53, 59, 60, 61, 62, 68, 80, 103, 105, 106, 107, 110], "summary": {"covered_lines": 30, "num_statements": 61, "percent_covered": 49.18032786885246, "percent_covered_display": "49", "missing_lines": 31, "excluded_lines": 0, "percent_statements_covered": 49.18032786885246, "percent_statements_covered_display": "49"}, "missing_lines": [24, 35, 37, 38, 39, 42, 43, 44, 63, 64, 65, 70, 71, 73, 74, 75, 77, 87, 88, 89, 90, 91, 92, 93, 94, 95, 96, 97, 98, 99, 100], "excluded_lines": [], "functions": {"_normalize_git_remote": {"executed_lines": [23, 26, 27, 28, 30, 32, 33, 34], "summary": {"covered_lines": 8, "num_statements": 16, "percent_covered": 50.0, "percent_covered_display": "50", "missing_lines": 8, "excluded_lines": 0, "percent_statements_covered": 50.0, "percent_statements_covered_display": "50"}, "missing_lines": [24, 35, 37, 38, 39, 42, 43, 44], "excluded_lines": []}, "get_repo_project_id": {"executed_lines": [50, 51, 52, 53, 59, 60, 61, 62], "summary": {"covered_lines": 8, "num_statements": 11, "percent_covered": 72.72727272727273, "percent_covered_display": "73", "missing_lines": 3, "excluded_lines": 0, "percent_statements_covered": 72.72727272727273, "percent_statements_covered_display": "73"}, "missing_lines": [63, 64, 65], "excluded_lines": []}, "task_belongs_to_project": {"executed_lines": [], "summary": {"covered_lines": 0, "num_statements": 6, "percent_covered": 0.0, "percent_covered_display": "0", "missing_lines": 6, "excluded_lines": 0, "percent_statements_covered": 0.0, "percent_statements_covered_display": "0"}, "missing_lines": [70, 71, 73, 74, 75, 77], "excluded_lines": []}, "filter_tasks_by_project": {"executed_lines": [], "summary": {"covered_lines": 0, "num_statements": 14, "percent_covered": 0.0, "percent_covered_display": "0", "missing_lines": 14, "excluded_lines": 0, "percent_statements_covered": 0.0, "percent_statements_covered_display": "0"}, "missing_lines": [87, 88, 89, 90, 91, 92, 93, 94, 95, 96, 97, 98, 99, 100], "excluded_lines": []}, "annotate_task_project": {"executed_lines": [105, 106, 107], "summary": {"covered_lines": 3, "num_statements": 3, "percent_covered": 100.0, "percent_covered_display": "100", "missing_lines": 0, "excluded_lines": 0, "percent_statements_covered": 100.0, "percent_statements_covered_display": "100"}, "missing_lines": [], "excluded_lines": []}, "": {"executed_lines": [1, 10, 11, 12, 13, 18, 21, 47, 68, 80, 103, 110], "summary": {"covered_lines": 11, "num_statements": 11, "percent_covered": 100.0, "percent_covered_display": "100", "missing_lines": 0, "excluded_lines": 0, "percent_statements_covered": 100.0, "percent_statements_covered_display": "100"}, "missing_lines": [], "excluded_lines": []}}, "classes": {"": {"executed_lines": [1, 10, 11, 12, 13, 18, 21, 23, 26, 27, 28, 30, 32, 33, 34, 47, 50, 51, 52, 53, 59, 60, 61, 62, 68, 80, 103, 105, 106, 107, 110], "summary": {"covered_lines": 30, "num_statements": 61, "percent_covered": 49.18032786885246, "percent_covered_display": "49", "missing_lines": 31, "excluded_lines": 0, "percent_statements_covered": 49.18032786885246, "percent_statements_covered_display": "49"}, "missing_lines": [24, 35, 37, 38, 39, 42, 43, 44, 63, 64, 65, 70, 71, 73, 74, 75, 77, 87, 88, 89, 90, 91, 92, 93, 94, 95, 96, 97, 98, 99, 100], "excluded_lines": []}}}, "project_management_automation/version.py": {"executed_lines": [1, 19, 20, 21, 22, 23, 24, 25, 29, 32, 34, 37, 44, 52, 54, 55, 59, 60, 61, 64, 65, 66, 69, 70, 71, 74, 77, 81, 82, 84, 85, 86, 91, 94, 117, 125, 126, 130, 131, 137, 143, 146, 156, 157, 159, 162, 170, 171, 172, 175, 176, 179, 180, 182, 193, 219, 239, 262, 356, 443, 447], "summary": {"covered_lines": 60, "num_statements": 205, "percent_covered": 29.26829268292683, "percent_covered_display": "29", "missing_lines": 145, "excluded_lines": 0, "percent_statements_covered": 29.26829268292683, "percent_statements_covered_display": "29"}, "missing_lines": [56, 78, 88, 89, 104, 105, 108, 111, 112, 114, 127, 132, 133, 134, 139, 140, 163, 164, 165, 166, 167, 185, 186, 188, 190, 200, 201, 203, 229, 231, 232, 233, 234, 236, 249, 250, 253, 255, 256, 257, 259, 272, 274, 276, 277, 283, 284, 287, 288, 290, 292, 294, 295, 298, 312, 313, 314, 315, 316, 317, 318, 321, 322, 323, 324, 326, 328, 329, 330, 331, 333, 334, 337, 339, 340, 341, 342, 343, 344, 347, 348, 350, 351, 353, 372, 380, 382, 383, 384, 385, 386, 388, 389, 391, 393, 394, 397, 398, 401, 402, 403, 404, 406, 409, 411, 412, 417, 420, 426, 427, 429, 430, 432, 434, 436, 437, 439, 448, 449, 451, 452, 453, 454, 455, 456, 457, 458, 460, 462, 463, 464, 465, 466, 467, 468, 469, 470, 471, 472, 474, 475, 476, 477, 478, 480], "excluded_lines": [], "functions": {"get_epoch": {"executed_lines": [34], "summary": {"covered_lines": 1, "num_statements": 1, "percent_covered": 100.0, "percent_covered_display": "100", "missing_lines": 0, "excluded_lines": 0, "percent_statements_covered": 100.0, "percent_statements_covered_display": "100"}, "missing_lines": [], "excluded_lines": []}, "get_git_info": {"executed_lines": [44, 52, 54, 55, 59, 60, 61, 64, 65, 66, 69, 70, 71, 74, 77, 81, 82, 84, 85, 86, 91], "summary": {"covered_lines": 21, "num_statements": 25, "percent_covered": 84.0, "percent_covered_display": "84", "missing_lines": 4, "excluded_lines": 0, "percent_statements_covered": 84.0, "percent_statements_covered_display": "84"}, "missing_lines": [56, 78, 88, 89], "excluded_lines": []}, "parse_tag_version": {"executed_lines": [], "summary": {"covered_lines": 0, "num_statements": 6, "percent_covered": 0.0, "percent_covered_display": "0", "missing_lines": 6, "excluded_lines": 0, "percent_statements_covered": 0.0, "percent_statements_covered_display": "0"}, "missing_lines": [104, 105, 108, 111, 112, 114], "excluded_lines": []}, "get_version_type": {"executed_lines": [125, 126, 130, 131, 137, 143], "summary": {"covered_lines": 6, "num_statements": 12, "percent_covered": 50.0, "percent_covered_display": "50", "missing_lines": 6, "excluded_lines": 0, "percent_statements_covered": 50.0, "percent_statements_covered_display": "50"}, "missing_lines": [127, 132, 133, 134, 139, 140], "excluded_lines": []}, "get_version": {"executed_lines": [156, 157, 159, 162, 170, 171, 172, 175, 176, 179, 180, 182], "summary": {"covered_lines": 12, "num_statements": 21, "percent_covered": 57.142857142857146, "percent_covered_display": "57", "missing_lines": 9, "excluded_lines": 0, "percent_statements_covered": 57.142857142857146, "percent_statements_covered_display": "57"}, "missing_lines": [163, 164, 165, 166, 167, 185, 186, 188, 190], "excluded_lines": []}, "get_version_info": {"executed_lines": [], "summary": {"covered_lines": 0, "num_statements": 3, "percent_covered": 0.0, "percent_covered_display": "0", "missing_lines": 3, "excluded_lines": 0, "percent_statements_covered": 0.0, "percent_statements_covered_display": "0"}, "missing_lines": [200, 201, 203], "excluded_lines": []}, "bump_version": {"executed_lines": [], "summary": {"covered_lines": 0, "num_statements": 6, "percent_covered": 0.0, "percent_covered_display": "0", "missing_lines": 6, "excluded_lines": 0, "percent_statements_covered": 0.0, "percent_statements_covered_display": "0"}, "missing_lines": [229, 231, 232, 233, 234, 236], "excluded_lines": []}, "update_base_version": {"executed_lines": [], "summary": {"covered_lines": 0, "num_statements": 7, "percent_covered": 0.0, "percent_covered_display": "0", "missing_lines": 7, "excluded_lines": 0, "percent_statements_covered": 0.0, "percent_statements_covered_display": "0"}, "missing_lines": [249, 250, 253, 255, 256, 257, 259], "excluded_lines": []}, "generate_release_notes": {"executed_lines": [], "summary": {"covered_lines": 0, "num_statements": 43, "percent_covered": 0.0, "percent_covered_display": "0", "missing_lines": 43, "excluded_lines": 0, "percent_statements_covered": 0.0, "percent_statements_covered_display": "0"}, "missing_lines": [272, 274, 276, 277, 283, 284, 287, 288, 290, 292, 294, 295, 298, 312, 313, 314, 315, 316, 317, 318, 321, 322, 323, 324, 326, 328, 329, 330, 331, 333, 334, 337, 339, 340, 341, 342, 343, 344, 347, 348, 350, 351, 353], "excluded_lines": []}, "create_release": {"executed_lines": [], "summary": {"covered_lines": 0, "num_statements": 33, "percent_covered": 0.0, "percent_covered_display": "0", "missing_lines": 33, "excluded_lines": 0, "percent_statements_covered": 0.0, "percent_statements_covered_display": "0"}, "missing_lines": [372, 380, 382, 383, 384, 385, 386, 388, 389, 391, 393, 394, 397, 398, 401, 402, 403, 404, 406, 409, 411, 412, 417, 420, 426, 427, 429, 430, 432, 434, 436, 437, 439], "excluded_lines": []}, "": {"executed_lines": [1, 19, 20, 21, 22, 23, 24, 25, 29, 32, 37, 94, 117, 146, 193, 219, 239, 262, 356, 443, 447], "summary": {"covered_lines": 20, "num_statements": 48, "percent_covered": 41.666666666666664, "percent_covered_display": "42", "missing_lines": 28, "excluded_lines": 0, "percent_statements_covered": 41.666666666666664, "percent_statements_covered_display": "42"}, "missing_lines": [448, 449, 451, 452, 453, 454, 455, 456, 457, 458, 460, 462, 463, 464, 465, 466, 467, 468, 469, 470, 471, 472, 474, 475, 476, 477, 478, 480], "excluded_lines": []}}, "classes": {"": {"executed_lines": [1, 19, 20, 21, 22, 23, 24, 25, 29, 32, 34, 37, 44, 52, 54, 55, 59, 60, 61, 64, 65, 66, 69, 70, 71, 74, 77, 81, 82, 84, 85, 86, 91, 94, 117, 125, 126, 130, 131, 137, 143, 146, 156, 157, 159, 162, 170, 171, 172, 175, 176, 179, 180, 182, 193, 219, 239, 262, 356, 443, 447], "summary": {"covered_lines": 60, "num_statements": 205, "percent_covered": 29.26829268292683, "percent_covered_display": "29", "missing_lines": 145, "excluded_lines": 0, "percent_statements_covered": 29.26829268292683, "percent_statements_covered_display": "29"}, "missing_lines": [56, 78, 88, 89, 104, 105, 108, 111, 112, 114, 127, 132, 133, 134, 139, 140, 163, 164, 165, 166, 167, 185, 186, 188, 190, 200, 201, 203, 229, 231, 232, 233, 234, 236, 249, 250, 253, 255, 256, 257, 259, 272, 274, 276, 277, 283, 284, 287, 288, 290, 292, 294, 295, 298, 312, 313, 314, 315, 316, 317, 318, 321, 322, 323, 324, 326, 328, 329, 330, 331, 333, 334, 337, 339, 340, 341, 342, 343, 344, 347, 348, 350, 351, 353, 372, 380, 382, 383, 384, 385, 386, 388, 389, 391, 393, 394, 397, 398, 401, 402, 403, 404, 406, 409, 411, 412, 417, 420, 426, 427, 429, 430, 432, 434, 436, 437, 439, 448, 449, 451, 452, 453, 454, 455, 456, 457, 458, 460, 462, 463, 464, 465, 466, 467, 468, 469, 470, 471, 472, 474, 475, 476, 477, 478, 480], "excluded_lines": []}}}}, "totals": {"covered_lines": 3634, "num_statements": 12498, "percent_covered": 29.0766522643623, "percent_covered_display": "29", "missing_lines": 8864, "excluded_lines": 14, "percent_statements_covered": 29.0766522643623, "percent_statements_covered_display": "29"}}